INFO - 2024-03-04 14:10:12 --> Session: Class initialized using 'CodeIgniter\Session\Handlers\FileHandler' driver.
INFO - 2024-03-04 14:10:13 --> Session: Class initialized using 'CodeIgniter\Session\Handlers\FileHandler' driver.
ERROR - 2024-03-04 14:10:13 --> mysqli_sql_exception: You have an error in your SQL syntax; check the manual that corresponds to your MySQL server version for the right syntax to use near 'IS NULL' at line 7 in /Applications/MAMP/htdocs/icbt/system/Database/MySQLi/Connection.php:306
Stack trace:
#0 /Applications/MAMP/htdocs/icbt/system/Database/MySQLi/Connection.php(306): mysqli->query('SELECT COUNT(*)...', 0)
#1 /Applications/MAMP/htdocs/icbt/system/Database/BaseConnection.php(693): CodeIgniter\Database\MySQLi\Connection->execute('SELECT COUNT(*)...')
#2 /Applications/MAMP/htdocs/icbt/system/Database/BaseConnection.php(607): CodeIgniter\Database\BaseConnection->simpleQuery('SELECT COUNT(*)...')
#3 /Applications/MAMP/htdocs/icbt/system/Database/BaseBuilder.php(1700): CodeIgniter\Database\BaseConnection->query('SELECT COUNT(*)...', Array, false)
#4 /Applications/MAMP/htdocs/icbt/app/Models/UserModel.php(56): CodeIgniter\Database\BaseBuilder->countAllResults(false)
#5 /Applications/MAMP/htdocs/icbt/app/Controllers/User.php(44): App\Models\UserModel->getAllAuthUsers(Array)
#6 /Applications/MAMP/htdocs/icbt/system/CodeIgniter.php(941): App\Controllers\User->allUsersData()
#7 /Applications/MAMP/htdocs/icbt/system/CodeIgniter.php(502): CodeIgniter\CodeIgniter->runController(Object(App\Controllers\User))
#8 /Applications/MAMP/htdocs/icbt/system/CodeIgniter.php(361): CodeIgniter\CodeIgniter->handleRequest(NULL, Object(Config\Cache), false)
#9 /Applications/MAMP/htdocs/icbt/public/index.php(79): CodeIgniter\CodeIgniter->run()
#10 {main}
CRITICAL - 2024-03-04 14:10:13 --> CodeIgniter\Database\Exceptions\DatabaseException: You have an error in your SQL syntax; check the manual that corresponds to your MySQL server version for the right syntax to use near 'IS NULL' at line 7
in SYSTEMPATH/Database/BaseConnection.php on line 647.
 1 SYSTEMPATH/Database/BaseBuilder.php(1700): CodeIgniter\Database\BaseConnection->query('SELECT COUNT(*) AS `numrows`
FROM `users`
JOIN `user_roles` ON `user_roles`.`user_id` = `users`.`id`
JOIN `roles` ON `roles`.`id` = `user_roles`.`role_id`
WHERE `roles`.`name` IN ("admin", "manager")
AND `users`.`id` IS NOT NULL
AND  IS NULL', [], false)
 2 APPPATH/Models/UserModel.php(56): CodeIgniter\Database\BaseBuilder->countAllResults(false)
 3 APPPATH/Controllers/User.php(44): App\Models\UserModel->getAllAuthUsers([...])
 4 SYSTEMPATH/CodeIgniter.php(941): App\Controllers\User->allUsersData()
 5 SYSTEMPATH/CodeIgniter.php(502): CodeIgniter\CodeIgniter->runController(Object(App\Controllers\User))
 6 SYSTEMPATH/CodeIgniter.php(361): CodeIgniter\CodeIgniter->handleRequest(null, Object(Config\Cache), false)
 7 FCPATH/index.php(79): CodeIgniter\CodeIgniter->run()
CRITICAL - 2024-03-04 14:10:13 --> [Caused by] CodeIgniter\Database\Exceptions\DatabaseException: You have an error in your SQL syntax; check the manual that corresponds to your MySQL server version for the right syntax to use near 'IS NULL' at line 7
in SYSTEMPATH/Database/MySQLi/Connection.php on line 311.
 1 SYSTEMPATH/Database/BaseConnection.php(693): CodeIgniter\Database\MySQLi\Connection->execute('SELECT COUNT(*) AS `numrows`
FROM `users`
JOIN `user_roles` ON `user_roles`.`user_id` = `users`.`id`
JOIN `roles` ON `roles`.`id` = `user_roles`.`role_id`
WHERE `roles`.`name` IN ("admin", "manager")
AND `users`.`id` IS NOT NULL
AND  IS NULL')
 2 SYSTEMPATH/Database/BaseConnection.php(607): CodeIgniter\Database\BaseConnection->simpleQuery('SELECT COUNT(*) AS `numrows`
FROM `users`
JOIN `user_roles` ON `user_roles`.`user_id` = `users`.`id`
JOIN `roles` ON `roles`.`id` = `user_roles`.`role_id`
WHERE `roles`.`name` IN ("admin", "manager")
AND `users`.`id` IS NOT NULL
AND  IS NULL')
 3 SYSTEMPATH/Database/BaseBuilder.php(1700): CodeIgniter\Database\BaseConnection->query('SELECT COUNT(*) AS `numrows`
FROM `users`
JOIN `user_roles` ON `user_roles`.`user_id` = `users`.`id`
JOIN `roles` ON `roles`.`id` = `user_roles`.`role_id`
WHERE `roles`.`name` IN ("admin", "manager")
AND `users`.`id` IS NOT NULL
AND  IS NULL', [], false)
 4 APPPATH/Models/UserModel.php(56): CodeIgniter\Database\BaseBuilder->countAllResults(false)
 5 APPPATH/Controllers/User.php(44): App\Models\UserModel->getAllAuthUsers([...])
 6 SYSTEMPATH/CodeIgniter.php(941): App\Controllers\User->allUsersData()
 7 SYSTEMPATH/CodeIgniter.php(502): CodeIgniter\CodeIgniter->runController(Object(App\Controllers\User))
 8 SYSTEMPATH/CodeIgniter.php(361): CodeIgniter\CodeIgniter->handleRequest(null, Object(Config\Cache), false)
 9 FCPATH/index.php(79): CodeIgniter\CodeIgniter->run()
CRITICAL - 2024-03-04 14:10:13 --> [Caused by] mysqli_sql_exception: You have an error in your SQL syntax; check the manual that corresponds to your MySQL server version for the right syntax to use near 'IS NULL' at line 7
in SYSTEMPATH/Database/MySQLi/Connection.php on line 306.
 1 SYSTEMPATH/Database/MySQLi/Connection.php(306): mysqli->query('SELECT COUNT(*) AS `numrows`
FROM `users`
JOIN `user_roles` ON `user_roles`.`user_id` = `users`.`id`
JOIN `roles` ON `roles`.`id` = `user_roles`.`role_id`
WHERE `roles`.`name` IN ("admin", "manager")
AND `users`.`id` IS NOT NULL
AND  IS NULL', 0)
 2 SYSTEMPATH/Database/BaseConnection.php(693): CodeIgniter\Database\MySQLi\Connection->execute('SELECT COUNT(*) AS `numrows`
FROM `users`
JOIN `user_roles` ON `user_roles`.`user_id` = `users`.`id`
JOIN `roles` ON `roles`.`id` = `user_roles`.`role_id`
WHERE `roles`.`name` IN ("admin", "manager")
AND `users`.`id` IS NOT NULL
AND  IS NULL')
 3 SYSTEMPATH/Database/BaseConnection.php(607): CodeIgniter\Database\BaseConnection->simpleQuery('SELECT COUNT(*) AS `numrows`
FROM `users`
JOIN `user_roles` ON `user_roles`.`user_id` = `users`.`id`
JOIN `roles` ON `roles`.`id` = `user_roles`.`role_id`
WHERE `roles`.`name` IN ("admin", "manager")
AND `users`.`id` IS NOT NULL
AND  IS NULL')
 4 SYSTEMPATH/Database/BaseBuilder.php(1700): CodeIgniter\Database\BaseConnection->query('SELECT COUNT(*) AS `numrows`
FROM `users`
JOIN `user_roles` ON `user_roles`.`user_id` = `users`.`id`
JOIN `roles` ON `roles`.`id` = `user_roles`.`role_id`
WHERE `roles`.`name` IN ("admin", "manager")
AND `users`.`id` IS NOT NULL
AND  IS NULL', [], false)
 5 APPPATH/Models/UserModel.php(56): CodeIgniter\Database\BaseBuilder->countAllResults(false)
 6 APPPATH/Controllers/User.php(44): App\Models\UserModel->getAllAuthUsers([...])
 7 SYSTEMPATH/CodeIgniter.php(941): App\Controllers\User->allUsersData()
 8 SYSTEMPATH/CodeIgniter.php(502): CodeIgniter\CodeIgniter->runController(Object(App\Controllers\User))
 9 SYSTEMPATH/CodeIgniter.php(361): CodeIgniter\CodeIgniter->handleRequest(null, Object(Config\Cache), false)
10 FCPATH/index.php(79): CodeIgniter\CodeIgniter->run()
INFO - 2024-03-04 14:11:18 --> Session: Class initialized using 'CodeIgniter\Session\Handlers\FileHandler' driver.
INFO - 2024-03-04 14:11:18 --> Session: Class initialized using 'CodeIgniter\Session\Handlers\FileHandler' driver.
ERROR - 2024-03-04 14:11:18 --> mysqli_sql_exception: You have an error in your SQL syntax; check the manual that corresponds to your MySQL server version for the right syntax to use near 'IS NULL' at line 7 in /Applications/MAMP/htdocs/icbt/system/Database/MySQLi/Connection.php:306
Stack trace:
#0 /Applications/MAMP/htdocs/icbt/system/Database/MySQLi/Connection.php(306): mysqli->query('SELECT COUNT(*)...', 0)
#1 /Applications/MAMP/htdocs/icbt/system/Database/BaseConnection.php(693): CodeIgniter\Database\MySQLi\Connection->execute('SELECT COUNT(*)...')
#2 /Applications/MAMP/htdocs/icbt/system/Database/BaseConnection.php(607): CodeIgniter\Database\BaseConnection->simpleQuery('SELECT COUNT(*)...')
#3 /Applications/MAMP/htdocs/icbt/system/Database/BaseBuilder.php(1700): CodeIgniter\Database\BaseConnection->query('SELECT COUNT(*)...', Array, false)
#4 /Applications/MAMP/htdocs/icbt/app/Models/UserModel.php(58): CodeIgniter\Database\BaseBuilder->countAllResults(false)
#5 /Applications/MAMP/htdocs/icbt/app/Controllers/User.php(44): App\Models\UserModel->getAllAuthUsers(Array)
#6 /Applications/MAMP/htdocs/icbt/system/CodeIgniter.php(941): App\Controllers\User->allUsersData()
#7 /Applications/MAMP/htdocs/icbt/system/CodeIgniter.php(502): CodeIgniter\CodeIgniter->runController(Object(App\Controllers\User))
#8 /Applications/MAMP/htdocs/icbt/system/CodeIgniter.php(361): CodeIgniter\CodeIgniter->handleRequest(NULL, Object(Config\Cache), false)
#9 /Applications/MAMP/htdocs/icbt/public/index.php(79): CodeIgniter\CodeIgniter->run()
#10 {main}
CRITICAL - 2024-03-04 14:11:18 --> CodeIgniter\Database\Exceptions\DatabaseException: You have an error in your SQL syntax; check the manual that corresponds to your MySQL server version for the right syntax to use near 'IS NULL' at line 7
in SYSTEMPATH/Database/BaseConnection.php on line 647.
 1 SYSTEMPATH/Database/BaseBuilder.php(1700): CodeIgniter\Database\BaseConnection->query('SELECT COUNT(*) AS `numrows`
FROM `users`
JOIN `user_roles` ON `user_roles`.`user_id` = `users`.`id`
JOIN `roles` ON `roles`.`id` = `user_roles`.`role_id`
WHERE `roles`.`name` IN ("admin", "manager")
AND `users`.`id` IS NOT NULL
AND  IS NULL', [], false)
 2 APPPATH/Models/UserModel.php(58): CodeIgniter\Database\BaseBuilder->countAllResults(false)
 3 APPPATH/Controllers/User.php(44): App\Models\UserModel->getAllAuthUsers([...])
 4 SYSTEMPATH/CodeIgniter.php(941): App\Controllers\User->allUsersData()
 5 SYSTEMPATH/CodeIgniter.php(502): CodeIgniter\CodeIgniter->runController(Object(App\Controllers\User))
 6 SYSTEMPATH/CodeIgniter.php(361): CodeIgniter\CodeIgniter->handleRequest(null, Object(Config\Cache), false)
 7 FCPATH/index.php(79): CodeIgniter\CodeIgniter->run()
CRITICAL - 2024-03-04 14:11:18 --> [Caused by] CodeIgniter\Database\Exceptions\DatabaseException: You have an error in your SQL syntax; check the manual that corresponds to your MySQL server version for the right syntax to use near 'IS NULL' at line 7
in SYSTEMPATH/Database/MySQLi/Connection.php on line 311.
 1 SYSTEMPATH/Database/BaseConnection.php(693): CodeIgniter\Database\MySQLi\Connection->execute('SELECT COUNT(*) AS `numrows`
FROM `users`
JOIN `user_roles` ON `user_roles`.`user_id` = `users`.`id`
JOIN `roles` ON `roles`.`id` = `user_roles`.`role_id`
WHERE `roles`.`name` IN ("admin", "manager")
AND `users`.`id` IS NOT NULL
AND  IS NULL')
 2 SYSTEMPATH/Database/BaseConnection.php(607): CodeIgniter\Database\BaseConnection->simpleQuery('SELECT COUNT(*) AS `numrows`
FROM `users`
JOIN `user_roles` ON `user_roles`.`user_id` = `users`.`id`
JOIN `roles` ON `roles`.`id` = `user_roles`.`role_id`
WHERE `roles`.`name` IN ("admin", "manager")
AND `users`.`id` IS NOT NULL
AND  IS NULL')
 3 SYSTEMPATH/Database/BaseBuilder.php(1700): CodeIgniter\Database\BaseConnection->query('SELECT COUNT(*) AS `numrows`
FROM `users`
JOIN `user_roles` ON `user_roles`.`user_id` = `users`.`id`
JOIN `roles` ON `roles`.`id` = `user_roles`.`role_id`
WHERE `roles`.`name` IN ("admin", "manager")
AND `users`.`id` IS NOT NULL
AND  IS NULL', [], false)
 4 APPPATH/Models/UserModel.php(58): CodeIgniter\Database\BaseBuilder->countAllResults(false)
 5 APPPATH/Controllers/User.php(44): App\Models\UserModel->getAllAuthUsers([...])
 6 SYSTEMPATH/CodeIgniter.php(941): App\Controllers\User->allUsersData()
 7 SYSTEMPATH/CodeIgniter.php(502): CodeIgniter\CodeIgniter->runController(Object(App\Controllers\User))
 8 SYSTEMPATH/CodeIgniter.php(361): CodeIgniter\CodeIgniter->handleRequest(null, Object(Config\Cache), false)
 9 FCPATH/index.php(79): CodeIgniter\CodeIgniter->run()
CRITICAL - 2024-03-04 14:11:18 --> [Caused by] mysqli_sql_exception: You have an error in your SQL syntax; check the manual that corresponds to your MySQL server version for the right syntax to use near 'IS NULL' at line 7
in SYSTEMPATH/Database/MySQLi/Connection.php on line 306.
 1 SYSTEMPATH/Database/MySQLi/Connection.php(306): mysqli->query('SELECT COUNT(*) AS `numrows`
FROM `users`
JOIN `user_roles` ON `user_roles`.`user_id` = `users`.`id`
JOIN `roles` ON `roles`.`id` = `user_roles`.`role_id`
WHERE `roles`.`name` IN ("admin", "manager")
AND `users`.`id` IS NOT NULL
AND  IS NULL', 0)
 2 SYSTEMPATH/Database/BaseConnection.php(693): CodeIgniter\Database\MySQLi\Connection->execute('SELECT COUNT(*) AS `numrows`
FROM `users`
JOIN `user_roles` ON `user_roles`.`user_id` = `users`.`id`
JOIN `roles` ON `roles`.`id` = `user_roles`.`role_id`
WHERE `roles`.`name` IN ("admin", "manager")
AND `users`.`id` IS NOT NULL
AND  IS NULL')
 3 SYSTEMPATH/Database/BaseConnection.php(607): CodeIgniter\Database\BaseConnection->simpleQuery('SELECT COUNT(*) AS `numrows`
FROM `users`
JOIN `user_roles` ON `user_roles`.`user_id` = `users`.`id`
JOIN `roles` ON `roles`.`id` = `user_roles`.`role_id`
WHERE `roles`.`name` IN ("admin", "manager")
AND `users`.`id` IS NOT NULL
AND  IS NULL')
 4 SYSTEMPATH/Database/BaseBuilder.php(1700): CodeIgniter\Database\BaseConnection->query('SELECT COUNT(*) AS `numrows`
FROM `users`
JOIN `user_roles` ON `user_roles`.`user_id` = `users`.`id`
JOIN `roles` ON `roles`.`id` = `user_roles`.`role_id`
WHERE `roles`.`name` IN ("admin", "manager")
AND `users`.`id` IS NOT NULL
AND  IS NULL', [], false)
 5 APPPATH/Models/UserModel.php(58): CodeIgniter\Database\BaseBuilder->countAllResults(false)
 6 APPPATH/Controllers/User.php(44): App\Models\UserModel->getAllAuthUsers([...])
 7 SYSTEMPATH/CodeIgniter.php(941): App\Controllers\User->allUsersData()
 8 SYSTEMPATH/CodeIgniter.php(502): CodeIgniter\CodeIgniter->runController(Object(App\Controllers\User))
 9 SYSTEMPATH/CodeIgniter.php(361): CodeIgniter\CodeIgniter->handleRequest(null, Object(Config\Cache), false)
10 FCPATH/index.php(79): CodeIgniter\CodeIgniter->run()
INFO - 2024-03-04 14:11:39 --> Session: Class initialized using 'CodeIgniter\Session\Handlers\FileHandler' driver.
CRITICAL - 2024-03-04 14:11:39 --> ErrorException: Undefined array key "draw"
in APPPATH/Models/UserModel.php on line 27.
 1 APPPATH/Models/UserModel.php(27): CodeIgniter\Debug\Exceptions->errorHandler(2, 'Undefined array key "draw"', '/Applications/MAMP/htdocs/icbt/app/Models/UserModel.php', 27)
 2 APPPATH/Controllers/User.php(44): App\Models\UserModel->getAllAuthUsers([])
 3 SYSTEMPATH/CodeIgniter.php(941): App\Controllers\User->allUsersData()
 4 SYSTEMPATH/CodeIgniter.php(502): CodeIgniter\CodeIgniter->runController(Object(App\Controllers\User))
 5 SYSTEMPATH/CodeIgniter.php(361): CodeIgniter\CodeIgniter->handleRequest(null, Object(Config\Cache), false)
 6 FCPATH/index.php(79): CodeIgniter\CodeIgniter->run()
INFO - 2024-03-04 14:12:46 --> Session: Class initialized using 'CodeIgniter\Session\Handlers\FileHandler' driver.
ERROR - 2024-03-04 14:12:46 --> mysqli_sql_exception: You have an error in your SQL syntax; check the manual that corresponds to your MySQL server version for the right syntax to use near 'IS NULL' at line 7 in /Applications/MAMP/htdocs/icbt/system/Database/MySQLi/Connection.php:306
Stack trace:
#0 /Applications/MAMP/htdocs/icbt/system/Database/MySQLi/Connection.php(306): mysqli->query('SELECT COUNT(*)...', 0)
#1 /Applications/MAMP/htdocs/icbt/system/Database/BaseConnection.php(693): CodeIgniter\Database\MySQLi\Connection->execute('SELECT COUNT(*)...')
#2 /Applications/MAMP/htdocs/icbt/system/Database/BaseConnection.php(607): CodeIgniter\Database\BaseConnection->simpleQuery('SELECT COUNT(*)...')
#3 /Applications/MAMP/htdocs/icbt/system/Database/BaseBuilder.php(1700): CodeIgniter\Database\BaseConnection->query('SELECT COUNT(*)...', Array, false)
#4 /Applications/MAMP/htdocs/icbt/app/Models/UserModel.php(67): CodeIgniter\Database\BaseBuilder->countAllResults(false)
#5 /Applications/MAMP/htdocs/icbt/app/Controllers/User.php(44): App\Models\UserModel->getAllAuthUsers(Array)
#6 /Applications/MAMP/htdocs/icbt/system/CodeIgniter.php(941): App\Controllers\User->allUsersData()
#7 /Applications/MAMP/htdocs/icbt/system/CodeIgniter.php(502): CodeIgniter\CodeIgniter->runController(Object(App\Controllers\User))
#8 /Applications/MAMP/htdocs/icbt/system/CodeIgniter.php(361): CodeIgniter\CodeIgniter->handleRequest(NULL, Object(Config\Cache), false)
#9 /Applications/MAMP/htdocs/icbt/public/index.php(79): CodeIgniter\CodeIgniter->run()
#10 {main}
CRITICAL - 2024-03-04 14:12:46 --> CodeIgniter\Database\Exceptions\DatabaseException: You have an error in your SQL syntax; check the manual that corresponds to your MySQL server version for the right syntax to use near 'IS NULL' at line 7
in SYSTEMPATH/Database/BaseConnection.php on line 647.
 1 SYSTEMPATH/Database/BaseBuilder.php(1700): CodeIgniter\Database\BaseConnection->query('SELECT COUNT(*) AS `numrows`
FROM `users`
JOIN `user_roles` ON `user_roles`.`user_id` = `users`.`id`
JOIN `roles` ON `roles`.`id` = `user_roles`.`role_id`
WHERE `roles`.`name` IN ("admin", "manager")
AND `users`.`id` IS NOT NULL
AND  IS NULL', [], false)
 2 APPPATH/Models/UserModel.php(67): CodeIgniter\Database\BaseBuilder->countAllResults(false)
 3 APPPATH/Controllers/User.php(44): App\Models\UserModel->getAllAuthUsers([])
 4 SYSTEMPATH/CodeIgniter.php(941): App\Controllers\User->allUsersData()
 5 SYSTEMPATH/CodeIgniter.php(502): CodeIgniter\CodeIgniter->runController(Object(App\Controllers\User))
 6 SYSTEMPATH/CodeIgniter.php(361): CodeIgniter\CodeIgniter->handleRequest(null, Object(Config\Cache), false)
 7 FCPATH/index.php(79): CodeIgniter\CodeIgniter->run()
CRITICAL - 2024-03-04 14:12:46 --> [Caused by] CodeIgniter\Database\Exceptions\DatabaseException: You have an error in your SQL syntax; check the manual that corresponds to your MySQL server version for the right syntax to use near 'IS NULL' at line 7
in SYSTEMPATH/Database/MySQLi/Connection.php on line 311.
 1 SYSTEMPATH/Database/BaseConnection.php(693): CodeIgniter\Database\MySQLi\Connection->execute('SELECT COUNT(*) AS `numrows`
FROM `users`
JOIN `user_roles` ON `user_roles`.`user_id` = `users`.`id`
JOIN `roles` ON `roles`.`id` = `user_roles`.`role_id`
WHERE `roles`.`name` IN ("admin", "manager")
AND `users`.`id` IS NOT NULL
AND  IS NULL')
 2 SYSTEMPATH/Database/BaseConnection.php(607): CodeIgniter\Database\BaseConnection->simpleQuery('SELECT COUNT(*) AS `numrows`
FROM `users`
JOIN `user_roles` ON `user_roles`.`user_id` = `users`.`id`
JOIN `roles` ON `roles`.`id` = `user_roles`.`role_id`
WHERE `roles`.`name` IN ("admin", "manager")
AND `users`.`id` IS NOT NULL
AND  IS NULL')
 3 SYSTEMPATH/Database/BaseBuilder.php(1700): CodeIgniter\Database\BaseConnection->query('SELECT COUNT(*) AS `numrows`
FROM `users`
JOIN `user_roles` ON `user_roles`.`user_id` = `users`.`id`
JOIN `roles` ON `roles`.`id` = `user_roles`.`role_id`
WHERE `roles`.`name` IN ("admin", "manager")
AND `users`.`id` IS NOT NULL
AND  IS NULL', [], false)
 4 APPPATH/Models/UserModel.php(67): CodeIgniter\Database\BaseBuilder->countAllResults(false)
 5 APPPATH/Controllers/User.php(44): App\Models\UserModel->getAllAuthUsers([])
 6 SYSTEMPATH/CodeIgniter.php(941): App\Controllers\User->allUsersData()
 7 SYSTEMPATH/CodeIgniter.php(502): CodeIgniter\CodeIgniter->runController(Object(App\Controllers\User))
 8 SYSTEMPATH/CodeIgniter.php(361): CodeIgniter\CodeIgniter->handleRequest(null, Object(Config\Cache), false)
 9 FCPATH/index.php(79): CodeIgniter\CodeIgniter->run()
CRITICAL - 2024-03-04 14:12:46 --> [Caused by] mysqli_sql_exception: You have an error in your SQL syntax; check the manual that corresponds to your MySQL server version for the right syntax to use near 'IS NULL' at line 7
in SYSTEMPATH/Database/MySQLi/Connection.php on line 306.
 1 SYSTEMPATH/Database/MySQLi/Connection.php(306): mysqli->query('SELECT COUNT(*) AS `numrows`
FROM `users`
JOIN `user_roles` ON `user_roles`.`user_id` = `users`.`id`
JOIN `roles` ON `roles`.`id` = `user_roles`.`role_id`
WHERE `roles`.`name` IN ("admin", "manager")
AND `users`.`id` IS NOT NULL
AND  IS NULL', 0)
 2 SYSTEMPATH/Database/BaseConnection.php(693): CodeIgniter\Database\MySQLi\Connection->execute('SELECT COUNT(*) AS `numrows`
FROM `users`
JOIN `user_roles` ON `user_roles`.`user_id` = `users`.`id`
JOIN `roles` ON `roles`.`id` = `user_roles`.`role_id`
WHERE `roles`.`name` IN ("admin", "manager")
AND `users`.`id` IS NOT NULL
AND  IS NULL')
 3 SYSTEMPATH/Database/BaseConnection.php(607): CodeIgniter\Database\BaseConnection->simpleQuery('SELECT COUNT(*) AS `numrows`
FROM `users`
JOIN `user_roles` ON `user_roles`.`user_id` = `users`.`id`
JOIN `roles` ON `roles`.`id` = `user_roles`.`role_id`
WHERE `roles`.`name` IN ("admin", "manager")
AND `users`.`id` IS NOT NULL
AND  IS NULL')
 4 SYSTEMPATH/Database/BaseBuilder.php(1700): CodeIgniter\Database\BaseConnection->query('SELECT COUNT(*) AS `numrows`
FROM `users`
JOIN `user_roles` ON `user_roles`.`user_id` = `users`.`id`
JOIN `roles` ON `roles`.`id` = `user_roles`.`role_id`
WHERE `roles`.`name` IN ("admin", "manager")
AND `users`.`id` IS NOT NULL
AND  IS NULL', [], false)
 5 APPPATH/Models/UserModel.php(67): CodeIgniter\Database\BaseBuilder->countAllResults(false)
 6 APPPATH/Controllers/User.php(44): App\Models\UserModel->getAllAuthUsers([])
 7 SYSTEMPATH/CodeIgniter.php(941): App\Controllers\User->allUsersData()
 8 SYSTEMPATH/CodeIgniter.php(502): CodeIgniter\CodeIgniter->runController(Object(App\Controllers\User))
 9 SYSTEMPATH/CodeIgniter.php(361): CodeIgniter\CodeIgniter->handleRequest(null, Object(Config\Cache), false)
10 FCPATH/index.php(79): CodeIgniter\CodeIgniter->run()
INFO - 2024-03-04 14:19:32 --> Session: Class initialized using 'CodeIgniter\Session\Handlers\FileHandler' driver.
CRITICAL - 2024-03-04 14:19:32 --> TypeError: CodeIgniter\Database\BaseBuilder::orderBy(): Argument #1 ($orderBy) must be of type string, null given, called in /Applications/MAMP/htdocs/icbt/app/Models/UserModel.php on line 66
in SYSTEMPATH/Database/BaseBuilder.php on line 1438.
 1 APPPATH/Models/UserModel.php(66): CodeIgniter\Database\BaseBuilder->orderBy(null, null)
 2 APPPATH/Controllers/User.php(44): App\Models\UserModel->getAllAuthUsers([])
 3 SYSTEMPATH/CodeIgniter.php(941): App\Controllers\User->allUsersData()
 4 SYSTEMPATH/CodeIgniter.php(502): CodeIgniter\CodeIgniter->runController(Object(App\Controllers\User))
 5 SYSTEMPATH/CodeIgniter.php(361): CodeIgniter\CodeIgniter->handleRequest(null, Object(Config\Cache), false)
 6 FCPATH/index.php(79): CodeIgniter\CodeIgniter->run()
INFO - 2024-03-04 14:20:29 --> Session: Class initialized using 'CodeIgniter\Session\Handlers\FileHandler' driver.
ERROR - 2024-03-04 14:20:29 --> mysqli_sql_exception: Unknown column '0' in 'order clause' in /Applications/MAMP/htdocs/icbt/system/Database/MySQLi/Connection.php:306
Stack trace:
#0 /Applications/MAMP/htdocs/icbt/system/Database/MySQLi/Connection.php(306): mysqli->query('SELECT `users`....', 0)
#1 /Applications/MAMP/htdocs/icbt/system/Database/BaseConnection.php(693): CodeIgniter\Database\MySQLi\Connection->execute('SELECT `users`....')
#2 /Applications/MAMP/htdocs/icbt/system/Database/BaseConnection.php(607): CodeIgniter\Database\BaseConnection->simpleQuery('SELECT `users`....')
#3 /Applications/MAMP/htdocs/icbt/system/Database/BaseBuilder.php(1616): CodeIgniter\Database\BaseConnection->query('SELECT `users`....', Array, false)
#4 /Applications/MAMP/htdocs/icbt/app/Models/UserModel.php(74): CodeIgniter\Database\BaseBuilder->get()
#5 /Applications/MAMP/htdocs/icbt/app/Controllers/User.php(44): App\Models\UserModel->getAllAuthUsers(Array)
#6 /Applications/MAMP/htdocs/icbt/system/CodeIgniter.php(941): App\Controllers\User->allUsersData()
#7 /Applications/MAMP/htdocs/icbt/system/CodeIgniter.php(502): CodeIgniter\CodeIgniter->runController(Object(App\Controllers\User))
#8 /Applications/MAMP/htdocs/icbt/system/CodeIgniter.php(361): CodeIgniter\CodeIgniter->handleRequest(NULL, Object(Config\Cache), false)
#9 /Applications/MAMP/htdocs/icbt/public/index.php(79): CodeIgniter\CodeIgniter->run()
#10 {main}
CRITICAL - 2024-03-04 14:20:29 --> CodeIgniter\Database\Exceptions\DatabaseException: Unknown column '0' in 'order clause'
in SYSTEMPATH/Database/BaseConnection.php on line 647.
 1 SYSTEMPATH/Database/BaseBuilder.php(1616): CodeIgniter\Database\BaseConnection->query('SELECT `users`.`id`, `users`.`nic`, `users`.`username`, `users`.`first_name`, `users`.`last_name`, `users`.`gender`, `users`.`phone`, `users`.`last_login`, `users`.`active`, `roles`.`name` as `role_name`
FROM `users`
JOIN `user_roles` ON `user_roles`.`user_id` = `users`.`id`
JOIN `roles` ON `roles`.`id` = `user_roles`.`role_id`
WHERE `roles`.`name` IN ("admin", "manager")
ORDER BY 0 ASC', [], false)
 2 APPPATH/Models/UserModel.php(74): CodeIgniter\Database\BaseBuilder->get()
 3 APPPATH/Controllers/User.php(44): App\Models\UserModel->getAllAuthUsers([])
 4 SYSTEMPATH/CodeIgniter.php(941): App\Controllers\User->allUsersData()
 5 SYSTEMPATH/CodeIgniter.php(502): CodeIgniter\CodeIgniter->runController(Object(App\Controllers\User))
 6 SYSTEMPATH/CodeIgniter.php(361): CodeIgniter\CodeIgniter->handleRequest(null, Object(Config\Cache), false)
 7 FCPATH/index.php(79): CodeIgniter\CodeIgniter->run()
CRITICAL - 2024-03-04 14:20:29 --> [Caused by] CodeIgniter\Database\Exceptions\DatabaseException: Unknown column '0' in 'order clause'
in SYSTEMPATH/Database/MySQLi/Connection.php on line 311.
 1 SYSTEMPATH/Database/BaseConnection.php(693): CodeIgniter\Database\MySQLi\Connection->execute('SELECT `users`.`id`, `users`.`nic`, `users`.`username`, `users`.`first_name`, `users`.`last_name`, `users`.`gender`, `users`.`phone`, `users`.`last_login`, `users`.`active`, `roles`.`name` as `role_name`
FROM `users`
JOIN `user_roles` ON `user_roles`.`user_id` = `users`.`id`
JOIN `roles` ON `roles`.`id` = `user_roles`.`role_id`
WHERE `roles`.`name` IN ("admin", "manager")
ORDER BY 0 ASC')
 2 SYSTEMPATH/Database/BaseConnection.php(607): CodeIgniter\Database\BaseConnection->simpleQuery('SELECT `users`.`id`, `users`.`nic`, `users`.`username`, `users`.`first_name`, `users`.`last_name`, `users`.`gender`, `users`.`phone`, `users`.`last_login`, `users`.`active`, `roles`.`name` as `role_name`
FROM `users`
JOIN `user_roles` ON `user_roles`.`user_id` = `users`.`id`
JOIN `roles` ON `roles`.`id` = `user_roles`.`role_id`
WHERE `roles`.`name` IN ("admin", "manager")
ORDER BY 0 ASC')
 3 SYSTEMPATH/Database/BaseBuilder.php(1616): CodeIgniter\Database\BaseConnection->query('SELECT `users`.`id`, `users`.`nic`, `users`.`username`, `users`.`first_name`, `users`.`last_name`, `users`.`gender`, `users`.`phone`, `users`.`last_login`, `users`.`active`, `roles`.`name` as `role_name`
FROM `users`
JOIN `user_roles` ON `user_roles`.`user_id` = `users`.`id`
JOIN `roles` ON `roles`.`id` = `user_roles`.`role_id`
WHERE `roles`.`name` IN ("admin", "manager")
ORDER BY 0 ASC', [], false)
 4 APPPATH/Models/UserModel.php(74): CodeIgniter\Database\BaseBuilder->get()
 5 APPPATH/Controllers/User.php(44): App\Models\UserModel->getAllAuthUsers([])
 6 SYSTEMPATH/CodeIgniter.php(941): App\Controllers\User->allUsersData()
 7 SYSTEMPATH/CodeIgniter.php(502): CodeIgniter\CodeIgniter->runController(Object(App\Controllers\User))
 8 SYSTEMPATH/CodeIgniter.php(361): CodeIgniter\CodeIgniter->handleRequest(null, Object(Config\Cache), false)
 9 FCPATH/index.php(79): CodeIgniter\CodeIgniter->run()
CRITICAL - 2024-03-04 14:20:29 --> [Caused by] mysqli_sql_exception: Unknown column '0' in 'order clause'
in SYSTEMPATH/Database/MySQLi/Connection.php on line 306.
 1 SYSTEMPATH/Database/MySQLi/Connection.php(306): mysqli->query('SELECT `users`.`id`, `users`.`nic`, `users`.`username`, `users`.`first_name`, `users`.`last_name`, `users`.`gender`, `users`.`phone`, `users`.`last_login`, `users`.`active`, `roles`.`name` as `role_name`
FROM `users`
JOIN `user_roles` ON `user_roles`.`user_id` = `users`.`id`
JOIN `roles` ON `roles`.`id` = `user_roles`.`role_id`
WHERE `roles`.`name` IN ("admin", "manager")
ORDER BY 0 ASC', 0)
 2 SYSTEMPATH/Database/BaseConnection.php(693): CodeIgniter\Database\MySQLi\Connection->execute('SELECT `users`.`id`, `users`.`nic`, `users`.`username`, `users`.`first_name`, `users`.`last_name`, `users`.`gender`, `users`.`phone`, `users`.`last_login`, `users`.`active`, `roles`.`name` as `role_name`
FROM `users`
JOIN `user_roles` ON `user_roles`.`user_id` = `users`.`id`
JOIN `roles` ON `roles`.`id` = `user_roles`.`role_id`
WHERE `roles`.`name` IN ("admin", "manager")
ORDER BY 0 ASC')
 3 SYSTEMPATH/Database/BaseConnection.php(607): CodeIgniter\Database\BaseConnection->simpleQuery('SELECT `users`.`id`, `users`.`nic`, `users`.`username`, `users`.`first_name`, `users`.`last_name`, `users`.`gender`, `users`.`phone`, `users`.`last_login`, `users`.`active`, `roles`.`name` as `role_name`
FROM `users`
JOIN `user_roles` ON `user_roles`.`user_id` = `users`.`id`
JOIN `roles` ON `roles`.`id` = `user_roles`.`role_id`
WHERE `roles`.`name` IN ("admin", "manager")
ORDER BY 0 ASC')
 4 SYSTEMPATH/Database/BaseBuilder.php(1616): CodeIgniter\Database\BaseConnection->query('SELECT `users`.`id`, `users`.`nic`, `users`.`username`, `users`.`first_name`, `users`.`last_name`, `users`.`gender`, `users`.`phone`, `users`.`last_login`, `users`.`active`, `roles`.`name` as `role_name`
FROM `users`
JOIN `user_roles` ON `user_roles`.`user_id` = `users`.`id`
JOIN `roles` ON `roles`.`id` = `user_roles`.`role_id`
WHERE `roles`.`name` IN ("admin", "manager")
ORDER BY 0 ASC', [], false)
 5 APPPATH/Models/UserModel.php(74): CodeIgniter\Database\BaseBuilder->get()
 6 APPPATH/Controllers/User.php(44): App\Models\UserModel->getAllAuthUsers([])
 7 SYSTEMPATH/CodeIgniter.php(941): App\Controllers\User->allUsersData()
 8 SYSTEMPATH/CodeIgniter.php(502): CodeIgniter\CodeIgniter->runController(Object(App\Controllers\User))
 9 SYSTEMPATH/CodeIgniter.php(361): CodeIgniter\CodeIgniter->handleRequest(null, Object(Config\Cache), false)
10 FCPATH/index.php(79): CodeIgniter\CodeIgniter->run()
INFO - 2024-03-04 14:21:01 --> Session: Class initialized using 'CodeIgniter\Session\Handlers\FileHandler' driver.
INFO - 2024-03-04 14:21:23 --> Session: Class initialized using 'CodeIgniter\Session\Handlers\FileHandler' driver.
INFO - 2024-03-04 14:21:24 --> Session: Class initialized using 'CodeIgniter\Session\Handlers\FileHandler' driver.
CRITICAL - 2024-03-04 14:21:24 --> ErrorException: Undefined property: stdClass::$full_name
in APPPATH/Models/UserModel.php on line 82.
 1 APPPATH/Models/UserModel.php(82): CodeIgniter\Debug\Exceptions->errorHandler(2, 'Undefined property: stdClass::$full_name', '/Applications/MAMP/htdocs/icbt/app/Models/UserModel.php', 82)
 2 APPPATH/Controllers/User.php(44): App\Models\UserModel->getAllAuthUsers([...])
 3 SYSTEMPATH/CodeIgniter.php(941): App\Controllers\User->allUsersData()
 4 SYSTEMPATH/CodeIgniter.php(502): CodeIgniter\CodeIgniter->runController(Object(App\Controllers\User))
 5 SYSTEMPATH/CodeIgniter.php(361): CodeIgniter\CodeIgniter->handleRequest(null, Object(Config\Cache), false)
 6 FCPATH/index.php(79): CodeIgniter\CodeIgniter->run()
INFO - 2024-03-04 14:21:43 --> Session: Class initialized using 'CodeIgniter\Session\Handlers\FileHandler' driver.
INFO - 2024-03-04 14:21:43 --> Session: Class initialized using 'CodeIgniter\Session\Handlers\FileHandler' driver.
INFO - 2024-03-04 14:22:13 --> Session: Class initialized using 'CodeIgniter\Session\Handlers\FileHandler' driver.
CRITICAL - 2024-03-04 14:22:13 --> ParseError: syntax error, unexpected token "if"
in APPPATH/Models/UserModel.php on line 58.
 1 SYSTEMPATH/Autoloader/Autoloader.php(290): CodeIgniter\Autoloader\Autoloader->includeFile('/Applications/MAMP/htdocs/icbt/app/Models/UserModel.php')
 2 SYSTEMPATH/Autoloader/Autoloader.php(266): CodeIgniter\Autoloader\Autoloader->loadInNamespace('App\\Models\\UserModel')
 3 APPPATH/Controllers/User.php(27): CodeIgniter\Autoloader\Autoloader->loadClass('App\\Models\\UserModel')
 4 SYSTEMPATH/CodeIgniter.php(913): App\Controllers\User->__construct()
 5 SYSTEMPATH/CodeIgniter.php(493): CodeIgniter\CodeIgniter->createController()
 6 SYSTEMPATH/CodeIgniter.php(361): CodeIgniter\CodeIgniter->handleRequest(null, Object(Config\Cache), false)
 7 FCPATH/index.php(79): CodeIgniter\CodeIgniter->run()
INFO - 2024-03-04 14:22:40 --> Session: Class initialized using 'CodeIgniter\Session\Handlers\FileHandler' driver.
CRITICAL - 2024-03-04 14:22:40 --> ParseError: syntax error, unexpected token "if"
in APPPATH/Models/UserModel.php on line 69.
 1 SYSTEMPATH/Autoloader/Autoloader.php(290): CodeIgniter\Autoloader\Autoloader->includeFile('/Applications/MAMP/htdocs/icbt/app/Models/UserModel.php')
 2 SYSTEMPATH/Autoloader/Autoloader.php(266): CodeIgniter\Autoloader\Autoloader->loadInNamespace('App\\Models\\UserModel')
 3 APPPATH/Controllers/User.php(27): CodeIgniter\Autoloader\Autoloader->loadClass('App\\Models\\UserModel')
 4 SYSTEMPATH/CodeIgniter.php(913): App\Controllers\User->__construct()
 5 SYSTEMPATH/CodeIgniter.php(493): CodeIgniter\CodeIgniter->createController()
 6 SYSTEMPATH/CodeIgniter.php(361): CodeIgniter\CodeIgniter->handleRequest(null, Object(Config\Cache), false)
 7 FCPATH/index.php(79): CodeIgniter\CodeIgniter->run()
INFO - 2024-03-04 14:23:03 --> Session: Class initialized using 'CodeIgniter\Session\Handlers\FileHandler' driver.
INFO - 2024-03-04 14:23:04 --> Session: Class initialized using 'CodeIgniter\Session\Handlers\FileHandler' driver.
INFO - 2024-03-04 14:24:47 --> Session: Class initialized using 'CodeIgniter\Session\Handlers\FileHandler' driver.
INFO - 2024-03-04 14:24:48 --> Session: Class initialized using 'CodeIgniter\Session\Handlers\FileHandler' driver.
ERROR - 2024-03-04 14:24:48 --> mysqli_sql_exception: Unknown column 'roles.name' in 'field list' in /Applications/MAMP/htdocs/icbt/system/Database/MySQLi/Connection.php:306
Stack trace:
#0 /Applications/MAMP/htdocs/icbt/system/Database/MySQLi/Connection.php(306): mysqli->query('SELECT `users`....', 0)
#1 /Applications/MAMP/htdocs/icbt/system/Database/BaseConnection.php(693): CodeIgniter\Database\MySQLi\Connection->execute('SELECT `users`....')
#2 /Applications/MAMP/htdocs/icbt/system/Database/BaseConnection.php(607): CodeIgniter\Database\BaseConnection->simpleQuery('SELECT `users`....')
#3 /Applications/MAMP/htdocs/icbt/system/Database/BaseBuilder.php(1616): CodeIgniter\Database\BaseConnection->query('SELECT `users`....', Array, false)
#4 /Applications/MAMP/htdocs/icbt/app/Models/UserModel.php(75): CodeIgniter\Database\BaseBuilder->get()
#5 /Applications/MAMP/htdocs/icbt/app/Controllers/User.php(44): App\Models\UserModel->getAllAuthUsers(Array)
#6 /Applications/MAMP/htdocs/icbt/system/CodeIgniter.php(941): App\Controllers\User->allUsersData()
#7 /Applications/MAMP/htdocs/icbt/system/CodeIgniter.php(502): CodeIgniter\CodeIgniter->runController(Object(App\Controllers\User))
#8 /Applications/MAMP/htdocs/icbt/system/CodeIgniter.php(361): CodeIgniter\CodeIgniter->handleRequest(NULL, Object(Config\Cache), false)
#9 /Applications/MAMP/htdocs/icbt/public/index.php(79): CodeIgniter\CodeIgniter->run()
#10 {main}
CRITICAL - 2024-03-04 14:24:48 --> CodeIgniter\Database\Exceptions\DatabaseException: Unknown column 'roles.name' in 'field list'
in SYSTEMPATH/Database/BaseConnection.php on line 647.
 1 SYSTEMPATH/Database/BaseBuilder.php(1616): CodeIgniter\Database\BaseConnection->query('SELECT `users`.`id`, `users`.`nic`, `users`.`username`, `users`.`first_name`, `users`.`last_name`, `users`.`gender`, `users`.`phone`, `users`.`last_login`, `users`.`active`, `roles`.`name` as `role_name`
FROM `users`
ORDER BY `users`.`id` DESC
 LIMIT 30', [], false)
 2 APPPATH/Models/UserModel.php(75): CodeIgniter\Database\BaseBuilder->get()
 3 APPPATH/Controllers/User.php(44): App\Models\UserModel->getAllAuthUsers([...])
 4 SYSTEMPATH/CodeIgniter.php(941): App\Controllers\User->allUsersData()
 5 SYSTEMPATH/CodeIgniter.php(502): CodeIgniter\CodeIgniter->runController(Object(App\Controllers\User))
 6 SYSTEMPATH/CodeIgniter.php(361): CodeIgniter\CodeIgniter->handleRequest(null, Object(Config\Cache), false)
 7 FCPATH/index.php(79): CodeIgniter\CodeIgniter->run()
CRITICAL - 2024-03-04 14:24:48 --> [Caused by] CodeIgniter\Database\Exceptions\DatabaseException: Unknown column 'roles.name' in 'field list'
in SYSTEMPATH/Database/MySQLi/Connection.php on line 311.
 1 SYSTEMPATH/Database/BaseConnection.php(693): CodeIgniter\Database\MySQLi\Connection->execute('SELECT `users`.`id`, `users`.`nic`, `users`.`username`, `users`.`first_name`, `users`.`last_name`, `users`.`gender`, `users`.`phone`, `users`.`last_login`, `users`.`active`, `roles`.`name` as `role_name`
FROM `users`
ORDER BY `users`.`id` DESC
 LIMIT 30')
 2 SYSTEMPATH/Database/BaseConnection.php(607): CodeIgniter\Database\BaseConnection->simpleQuery('SELECT `users`.`id`, `users`.`nic`, `users`.`username`, `users`.`first_name`, `users`.`last_name`, `users`.`gender`, `users`.`phone`, `users`.`last_login`, `users`.`active`, `roles`.`name` as `role_name`
FROM `users`
ORDER BY `users`.`id` DESC
 LIMIT 30')
 3 SYSTEMPATH/Database/BaseBuilder.php(1616): CodeIgniter\Database\BaseConnection->query('SELECT `users`.`id`, `users`.`nic`, `users`.`username`, `users`.`first_name`, `users`.`last_name`, `users`.`gender`, `users`.`phone`, `users`.`last_login`, `users`.`active`, `roles`.`name` as `role_name`
FROM `users`
ORDER BY `users`.`id` DESC
 LIMIT 30', [], false)
 4 APPPATH/Models/UserModel.php(75): CodeIgniter\Database\BaseBuilder->get()
 5 APPPATH/Controllers/User.php(44): App\Models\UserModel->getAllAuthUsers([...])
 6 SYSTEMPATH/CodeIgniter.php(941): App\Controllers\User->allUsersData()
 7 SYSTEMPATH/CodeIgniter.php(502): CodeIgniter\CodeIgniter->runController(Object(App\Controllers\User))
 8 SYSTEMPATH/CodeIgniter.php(361): CodeIgniter\CodeIgniter->handleRequest(null, Object(Config\Cache), false)
 9 FCPATH/index.php(79): CodeIgniter\CodeIgniter->run()
CRITICAL - 2024-03-04 14:24:48 --> [Caused by] mysqli_sql_exception: Unknown column 'roles.name' in 'field list'
in SYSTEMPATH/Database/MySQLi/Connection.php on line 306.
 1 SYSTEMPATH/Database/MySQLi/Connection.php(306): mysqli->query('SELECT `users`.`id`, `users`.`nic`, `users`.`username`, `users`.`first_name`, `users`.`last_name`, `users`.`gender`, `users`.`phone`, `users`.`last_login`, `users`.`active`, `roles`.`name` as `role_name`
FROM `users`
ORDER BY `users`.`id` DESC
 LIMIT 30', 0)
 2 SYSTEMPATH/Database/BaseConnection.php(693): CodeIgniter\Database\MySQLi\Connection->execute('SELECT `users`.`id`, `users`.`nic`, `users`.`username`, `users`.`first_name`, `users`.`last_name`, `users`.`gender`, `users`.`phone`, `users`.`last_login`, `users`.`active`, `roles`.`name` as `role_name`
FROM `users`
ORDER BY `users`.`id` DESC
 LIMIT 30')
 3 SYSTEMPATH/Database/BaseConnection.php(607): CodeIgniter\Database\BaseConnection->simpleQuery('SELECT `users`.`id`, `users`.`nic`, `users`.`username`, `users`.`first_name`, `users`.`last_name`, `users`.`gender`, `users`.`phone`, `users`.`last_login`, `users`.`active`, `roles`.`name` as `role_name`
FROM `users`
ORDER BY `users`.`id` DESC
 LIMIT 30')
 4 SYSTEMPATH/Database/BaseBuilder.php(1616): CodeIgniter\Database\BaseConnection->query('SELECT `users`.`id`, `users`.`nic`, `users`.`username`, `users`.`first_name`, `users`.`last_name`, `users`.`gender`, `users`.`phone`, `users`.`last_login`, `users`.`active`, `roles`.`name` as `role_name`
FROM `users`
ORDER BY `users`.`id` DESC
 LIMIT 30', [], false)
 5 APPPATH/Models/UserModel.php(75): CodeIgniter\Database\BaseBuilder->get()
 6 APPPATH/Controllers/User.php(44): App\Models\UserModel->getAllAuthUsers([...])
 7 SYSTEMPATH/CodeIgniter.php(941): App\Controllers\User->allUsersData()
 8 SYSTEMPATH/CodeIgniter.php(502): CodeIgniter\CodeIgniter->runController(Object(App\Controllers\User))
 9 SYSTEMPATH/CodeIgniter.php(361): CodeIgniter\CodeIgniter->handleRequest(null, Object(Config\Cache), false)
10 FCPATH/index.php(79): CodeIgniter\CodeIgniter->run()
INFO - 2024-03-04 14:25:03 --> Session: Class initialized using 'CodeIgniter\Session\Handlers\FileHandler' driver.
INFO - 2024-03-04 14:25:04 --> Session: Class initialized using 'CodeIgniter\Session\Handlers\FileHandler' driver.
ERROR - 2024-03-04 14:25:04 --> mysqli_sql_exception: Unknown column 'roles.name' in 'field list' in /Applications/MAMP/htdocs/icbt/system/Database/MySQLi/Connection.php:306
Stack trace:
#0 /Applications/MAMP/htdocs/icbt/system/Database/MySQLi/Connection.php(306): mysqli->query('SELECT `users`....', 0)
#1 /Applications/MAMP/htdocs/icbt/system/Database/BaseConnection.php(693): CodeIgniter\Database\MySQLi\Connection->execute('SELECT `users`....')
#2 /Applications/MAMP/htdocs/icbt/system/Database/BaseConnection.php(607): CodeIgniter\Database\BaseConnection->simpleQuery('SELECT `users`....')
#3 /Applications/MAMP/htdocs/icbt/system/Database/BaseBuilder.php(1616): CodeIgniter\Database\BaseConnection->query('SELECT `users`....', Array, false)
#4 /Applications/MAMP/htdocs/icbt/app/Models/UserModel.php(75): CodeIgniter\Database\BaseBuilder->get()
#5 /Applications/MAMP/htdocs/icbt/app/Controllers/User.php(44): App\Models\UserModel->getAllAuthUsers(Array)
#6 /Applications/MAMP/htdocs/icbt/system/CodeIgniter.php(941): App\Controllers\User->allUsersData()
#7 /Applications/MAMP/htdocs/icbt/system/CodeIgniter.php(502): CodeIgniter\CodeIgniter->runController(Object(App\Controllers\User))
#8 /Applications/MAMP/htdocs/icbt/system/CodeIgniter.php(361): CodeIgniter\CodeIgniter->handleRequest(NULL, Object(Config\Cache), false)
#9 /Applications/MAMP/htdocs/icbt/public/index.php(79): CodeIgniter\CodeIgniter->run()
#10 {main}
CRITICAL - 2024-03-04 14:25:04 --> CodeIgniter\Database\Exceptions\DatabaseException: Unknown column 'roles.name' in 'field list'
in SYSTEMPATH/Database/BaseConnection.php on line 647.
 1 SYSTEMPATH/Database/BaseBuilder.php(1616): CodeIgniter\Database\BaseConnection->query('SELECT `users`.`id`, `users`.`nic`, `users`.`username`, `users`.`first_name`, `users`.`last_name`, `users`.`gender`, `users`.`phone`, `users`.`last_login`, `users`.`active`, `roles`.`name` as `role_name`
FROM `users`
ORDER BY `users`.`id` DESC
 LIMIT 30', [], false)
 2 APPPATH/Models/UserModel.php(75): CodeIgniter\Database\BaseBuilder->get()
 3 APPPATH/Controllers/User.php(44): App\Models\UserModel->getAllAuthUsers([...])
 4 SYSTEMPATH/CodeIgniter.php(941): App\Controllers\User->allUsersData()
 5 SYSTEMPATH/CodeIgniter.php(502): CodeIgniter\CodeIgniter->runController(Object(App\Controllers\User))
 6 SYSTEMPATH/CodeIgniter.php(361): CodeIgniter\CodeIgniter->handleRequest(null, Object(Config\Cache), false)
 7 FCPATH/index.php(79): CodeIgniter\CodeIgniter->run()
CRITICAL - 2024-03-04 14:25:04 --> [Caused by] CodeIgniter\Database\Exceptions\DatabaseException: Unknown column 'roles.name' in 'field list'
in SYSTEMPATH/Database/MySQLi/Connection.php on line 311.
 1 SYSTEMPATH/Database/BaseConnection.php(693): CodeIgniter\Database\MySQLi\Connection->execute('SELECT `users`.`id`, `users`.`nic`, `users`.`username`, `users`.`first_name`, `users`.`last_name`, `users`.`gender`, `users`.`phone`, `users`.`last_login`, `users`.`active`, `roles`.`name` as `role_name`
FROM `users`
ORDER BY `users`.`id` DESC
 LIMIT 30')
 2 SYSTEMPATH/Database/BaseConnection.php(607): CodeIgniter\Database\BaseConnection->simpleQuery('SELECT `users`.`id`, `users`.`nic`, `users`.`username`, `users`.`first_name`, `users`.`last_name`, `users`.`gender`, `users`.`phone`, `users`.`last_login`, `users`.`active`, `roles`.`name` as `role_name`
FROM `users`
ORDER BY `users`.`id` DESC
 LIMIT 30')
 3 SYSTEMPATH/Database/BaseBuilder.php(1616): CodeIgniter\Database\BaseConnection->query('SELECT `users`.`id`, `users`.`nic`, `users`.`username`, `users`.`first_name`, `users`.`last_name`, `users`.`gender`, `users`.`phone`, `users`.`last_login`, `users`.`active`, `roles`.`name` as `role_name`
FROM `users`
ORDER BY `users`.`id` DESC
 LIMIT 30', [], false)
 4 APPPATH/Models/UserModel.php(75): CodeIgniter\Database\BaseBuilder->get()
 5 APPPATH/Controllers/User.php(44): App\Models\UserModel->getAllAuthUsers([...])
 6 SYSTEMPATH/CodeIgniter.php(941): App\Controllers\User->allUsersData()
 7 SYSTEMPATH/CodeIgniter.php(502): CodeIgniter\CodeIgniter->runController(Object(App\Controllers\User))
 8 SYSTEMPATH/CodeIgniter.php(361): CodeIgniter\CodeIgniter->handleRequest(null, Object(Config\Cache), false)
 9 FCPATH/index.php(79): CodeIgniter\CodeIgniter->run()
CRITICAL - 2024-03-04 14:25:04 --> [Caused by] mysqli_sql_exception: Unknown column 'roles.name' in 'field list'
in SYSTEMPATH/Database/MySQLi/Connection.php on line 306.
 1 SYSTEMPATH/Database/MySQLi/Connection.php(306): mysqli->query('SELECT `users`.`id`, `users`.`nic`, `users`.`username`, `users`.`first_name`, `users`.`last_name`, `users`.`gender`, `users`.`phone`, `users`.`last_login`, `users`.`active`, `roles`.`name` as `role_name`
FROM `users`
ORDER BY `users`.`id` DESC
 LIMIT 30', 0)
 2 SYSTEMPATH/Database/BaseConnection.php(693): CodeIgniter\Database\MySQLi\Connection->execute('SELECT `users`.`id`, `users`.`nic`, `users`.`username`, `users`.`first_name`, `users`.`last_name`, `users`.`gender`, `users`.`phone`, `users`.`last_login`, `users`.`active`, `roles`.`name` as `role_name`
FROM `users`
ORDER BY `users`.`id` DESC
 LIMIT 30')
 3 SYSTEMPATH/Database/BaseConnection.php(607): CodeIgniter\Database\BaseConnection->simpleQuery('SELECT `users`.`id`, `users`.`nic`, `users`.`username`, `users`.`first_name`, `users`.`last_name`, `users`.`gender`, `users`.`phone`, `users`.`last_login`, `users`.`active`, `roles`.`name` as `role_name`
FROM `users`
ORDER BY `users`.`id` DESC
 LIMIT 30')
 4 SYSTEMPATH/Database/BaseBuilder.php(1616): CodeIgniter\Database\BaseConnection->query('SELECT `users`.`id`, `users`.`nic`, `users`.`username`, `users`.`first_name`, `users`.`last_name`, `users`.`gender`, `users`.`phone`, `users`.`last_login`, `users`.`active`, `roles`.`name` as `role_name`
FROM `users`
ORDER BY `users`.`id` DESC
 LIMIT 30', [], false)
 5 APPPATH/Models/UserModel.php(75): CodeIgniter\Database\BaseBuilder->get()
 6 APPPATH/Controllers/User.php(44): App\Models\UserModel->getAllAuthUsers([...])
 7 SYSTEMPATH/CodeIgniter.php(941): App\Controllers\User->allUsersData()
 8 SYSTEMPATH/CodeIgniter.php(502): CodeIgniter\CodeIgniter->runController(Object(App\Controllers\User))
 9 SYSTEMPATH/CodeIgniter.php(361): CodeIgniter\CodeIgniter->handleRequest(null, Object(Config\Cache), false)
10 FCPATH/index.php(79): CodeIgniter\CodeIgniter->run()
INFO - 2024-03-04 14:25:25 --> Session: Class initialized using 'CodeIgniter\Session\Handlers\FileHandler' driver.
INFO - 2024-03-04 14:25:25 --> Session: Class initialized using 'CodeIgniter\Session\Handlers\FileHandler' driver.
INFO - 2024-03-04 14:25:52 --> Session: Class initialized using 'CodeIgniter\Session\Handlers\FileHandler' driver.
INFO - 2024-03-04 14:25:53 --> Session: Class initialized using 'CodeIgniter\Session\Handlers\FileHandler' driver.
INFO - 2024-03-04 14:28:35 --> Session: Class initialized using 'CodeIgniter\Session\Handlers\FileHandler' driver.
INFO - 2024-03-04 14:28:36 --> Session: Class initialized using 'CodeIgniter\Session\Handlers\FileHandler' driver.
CRITICAL - 2024-03-04 14:28:36 --> ErrorException: Undefined variable $userRoles
in APPPATH/Views/Admin/users.php on line 63.
 1 APPPATH/Views/Admin/users.php(63): CodeIgniter\Debug\Exceptions->errorHandler(2, 'Undefined variable $userRoles', '/Applications/MAMP/htdocs/icbt/app/Views/Admin/users.php', 63)
 2 SYSTEMPATH/View/View.php(228): include('/Applications/MAMP/htdocs/icbt/app/Views/Admin/users.php')
 3 SYSTEMPATH/View/View.php(231): CodeIgniter\View\View->CodeIgniter\View\{closure}()
 4 SYSTEMPATH/Common.php(1178): CodeIgniter\View\View->render('Admin/users', [], true)
 5 APPPATH/Controllers/User.php(45): view('Admin/users', [...])
 6 SYSTEMPATH/CodeIgniter.php(941): App\Controllers\User->allUsersData()
 7 SYSTEMPATH/CodeIgniter.php(502): CodeIgniter\CodeIgniter->runController(Object(App\Controllers\User))
 8 SYSTEMPATH/CodeIgniter.php(361): CodeIgniter\CodeIgniter->handleRequest(null, Object(Config\Cache), false)
 9 FCPATH/index.php(79): CodeIgniter\CodeIgniter->run()
INFO - 2024-03-04 14:29:24 --> Session: Class initialized using 'CodeIgniter\Session\Handlers\FileHandler' driver.
INFO - 2024-03-04 14:29:25 --> Session: Class initialized using 'CodeIgniter\Session\Handlers\FileHandler' driver.
INFO - 2024-03-04 14:30:08 --> Session: Class initialized using 'CodeIgniter\Session\Handlers\FileHandler' driver.
INFO - 2024-03-04 14:30:08 --> Session: Class initialized using 'CodeIgniter\Session\Handlers\FileHandler' driver.
INFO - 2024-03-04 14:31:42 --> Session: Class initialized using 'CodeIgniter\Session\Handlers\FileHandler' driver.
INFO - 2024-03-04 14:31:42 --> Session: Class initialized using 'CodeIgniter\Session\Handlers\FileHandler' driver.
INFO - 2024-03-04 14:32:09 --> Session: Class initialized using 'CodeIgniter\Session\Handlers\FileHandler' driver.
INFO - 2024-03-04 14:32:09 --> Session: Class initialized using 'CodeIgniter\Session\Handlers\FileHandler' driver.
INFO - 2024-03-04 14:33:58 --> Session: Class initialized using 'CodeIgniter\Session\Handlers\FileHandler' driver.
INFO - 2024-03-04 14:33:59 --> Session: Class initialized using 'CodeIgniter\Session\Handlers\FileHandler' driver.
INFO - 2024-03-04 14:34:51 --> Session: Class initialized using 'CodeIgniter\Session\Handlers\FileHandler' driver.
INFO - 2024-03-04 14:34:51 --> Session: Class initialized using 'CodeIgniter\Session\Handlers\FileHandler' driver.
INFO - 2024-03-04 14:34:56 --> Session: Class initialized using 'CodeIgniter\Session\Handlers\FileHandler' driver.
INFO - 2024-03-04 14:34:56 --> Session: Class initialized using 'CodeIgniter\Session\Handlers\FileHandler' driver.
INFO - 2024-03-04 14:34:58 --> Session: Class initialized using 'CodeIgniter\Session\Handlers\FileHandler' driver.
INFO - 2024-03-04 14:34:59 --> Session: Class initialized using 'CodeIgniter\Session\Handlers\FileHandler' driver.
INFO - 2024-03-04 14:39:58 --> Session: Class initialized using 'CodeIgniter\Session\Handlers\FileHandler' driver.
INFO - 2024-03-04 14:39:59 --> Session: Class initialized using 'CodeIgniter\Session\Handlers\FileHandler' driver.
INFO - 2024-03-04 14:40:15 --> Session: Class initialized using 'CodeIgniter\Session\Handlers\FileHandler' driver.
INFO - 2024-03-04 14:40:16 --> Session: Class initialized using 'CodeIgniter\Session\Handlers\FileHandler' driver.
INFO - 2024-03-04 14:41:49 --> Session: Class initialized using 'CodeIgniter\Session\Handlers\FileHandler' driver.
INFO - 2024-03-04 15:18:29 --> Session: Class initialized using 'CodeIgniter\Session\Handlers\FileHandler' driver.
INFO - 2024-03-04 15:18:38 --> Session: Class initialized using 'CodeIgniter\Session\Handlers\FileHandler' driver.
INFO - 2024-03-04 15:18:38 --> Session: Class initialized using 'CodeIgniter\Session\Handlers\FileHandler' driver.
INFO - 2024-03-04 15:18:46 --> Session: Class initialized using 'CodeIgniter\Session\Handlers\FileHandler' driver.
INFO - 2024-03-04 15:18:46 --> Session: Class initialized using 'CodeIgniter\Session\Handlers\FileHandler' driver.
INFO - 2024-03-04 15:19:27 --> Session: Class initialized using 'CodeIgniter\Session\Handlers\FileHandler' driver.
INFO - 2024-03-04 15:19:33 --> Session: Class initialized using 'CodeIgniter\Session\Handlers\FileHandler' driver.
INFO - 2024-03-04 15:19:33 --> Session: Class initialized using 'CodeIgniter\Session\Handlers\FileHandler' driver.
INFO - 2024-03-04 15:21:40 --> Session: Class initialized using 'CodeIgniter\Session\Handlers\FileHandler' driver.
WARNING - 2024-03-04 15:21:41 --> [DEPRECATED] DateTime::__construct(): Passing null to parameter #1 ($datetime) of type string is deprecated in APPPATH/Models/Common_Model.php on line 9.
 1 APPPATH/Models/Common_Model.php(9): DateTime->__construct(null, Object(DateTimeZone))
 2 APPPATH/Models/UserModel.php(48): CodeIgniter\Model\Common_Model->currentColomboTime()
 3 APPPATH/Models/UserModel.php(41): App\Models\UserModel->updateLoginTime('1')
 4 APPPATH/Controllers/Auth.php(90): App\Models\UserModel->checkLogin([...])
 5 SYSTEMPATH/CodeIgniter.php(941): App\Controllers\Auth->loginRequest()
 6 SYSTEMPATH/CodeIgniter.php(502): CodeIgniter\CodeIgniter->runController(Object(App\Controllers\Auth))
 7 SYSTEMPATH/CodeIgniter.php(361): CodeIgniter\CodeIgniter->handleRequest(null, Object(Config\Cache), false)
 8 FCPATH/index.php(79): CodeIgniter\CodeIgniter->run()
WARNING - 2024-03-04 15:21:41 --> [DEPRECATED] DateTime::__construct(): Passing null to parameter #1 ($datetime) of type string is deprecated in APPPATH/Models/Common_Model.php on line 9.
 1 APPPATH/Models/Common_Model.php(9): DateTime->__construct(null, Object(DateTimeZone))
 2 APPPATH/Models/UserModel.php(80): CodeIgniter\Model\Common_Model->currentColomboTime()
 3 APPPATH/Controllers/Auth.php(93): App\Models\UserModel->resetLoginAttempts('1')
 4 SYSTEMPATH/CodeIgniter.php(941): App\Controllers\Auth->loginRequest()
 5 SYSTEMPATH/CodeIgniter.php(502): CodeIgniter\CodeIgniter->runController(Object(App\Controllers\Auth))
 6 SYSTEMPATH/CodeIgniter.php(361): CodeIgniter\CodeIgniter->handleRequest(null, Object(Config\Cache), false)
 7 FCPATH/index.php(79): CodeIgniter\CodeIgniter->run()
ERROR - 2024-03-04 15:21:41 --> mysqli_sql_exception: Table 'icbt_lab_system.login_attempts' doesn't exist in /Applications/MAMP/htdocs/icbt/system/Database/MySQLi/Connection.php:306
Stack trace:
#0 /Applications/MAMP/htdocs/icbt/system/Database/MySQLi/Connection.php(306): mysqli->query('UPDATE `login_a...', 0)
#1 /Applications/MAMP/htdocs/icbt/system/Database/BaseConnection.php(693): CodeIgniter\Database\MySQLi\Connection->execute('UPDATE `login_a...')
#2 /Applications/MAMP/htdocs/icbt/system/Database/BaseConnection.php(607): CodeIgniter\Database\BaseConnection->simpleQuery('UPDATE `login_a...')
#3 /Applications/MAMP/htdocs/icbt/system/Database/BaseBuilder.php(2474): CodeIgniter\Database\BaseConnection->query('UPDATE `login_a...', Array, false)
#4 /Applications/MAMP/htdocs/icbt/app/Models/UserModel.php(85): CodeIgniter\Database\BaseBuilder->update(Array)
#5 /Applications/MAMP/htdocs/icbt/app/Controllers/Auth.php(93): App\Models\UserModel->resetLoginAttempts('1')
#6 /Applications/MAMP/htdocs/icbt/system/CodeIgniter.php(941): App\Controllers\Auth->loginRequest()
#7 /Applications/MAMP/htdocs/icbt/system/CodeIgniter.php(502): CodeIgniter\CodeIgniter->runController(Object(App\Controllers\Auth))
#8 /Applications/MAMP/htdocs/icbt/system/CodeIgniter.php(361): CodeIgniter\CodeIgniter->handleRequest(NULL, Object(Config\Cache), false)
#9 /Applications/MAMP/htdocs/icbt/public/index.php(79): CodeIgniter\CodeIgniter->run()
#10 {main}
CRITICAL - 2024-03-04 15:21:41 --> CodeIgniter\Database\Exceptions\DatabaseException: Table 'icbt_lab_system.login_attempts' doesn't exist
in SYSTEMPATH/Database/BaseConnection.php on line 647.
 1 SYSTEMPATH/Database/BaseBuilder.php(2474): CodeIgniter\Database\BaseConnection->query('UPDATE `login_attempts` SET `attempt_count` = :attempt_count:, `last_attempt` = :last_attempt:
WHERE `user_id` = :user_id:', [...], false)
 2 APPPATH/Models/UserModel.php(85): CodeIgniter\Database\BaseBuilder->update([...])
 3 APPPATH/Controllers/Auth.php(93): App\Models\UserModel->resetLoginAttempts('1')
 4 SYSTEMPATH/CodeIgniter.php(941): App\Controllers\Auth->loginRequest()
 5 SYSTEMPATH/CodeIgniter.php(502): CodeIgniter\CodeIgniter->runController(Object(App\Controllers\Auth))
 6 SYSTEMPATH/CodeIgniter.php(361): CodeIgniter\CodeIgniter->handleRequest(null, Object(Config\Cache), false)
 7 FCPATH/index.php(79): CodeIgniter\CodeIgniter->run()
CRITICAL - 2024-03-04 15:21:41 --> [Caused by] CodeIgniter\Database\Exceptions\DatabaseException: Table 'icbt_lab_system.login_attempts' doesn't exist
in SYSTEMPATH/Database/MySQLi/Connection.php on line 311.
 1 SYSTEMPATH/Database/BaseConnection.php(693): CodeIgniter\Database\MySQLi\Connection->execute('UPDATE `login_attempts` SET `attempt_count` = 0, `last_attempt` = \'2024-03-04 20:51:41\'
WHERE `user_id` = \'1\'')
 2 SYSTEMPATH/Database/BaseConnection.php(607): CodeIgniter\Database\BaseConnection->simpleQuery('UPDATE `login_attempts` SET `attempt_count` = 0, `last_attempt` = \'2024-03-04 20:51:41\'
WHERE `user_id` = \'1\'')
 3 SYSTEMPATH/Database/BaseBuilder.php(2474): CodeIgniter\Database\BaseConnection->query('UPDATE `login_attempts` SET `attempt_count` = :attempt_count:, `last_attempt` = :last_attempt:
WHERE `user_id` = :user_id:', [...], false)
 4 APPPATH/Models/UserModel.php(85): CodeIgniter\Database\BaseBuilder->update([...])
 5 APPPATH/Controllers/Auth.php(93): App\Models\UserModel->resetLoginAttempts('1')
 6 SYSTEMPATH/CodeIgniter.php(941): App\Controllers\Auth->loginRequest()
 7 SYSTEMPATH/CodeIgniter.php(502): CodeIgniter\CodeIgniter->runController(Object(App\Controllers\Auth))
 8 SYSTEMPATH/CodeIgniter.php(361): CodeIgniter\CodeIgniter->handleRequest(null, Object(Config\Cache), false)
 9 FCPATH/index.php(79): CodeIgniter\CodeIgniter->run()
CRITICAL - 2024-03-04 15:21:41 --> [Caused by] mysqli_sql_exception: Table 'icbt_lab_system.login_attempts' doesn't exist
in SYSTEMPATH/Database/MySQLi/Connection.php on line 306.
 1 SYSTEMPATH/Database/MySQLi/Connection.php(306): mysqli->query('UPDATE `login_attempts` SET `attempt_count` = 0, `last_attempt` = \'2024-03-04 20:51:41\'
WHERE `user_id` = \'1\'', 0)
 2 SYSTEMPATH/Database/BaseConnection.php(693): CodeIgniter\Database\MySQLi\Connection->execute('UPDATE `login_attempts` SET `attempt_count` = 0, `last_attempt` = \'2024-03-04 20:51:41\'
WHERE `user_id` = \'1\'')
 3 SYSTEMPATH/Database/BaseConnection.php(607): CodeIgniter\Database\BaseConnection->simpleQuery('UPDATE `login_attempts` SET `attempt_count` = 0, `last_attempt` = \'2024-03-04 20:51:41\'
WHERE `user_id` = \'1\'')
 4 SYSTEMPATH/Database/BaseBuilder.php(2474): CodeIgniter\Database\BaseConnection->query('UPDATE `login_attempts` SET `attempt_count` = :attempt_count:, `last_attempt` = :last_attempt:
WHERE `user_id` = :user_id:', [...], false)
 5 APPPATH/Models/UserModel.php(85): CodeIgniter\Database\BaseBuilder->update([...])
 6 APPPATH/Controllers/Auth.php(93): App\Models\UserModel->resetLoginAttempts('1')
 7 SYSTEMPATH/CodeIgniter.php(941): App\Controllers\Auth->loginRequest()
 8 SYSTEMPATH/CodeIgniter.php(502): CodeIgniter\CodeIgniter->runController(Object(App\Controllers\Auth))
 9 SYSTEMPATH/CodeIgniter.php(361): CodeIgniter\CodeIgniter->handleRequest(null, Object(Config\Cache), false)
10 FCPATH/index.php(79): CodeIgniter\CodeIgniter->run()
INFO - 2024-03-04 15:22:24 --> Session: Class initialized using 'CodeIgniter\Session\Handlers\FileHandler' driver.
WARNING - 2024-03-04 15:22:25 --> [DEPRECATED] DateTime::__construct(): Passing null to parameter #1 ($datetime) of type string is deprecated in APPPATH/Models/Common_Model.php on line 9.
 1 APPPATH/Models/Common_Model.php(9): DateTime->__construct(null, Object(DateTimeZone))
 2 APPPATH/Models/UserModel.php(48): CodeIgniter\Model\Common_Model->currentColomboTime()
 3 APPPATH/Models/UserModel.php(41): App\Models\UserModel->updateLoginTime('1')
 4 APPPATH/Controllers/Auth.php(90): App\Models\UserModel->checkLogin([...])
 5 SYSTEMPATH/CodeIgniter.php(941): App\Controllers\Auth->loginRequest()
 6 SYSTEMPATH/CodeIgniter.php(502): CodeIgniter\CodeIgniter->runController(Object(App\Controllers\Auth))
 7 SYSTEMPATH/CodeIgniter.php(361): CodeIgniter\CodeIgniter->handleRequest(null, Object(Config\Cache), false)
 8 FCPATH/index.php(79): CodeIgniter\CodeIgniter->run()
WARNING - 2024-03-04 15:22:25 --> [DEPRECATED] DateTime::__construct(): Passing null to parameter #1 ($datetime) of type string is deprecated in APPPATH/Models/Common_Model.php on line 9.
 1 APPPATH/Models/Common_Model.php(9): DateTime->__construct(null, Object(DateTimeZone))
 2 APPPATH/Models/UserModel.php(80): CodeIgniter\Model\Common_Model->currentColomboTime()
 3 APPPATH/Controllers/Auth.php(93): App\Models\UserModel->resetLoginAttempts('1')
 4 SYSTEMPATH/CodeIgniter.php(941): App\Controllers\Auth->loginRequest()
 5 SYSTEMPATH/CodeIgniter.php(502): CodeIgniter\CodeIgniter->runController(Object(App\Controllers\Auth))
 6 SYSTEMPATH/CodeIgniter.php(361): CodeIgniter\CodeIgniter->handleRequest(null, Object(Config\Cache), false)
 7 FCPATH/index.php(79): CodeIgniter\CodeIgniter->run()
CRITICAL - 2024-03-04 15:22:25 --> ErrorException: Undefined property: App\Controllers\Auth::$user
in APPPATH/Controllers/Auth.php on line 131.
 1 APPPATH/Controllers/Auth.php(131): CodeIgniter\Debug\Exceptions->errorHandler(2, 'Undefined property: App\\Controllers\\Auth::$user', '/Applications/MAMP/htdocs/icbt/app/Controllers/Auth.php', 131)
 2 APPPATH/Controllers/Auth.php(95): App\Controllers\Auth->setSession(Object(stdClass))
 3 SYSTEMPATH/CodeIgniter.php(941): App\Controllers\Auth->loginRequest()
 4 SYSTEMPATH/CodeIgniter.php(502): CodeIgniter\CodeIgniter->runController(Object(App\Controllers\Auth))
 5 SYSTEMPATH/CodeIgniter.php(361): CodeIgniter\CodeIgniter->handleRequest(null, Object(Config\Cache), false)
 6 FCPATH/index.php(79): CodeIgniter\CodeIgniter->run()
INFO - 2024-03-04 15:25:33 --> Session: Class initialized using 'CodeIgniter\Session\Handlers\FileHandler' driver.
WARNING - 2024-03-04 15:25:34 --> [DEPRECATED] DateTime::__construct(): Passing null to parameter #1 ($datetime) of type string is deprecated in APPPATH/Models/Common_Model.php on line 9.
 1 APPPATH/Models/Common_Model.php(9): DateTime->__construct(null, Object(DateTimeZone))
 2 APPPATH/Models/UserModel.php(48): CodeIgniter\Model\Common_Model->currentColomboTime()
 3 APPPATH/Models/UserModel.php(41): App\Models\UserModel->updateLoginTime('1')
 4 APPPATH/Controllers/Auth.php(95): App\Models\UserModel->checkLogin([...])
 5 SYSTEMPATH/CodeIgniter.php(941): App\Controllers\Auth->loginRequest()
 6 SYSTEMPATH/CodeIgniter.php(502): CodeIgniter\CodeIgniter->runController(Object(App\Controllers\Auth))
 7 SYSTEMPATH/CodeIgniter.php(361): CodeIgniter\CodeIgniter->handleRequest(null, Object(Config\Cache), false)
 8 FCPATH/index.php(79): CodeIgniter\CodeIgniter->run()
WARNING - 2024-03-04 15:25:34 --> [DEPRECATED] DateTime::__construct(): Passing null to parameter #1 ($datetime) of type string is deprecated in APPPATH/Models/Common_Model.php on line 9.
 1 APPPATH/Models/Common_Model.php(9): DateTime->__construct(null, Object(DateTimeZone))
 2 APPPATH/Models/UserModel.php(80): CodeIgniter\Model\Common_Model->currentColomboTime()
 3 APPPATH/Controllers/Auth.php(98): App\Models\UserModel->resetLoginAttempts('1')
 4 SYSTEMPATH/CodeIgniter.php(941): App\Controllers\Auth->loginRequest()
 5 SYSTEMPATH/CodeIgniter.php(502): CodeIgniter\CodeIgniter->runController(Object(App\Controllers\Auth))
 6 SYSTEMPATH/CodeIgniter.php(361): CodeIgniter\CodeIgniter->handleRequest(null, Object(Config\Cache), false)
 7 FCPATH/index.php(79): CodeIgniter\CodeIgniter->run()
INFO - 2024-03-04 15:25:34 --> Session: Class initialized using 'CodeIgniter\Session\Handlers\FileHandler' driver.
INFO - 2024-03-04 15:27:18 --> Session: Class initialized using 'CodeIgniter\Session\Handlers\FileHandler' driver.
WARNING - 2024-03-04 15:27:19 --> [DEPRECATED] DateTime::__construct(): Passing null to parameter #1 ($datetime) of type string is deprecated in APPPATH/Models/Common_Model.php on line 9.
 1 APPPATH/Models/Common_Model.php(9): DateTime->__construct(null, Object(DateTimeZone))
 2 APPPATH/Models/UserModel.php(48): CodeIgniter\Model\Common_Model->currentColomboTime()
 3 APPPATH/Models/UserModel.php(41): App\Models\UserModel->updateLoginTime('1')
 4 APPPATH/Controllers/Auth.php(95): App\Models\UserModel->checkLogin([...])
 5 SYSTEMPATH/CodeIgniter.php(941): App\Controllers\Auth->loginRequest()
 6 SYSTEMPATH/CodeIgniter.php(502): CodeIgniter\CodeIgniter->runController(Object(App\Controllers\Auth))
 7 SYSTEMPATH/CodeIgniter.php(361): CodeIgniter\CodeIgniter->handleRequest(null, Object(Config\Cache), false)
 8 FCPATH/index.php(79): CodeIgniter\CodeIgniter->run()
WARNING - 2024-03-04 15:27:19 --> [DEPRECATED] DateTime::__construct(): Passing null to parameter #1 ($datetime) of type string is deprecated in APPPATH/Models/Common_Model.php on line 9.
 1 APPPATH/Models/Common_Model.php(9): DateTime->__construct(null, Object(DateTimeZone))
 2 APPPATH/Models/UserModel.php(80): CodeIgniter\Model\Common_Model->currentColomboTime()
 3 APPPATH/Controllers/Auth.php(98): App\Models\UserModel->resetLoginAttempts('1')
 4 SYSTEMPATH/CodeIgniter.php(941): App\Controllers\Auth->loginRequest()
 5 SYSTEMPATH/CodeIgniter.php(502): CodeIgniter\CodeIgniter->runController(Object(App\Controllers\Auth))
 6 SYSTEMPATH/CodeIgniter.php(361): CodeIgniter\CodeIgniter->handleRequest(null, Object(Config\Cache), false)
 7 FCPATH/index.php(79): CodeIgniter\CodeIgniter->run()
INFO - 2024-03-04 15:27:19 --> Session: Class initialized using 'CodeIgniter\Session\Handlers\FileHandler' driver.
