INFO - 2024-03-10 01:25:32 --> Session: Class initialized using 'CodeIgniter\Session\Handlers\FileHandler' driver.
WARNING - 2024-03-10 01:25:33 --> [DEPRECATED] DateTime::__construct(): Passing null to parameter #1 ($datetime) of type string is deprecated in APPPATH/Models/Common_Model.php on line 9.
 1 APPPATH/Models/Common_Model.php(9): DateTime->__construct(null, Object(DateTimeZone))
 2 APPPATH/Models/UserModel.php(48): CodeIgniter\Model\Common_Model->currentColomboTime()
 3 APPPATH/Models/UserModel.php(41): App\Models\UserModel->updateLoginTime('1')
 4 APPPATH/Controllers/Auth.php(95): App\Models\UserModel->checkLogin([...])
 5 SYSTEMPATH/CodeIgniter.php(941): App\Controllers\Auth->loginRequest()
 6 SYSTEMPATH/CodeIgniter.php(502): CodeIgniter\CodeIgniter->runController(Object(App\Controllers\Auth))
 7 SYSTEMPATH/CodeIgniter.php(361): CodeIgniter\CodeIgniter->handleRequest(null, Object(Config\Cache), false)
 8 FCPATH/index.php(79): CodeIgniter\CodeIgniter->run()
WARNING - 2024-03-10 01:25:33 --> [DEPRECATED] DateTime::__construct(): Passing null to parameter #1 ($datetime) of type string is deprecated in APPPATH/Models/Common_Model.php on line 9.
 1 APPPATH/Models/Common_Model.php(9): DateTime->__construct(null, Object(DateTimeZone))
 2 APPPATH/Models/UserModel.php(80): CodeIgniter\Model\Common_Model->currentColomboTime()
 3 APPPATH/Controllers/Auth.php(98): App\Models\UserModel->resetLoginAttempts('1')
 4 SYSTEMPATH/CodeIgniter.php(941): App\Controllers\Auth->loginRequest()
 5 SYSTEMPATH/CodeIgniter.php(502): CodeIgniter\CodeIgniter->runController(Object(App\Controllers\Auth))
 6 SYSTEMPATH/CodeIgniter.php(361): CodeIgniter\CodeIgniter->handleRequest(null, Object(Config\Cache), false)
 7 FCPATH/index.php(79): CodeIgniter\CodeIgniter->run()
INFO - 2024-03-10 01:25:33 --> Session: Class initialized using 'CodeIgniter\Session\Handlers\FileHandler' driver.
INFO - 2024-03-10 01:31:49 --> Session: Class initialized using 'CodeIgniter\Session\Handlers\FileHandler' driver.
INFO - 2024-03-10 01:31:52 --> Session: Class initialized using 'CodeIgniter\Session\Handlers\FileHandler' driver.
INFO - 2024-03-10 01:31:53 --> Session: Class initialized using 'CodeIgniter\Session\Handlers\FileHandler' driver.
INFO - 2024-03-10 01:32:03 --> Session: Class initialized using 'CodeIgniter\Session\Handlers\FileHandler' driver.
INFO - 2024-03-10 01:32:07 --> Session: Class initialized using 'CodeIgniter\Session\Handlers\FileHandler' driver.
INFO - 2024-03-10 01:32:25 --> Session: Class initialized using 'CodeIgniter\Session\Handlers\FileHandler' driver.
INFO - 2024-03-10 01:32:25 --> Session: Class initialized using 'CodeIgniter\Session\Handlers\FileHandler' driver.
INFO - 2024-03-10 02:20:50 --> Session: Class initialized using 'CodeIgniter\Session\Handlers\FileHandler' driver.
INFO - 2024-03-10 02:20:51 --> Session: Class initialized using 'CodeIgniter\Session\Handlers\FileHandler' driver.
INFO - 2024-03-10 02:20:53 --> Session: Class initialized using 'CodeIgniter\Session\Handlers\FileHandler' driver.
INFO - 2024-03-10 02:22:30 --> Session: Class initialized using 'CodeIgniter\Session\Handlers\FileHandler' driver.
CRITICAL - 2024-03-10 02:22:31 --> CodeIgniter\Database\Exceptions\DatabaseException: You must set the database table to be used with your query.
in SYSTEMPATH/Database/BaseConnection.php on line 884.
 1 SYSTEMPATH/Model.php(662): CodeIgniter\Database\BaseConnection->table(null)
 2 SYSTEMPATH/Model.php(839): CodeIgniter\Model->builder()
 3 APPPATH/Models/Appointment_Model.php(221): CodeIgniter\Model->__get('common')
 4 APPPATH/Controllers/Appointment.php(174): App\Models\Appointment_Model->updateAppointments([...], [...], '::1')
 5 SYSTEMPATH/CodeIgniter.php(941): App\Controllers\Appointment->update()
 6 SYSTEMPATH/CodeIgniter.php(502): CodeIgniter\CodeIgniter->runController(Object(App\Controllers\Appointment))
 7 SYSTEMPATH/CodeIgniter.php(361): CodeIgniter\CodeIgniter->handleRequest(null, Object(Config\Cache), false)
 8 FCPATH/index.php(79): CodeIgniter\CodeIgniter->run()
INFO - 2024-03-10 02:23:26 --> Session: Class initialized using 'CodeIgniter\Session\Handlers\FileHandler' driver.
CRITICAL - 2024-03-10 02:23:26 --> Error: Call to undefined method CodeIgniter\Model\Common_Model::getCurrentTimeStamp()
in APPPATH/Models/Appointment_Model.php on line 221.
 1 APPPATH/Controllers/Appointment.php(174): App\Models\Appointment_Model->updateAppointments([...], [...], '::1')
 2 SYSTEMPATH/CodeIgniter.php(941): App\Controllers\Appointment->update()
 3 SYSTEMPATH/CodeIgniter.php(502): CodeIgniter\CodeIgniter->runController(Object(App\Controllers\Appointment))
 4 SYSTEMPATH/CodeIgniter.php(361): CodeIgniter\CodeIgniter->handleRequest(null, Object(Config\Cache), false)
 5 FCPATH/index.php(79): CodeIgniter\CodeIgniter->run()
INFO - 2024-03-10 02:24:39 --> Session: Class initialized using 'CodeIgniter\Session\Handlers\FileHandler' driver.
WARNING - 2024-03-10 02:24:39 --> [DEPRECATED] DateTime::__construct(): Passing null to parameter #1 ($datetime) of type string is deprecated in APPPATH/Models/Common_Model.php on line 21.
 1 APPPATH/Models/Common_Model.php(21): DateTime->__construct(null, Object(DateTimeZone))
 2 APPPATH/Models/Appointment_Model.php(221): CodeIgniter\Model\Common_Model->getCurrentTimeStamp()
 3 APPPATH/Controllers/Appointment.php(174): App\Models\Appointment_Model->updateAppointments([...], [...], '::1')
 4 SYSTEMPATH/CodeIgniter.php(941): App\Controllers\Appointment->update()
 5 SYSTEMPATH/CodeIgniter.php(502): CodeIgniter\CodeIgniter->runController(Object(App\Controllers\Appointment))
 6 SYSTEMPATH/CodeIgniter.php(361): CodeIgniter\CodeIgniter->handleRequest(null, Object(Config\Cache), false)
 7 FCPATH/index.php(79): CodeIgniter\CodeIgniter->run()
CRITICAL - 2024-03-10 02:24:39 --> Error: Call to a member function initialize() on null
in APPPATH/Models/FileUpload_Model.php on line 45.
 1 APPPATH/Models/Appointment_Model.php(226): App\Models\FileUpload_Model->uploadMultipleImages('media_files', 0, 'test_result', 'test_result_1710057279', 'appointment', '::1')
 2 APPPATH/Controllers/Appointment.php(174): App\Models\Appointment_Model->updateAppointments([...], [...], '::1')
 3 SYSTEMPATH/CodeIgniter.php(941): App\Controllers\Appointment->update()
 4 SYSTEMPATH/CodeIgniter.php(502): CodeIgniter\CodeIgniter->runController(Object(App\Controllers\Appointment))
 5 SYSTEMPATH/CodeIgniter.php(361): CodeIgniter\CodeIgniter->handleRequest(null, Object(Config\Cache), false)
 6 FCPATH/index.php(79): CodeIgniter\CodeIgniter->run()
INFO - 2024-03-10 02:36:16 --> Session: Class initialized using 'CodeIgniter\Session\Handlers\FileHandler' driver.
WARNING - 2024-03-10 02:36:16 --> [DEPRECATED] DateTime::__construct(): Passing null to parameter #1 ($datetime) of type string is deprecated in APPPATH/Models/Common_Model.php on line 21.
 1 APPPATH/Models/Common_Model.php(21): DateTime->__construct(null, Object(DateTimeZone))
 2 APPPATH/Models/Appointment_Model.php(221): CodeIgniter\Model\Common_Model->getCurrentTimeStamp()
 3 APPPATH/Controllers/Appointment.php(174): App\Models\Appointment_Model->updateAppointments([...], [...], '::1')
 4 SYSTEMPATH/CodeIgniter.php(941): App\Controllers\Appointment->update()
 5 SYSTEMPATH/CodeIgniter.php(502): CodeIgniter\CodeIgniter->runController(Object(App\Controllers\Appointment))
 6 SYSTEMPATH/CodeIgniter.php(361): CodeIgniter\CodeIgniter->handleRequest(null, Object(Config\Cache), false)
 7 FCPATH/index.php(79): CodeIgniter\CodeIgniter->run()
CRITICAL - 2024-03-10 02:36:16 --> CodeIgniter\Database\Exceptions\DatabaseException: You must set the database table to be used with your query.
in SYSTEMPATH/Database/BaseConnection.php on line 884.
 1 SYSTEMPATH/Model.php(662): CodeIgniter\Database\BaseConnection->table(null)
 2 SYSTEMPATH/Model.php(839): CodeIgniter\Model->builder()
 3 APPPATH/Models/FileUpload_Model.php(25): CodeIgniter\Model->__get('request')
 4 APPPATH/Models/Appointment_Model.php(226): App\Models\FileUpload_Model->uploadMultipleImages('media_files', 0, 'test_result', 'test_result_1710057976', 'appointment', '::1')
 5 APPPATH/Controllers/Appointment.php(174): App\Models\Appointment_Model->updateAppointments([...], [...], '::1')
 6 SYSTEMPATH/CodeIgniter.php(941): App\Controllers\Appointment->update()
 7 SYSTEMPATH/CodeIgniter.php(502): CodeIgniter\CodeIgniter->runController(Object(App\Controllers\Appointment))
 8 SYSTEMPATH/CodeIgniter.php(361): CodeIgniter\CodeIgniter->handleRequest(null, Object(Config\Cache), false)
 9 FCPATH/index.php(79): CodeIgniter\CodeIgniter->run()
INFO - 2024-03-10 02:37:53 --> Session: Class initialized using 'CodeIgniter\Session\Handlers\FileHandler' driver.
WARNING - 2024-03-10 02:37:53 --> [DEPRECATED] DateTime::__construct(): Passing null to parameter #1 ($datetime) of type string is deprecated in APPPATH/Models/Common_Model.php on line 21.
 1 APPPATH/Models/Common_Model.php(21): DateTime->__construct(null, Object(DateTimeZone))
 2 APPPATH/Models/Appointment_Model.php(221): CodeIgniter\Model\Common_Model->getCurrentTimeStamp()
 3 APPPATH/Controllers/Appointment.php(174): App\Models\Appointment_Model->updateAppointments([...], [...], '::1')
 4 SYSTEMPATH/CodeIgniter.php(941): App\Controllers\Appointment->update()
 5 SYSTEMPATH/CodeIgniter.php(502): CodeIgniter\CodeIgniter->runController(Object(App\Controllers\Appointment))
 6 SYSTEMPATH/CodeIgniter.php(361): CodeIgniter\CodeIgniter->handleRequest(null, Object(Config\Cache), false)
 7 FCPATH/index.php(79): CodeIgniter\CodeIgniter->run()
CRITICAL - 2024-03-10 02:37:53 --> Error: Call to undefined method CodeIgniter\HTTP\Files\UploadedFile::getData()
in APPPATH/Models/FileUpload_Model.php on line 43.
 1 APPPATH/Models/Appointment_Model.php(226): App\Models\FileUpload_Model->uploadMultipleImages('media_files', 0, 'test_result', 'test_result_1710058073', 'appointment', '::1')
 2 APPPATH/Controllers/Appointment.php(174): App\Models\Appointment_Model->updateAppointments([...], [...], '::1')
 3 SYSTEMPATH/CodeIgniter.php(941): App\Controllers\Appointment->update()
 4 SYSTEMPATH/CodeIgniter.php(502): CodeIgniter\CodeIgniter->runController(Object(App\Controllers\Appointment))
 5 SYSTEMPATH/CodeIgniter.php(361): CodeIgniter\CodeIgniter->handleRequest(null, Object(Config\Cache), false)
 6 FCPATH/index.php(79): CodeIgniter\CodeIgniter->run()
INFO - 2024-03-10 02:43:37 --> Session: Class initialized using 'CodeIgniter\Session\Handlers\FileHandler' driver.
WARNING - 2024-03-10 02:43:37 --> [DEPRECATED] DateTime::__construct(): Passing null to parameter #1 ($datetime) of type string is deprecated in APPPATH/Models/Common_Model.php on line 21.
 1 APPPATH/Models/Common_Model.php(21): DateTime->__construct(null, Object(DateTimeZone))
 2 APPPATH/Models/Appointment_Model.php(221): CodeIgniter\Model\Common_Model->getCurrentTimeStamp()
 3 APPPATH/Controllers/Appointment.php(174): App\Models\Appointment_Model->updateAppointments([...], [...], '::1')
 4 SYSTEMPATH/CodeIgniter.php(941): App\Controllers\Appointment->update()
 5 SYSTEMPATH/CodeIgniter.php(502): CodeIgniter\CodeIgniter->runController(Object(App\Controllers\Appointment))
 6 SYSTEMPATH/CodeIgniter.php(361): CodeIgniter\CodeIgniter->handleRequest(null, Object(Config\Cache), false)
 7 FCPATH/index.php(79): CodeIgniter\CodeIgniter->run()
CRITICAL - 2024-03-10 02:43:37 --> Error: Call to undefined method CodeIgniter\HTTP\Files\UploadedFile::getData()
in APPPATH/Models/FileUpload_Model.php on line 43.
 1 APPPATH/Models/Appointment_Model.php(226): App\Models\FileUpload_Model->uploadMultipleImages('media_files', 0, 'test_result', 'test_result_1710058417', 'appointment', '::1')
 2 APPPATH/Controllers/Appointment.php(174): App\Models\Appointment_Model->updateAppointments([...], [...], '::1')
 3 SYSTEMPATH/CodeIgniter.php(941): App\Controllers\Appointment->update()
 4 SYSTEMPATH/CodeIgniter.php(502): CodeIgniter\CodeIgniter->runController(Object(App\Controllers\Appointment))
 5 SYSTEMPATH/CodeIgniter.php(361): CodeIgniter\CodeIgniter->handleRequest(null, Object(Config\Cache), false)
 6 FCPATH/index.php(79): CodeIgniter\CodeIgniter->run()
INFO - 2024-03-10 02:44:39 --> Session: Class initialized using 'CodeIgniter\Session\Handlers\FileHandler' driver.
WARNING - 2024-03-10 02:44:39 --> [DEPRECATED] DateTime::__construct(): Passing null to parameter #1 ($datetime) of type string is deprecated in APPPATH/Models/Common_Model.php on line 21.
 1 APPPATH/Models/Common_Model.php(21): DateTime->__construct(null, Object(DateTimeZone))
 2 APPPATH/Models/Appointment_Model.php(221): CodeIgniter\Model\Common_Model->getCurrentTimeStamp()
 3 APPPATH/Controllers/Appointment.php(174): App\Models\Appointment_Model->updateAppointments([...], [...], '::1')
 4 SYSTEMPATH/CodeIgniter.php(941): App\Controllers\Appointment->update()
 5 SYSTEMPATH/CodeIgniter.php(502): CodeIgniter\CodeIgniter->runController(Object(App\Controllers\Appointment))
 6 SYSTEMPATH/CodeIgniter.php(361): CodeIgniter\CodeIgniter->handleRequest(null, Object(Config\Cache), false)
 7 FCPATH/index.php(79): CodeIgniter\CodeIgniter->run()
CRITICAL - 2024-03-10 02:44:39 --> Error: Call to a member function currentColomboTime() on null
in APPPATH/Models/FileUpload_Model.php on line 44.
 1 APPPATH/Models/Appointment_Model.php(226): App\Models\FileUpload_Model->uploadMultipleImages('media_files', 0, 'test_result', 'test_result_1710058479', 'appointment', '::1')
 2 APPPATH/Controllers/Appointment.php(174): App\Models\Appointment_Model->updateAppointments([...], [...], '::1')
 3 SYSTEMPATH/CodeIgniter.php(941): App\Controllers\Appointment->update()
 4 SYSTEMPATH/CodeIgniter.php(502): CodeIgniter\CodeIgniter->runController(Object(App\Controllers\Appointment))
 5 SYSTEMPATH/CodeIgniter.php(361): CodeIgniter\CodeIgniter->handleRequest(null, Object(Config\Cache), false)
 6 FCPATH/index.php(79): CodeIgniter\CodeIgniter->run()
INFO - 2024-03-10 02:47:06 --> Session: Class initialized using 'CodeIgniter\Session\Handlers\FileHandler' driver.
WARNING - 2024-03-10 02:47:06 --> [DEPRECATED] DateTime::__construct(): Passing null to parameter #1 ($datetime) of type string is deprecated in APPPATH/Models/Common_Model.php on line 21.
 1 APPPATH/Models/Common_Model.php(21): DateTime->__construct(null, Object(DateTimeZone))
 2 APPPATH/Models/Appointment_Model.php(221): CodeIgniter\Model\Common_Model->getCurrentTimeStamp()
 3 APPPATH/Controllers/Appointment.php(174): App\Models\Appointment_Model->updateAppointments([...], [...], '::1')
 4 SYSTEMPATH/CodeIgniter.php(941): App\Controllers\Appointment->update()
 5 SYSTEMPATH/CodeIgniter.php(502): CodeIgniter\CodeIgniter->runController(Object(App\Controllers\Appointment))
 6 SYSTEMPATH/CodeIgniter.php(361): CodeIgniter\CodeIgniter->handleRequest(null, Object(Config\Cache), false)
 7 FCPATH/index.php(79): CodeIgniter\CodeIgniter->run()
CRITICAL - 2024-03-10 02:47:06 --> Error: Call to a member function currentColomboTime() on null
in APPPATH/Models/FileUpload_Model.php on line 45.
 1 APPPATH/Models/Appointment_Model.php(226): App\Models\FileUpload_Model->uploadMultipleImages('media_files', 0, 'test_result', 'test_result_1710058626', 'appointment', '::1')
 2 APPPATH/Controllers/Appointment.php(174): App\Models\Appointment_Model->updateAppointments([...], [...], '::1')
 3 SYSTEMPATH/CodeIgniter.php(941): App\Controllers\Appointment->update()
 4 SYSTEMPATH/CodeIgniter.php(502): CodeIgniter\CodeIgniter->runController(Object(App\Controllers\Appointment))
 5 SYSTEMPATH/CodeIgniter.php(361): CodeIgniter\CodeIgniter->handleRequest(null, Object(Config\Cache), false)
 6 FCPATH/index.php(79): CodeIgniter\CodeIgniter->run()
INFO - 2024-03-10 02:48:31 --> Session: Class initialized using 'CodeIgniter\Session\Handlers\FileHandler' driver.
WARNING - 2024-03-10 02:48:31 --> [DEPRECATED] DateTime::__construct(): Passing null to parameter #1 ($datetime) of type string is deprecated in APPPATH/Models/Common_Model.php on line 21.
 1 APPPATH/Models/Common_Model.php(21): DateTime->__construct(null, Object(DateTimeZone))
 2 APPPATH/Models/Appointment_Model.php(221): CodeIgniter\Model\Common_Model->getCurrentTimeStamp()
 3 APPPATH/Controllers/Appointment.php(174): App\Models\Appointment_Model->updateAppointments([...], [...], '::1')
 4 SYSTEMPATH/CodeIgniter.php(941): App\Controllers\Appointment->update()
 5 SYSTEMPATH/CodeIgniter.php(502): CodeIgniter\CodeIgniter->runController(Object(App\Controllers\Appointment))
 6 SYSTEMPATH/CodeIgniter.php(361): CodeIgniter\CodeIgniter->handleRequest(null, Object(Config\Cache), false)
 7 FCPATH/index.php(79): CodeIgniter\CodeIgniter->run()
WARNING - 2024-03-10 02:48:31 --> [DEPRECATED] DateTime::__construct(): Passing null to parameter #1 ($datetime) of type string is deprecated in APPPATH/Models/Common_Model.php on line 9.
 1 APPPATH/Models/Common_Model.php(9): DateTime->__construct(null, Object(DateTimeZone))
 2 APPPATH/Models/FileUpload_Model.php(45): CodeIgniter\Model\Common_Model->currentColomboTime()
 3 APPPATH/Models/Appointment_Model.php(226): App\Models\FileUpload_Model->uploadMultipleImages('media_files', 0, 'test_result', 'test_result_1710058711', 'appointment', '::1')
 4 APPPATH/Controllers/Appointment.php(174): App\Models\Appointment_Model->updateAppointments([...], [...], '::1')
 5 SYSTEMPATH/CodeIgniter.php(941): App\Controllers\Appointment->update()
 6 SYSTEMPATH/CodeIgniter.php(502): CodeIgniter\CodeIgniter->runController(Object(App\Controllers\Appointment))
 7 SYSTEMPATH/CodeIgniter.php(361): CodeIgniter\CodeIgniter->handleRequest(null, Object(Config\Cache), false)
 8 FCPATH/index.php(79): CodeIgniter\CodeIgniter->run()
CRITICAL - 2024-03-10 02:48:31 --> Error: Call to undefined method CodeIgniter\HTTP\Files\UploadedFile::isImage()
in APPPATH/Models/FileUpload_Model.php on line 52.
 1 APPPATH/Models/Appointment_Model.php(226): App\Models\FileUpload_Model->uploadMultipleImages('media_files', 0, 'test_result', 'test_result_1710058711', 'appointment', '::1')
 2 APPPATH/Controllers/Appointment.php(174): App\Models\Appointment_Model->updateAppointments([...], [...], '::1')
 3 SYSTEMPATH/CodeIgniter.php(941): App\Controllers\Appointment->update()
 4 SYSTEMPATH/CodeIgniter.php(502): CodeIgniter\CodeIgniter->runController(Object(App\Controllers\Appointment))
 5 SYSTEMPATH/CodeIgniter.php(361): CodeIgniter\CodeIgniter->handleRequest(null, Object(Config\Cache), false)
 6 FCPATH/index.php(79): CodeIgniter\CodeIgniter->run()
INFO - 2024-03-10 02:49:41 --> Session: Class initialized using 'CodeIgniter\Session\Handlers\FileHandler' driver.
WARNING - 2024-03-10 02:49:41 --> [DEPRECATED] DateTime::__construct(): Passing null to parameter #1 ($datetime) of type string is deprecated in APPPATH/Models/Common_Model.php on line 21.
 1 APPPATH/Models/Common_Model.php(21): DateTime->__construct(null, Object(DateTimeZone))
 2 APPPATH/Models/Appointment_Model.php(221): CodeIgniter\Model\Common_Model->getCurrentTimeStamp()
 3 APPPATH/Controllers/Appointment.php(174): App\Models\Appointment_Model->updateAppointments([...], [...], '::1')
 4 SYSTEMPATH/CodeIgniter.php(941): App\Controllers\Appointment->update()
 5 SYSTEMPATH/CodeIgniter.php(502): CodeIgniter\CodeIgniter->runController(Object(App\Controllers\Appointment))
 6 SYSTEMPATH/CodeIgniter.php(361): CodeIgniter\CodeIgniter->handleRequest(null, Object(Config\Cache), false)
 7 FCPATH/index.php(79): CodeIgniter\CodeIgniter->run()
WARNING - 2024-03-10 02:49:41 --> [DEPRECATED] DateTime::__construct(): Passing null to parameter #1 ($datetime) of type string is deprecated in APPPATH/Models/Common_Model.php on line 9.
 1 APPPATH/Models/Common_Model.php(9): DateTime->__construct(null, Object(DateTimeZone))
 2 APPPATH/Models/FileUpload_Model.php(45): CodeIgniter\Model\Common_Model->currentColomboTime()
 3 APPPATH/Models/Appointment_Model.php(226): App\Models\FileUpload_Model->uploadMultipleImages('media_files', 0, 'test_result', 'test_result_1710058781', 'appointment', '::1')
 4 APPPATH/Controllers/Appointment.php(174): App\Models\Appointment_Model->updateAppointments([...], [...], '::1')
 5 SYSTEMPATH/CodeIgniter.php(941): App\Controllers\Appointment->update()
 6 SYSTEMPATH/CodeIgniter.php(502): CodeIgniter\CodeIgniter->runController(Object(App\Controllers\Appointment))
 7 SYSTEMPATH/CodeIgniter.php(361): CodeIgniter\CodeIgniter->handleRequest(null, Object(Config\Cache), false)
 8 FCPATH/index.php(79): CodeIgniter\CodeIgniter->run()
ERROR - 2024-03-10 02:49:41 --> mysqli_sql_exception: Column 'image_width' cannot be null in /Applications/MAMP/htdocs/icbt/system/Database/MySQLi/Connection.php:306
Stack trace:
#0 /Applications/MAMP/htdocs/icbt/system/Database/MySQLi/Connection.php(306): mysqli->query('INSERT INTO `me...', 0)
#1 /Applications/MAMP/htdocs/icbt/system/Database/BaseConnection.php(693): CodeIgniter\Database\MySQLi\Connection->execute('INSERT INTO `me...')
#2 /Applications/MAMP/htdocs/icbt/system/Database/BaseConnection.php(607): CodeIgniter\Database\BaseConnection->simpleQuery('INSERT INTO `me...')
#3 /Applications/MAMP/htdocs/icbt/system/Database/BaseBuilder.php(2307): CodeIgniter\Database\BaseConnection->query('INSERT INTO `me...', Array, false)
#4 /Applications/MAMP/htdocs/icbt/app/Models/FileUpload_Model.php(132): CodeIgniter\Database\BaseBuilder->insert(Array)
#5 /Applications/MAMP/htdocs/icbt/app/Models/Appointment_Model.php(229): App\Models\FileUpload_Model->updateDatabaseEntry(Array, 'media')
#6 /Applications/MAMP/htdocs/icbt/app/Controllers/Appointment.php(174): App\Models\Appointment_Model->updateAppointments(Array, Array, '::1')
#7 /Applications/MAMP/htdocs/icbt/system/CodeIgniter.php(941): App\Controllers\Appointment->update()
#8 /Applications/MAMP/htdocs/icbt/system/CodeIgniter.php(502): CodeIgniter\CodeIgniter->runController(Object(App\Controllers\Appointment))
#9 /Applications/MAMP/htdocs/icbt/system/CodeIgniter.php(361): CodeIgniter\CodeIgniter->handleRequest(NULL, Object(Config\Cache), false)
#10 /Applications/MAMP/htdocs/icbt/public/index.php(79): CodeIgniter\CodeIgniter->run()
#11 {main}
CRITICAL - 2024-03-10 02:49:41 --> CodeIgniter\Database\Exceptions\DatabaseException: Column 'image_width' cannot be null
in SYSTEMPATH/Database/BaseConnection.php on line 647.
 1 SYSTEMPATH/Database/BaseBuilder.php(2307): CodeIgniter\Database\BaseConnection->query('INSERT INTO `media` (`image_for`, `file_name`, `file_type`, `file_size`, `is_image`, `image_width`, `image_height`, `image_type`, `path`, `active`, `ip_address`, `updated_at`) VALUES (:image_for:, :file_name:, :file_type:, :file_size:, :is_image:, :image_width:, :image_height:, :image_type:, :path:, :active:, :ip_address:, :updated_at:)', [...], false)
 2 APPPATH/Models/FileUpload_Model.php(132): CodeIgniter\Database\BaseBuilder->insert([...])
 3 APPPATH/Models/Appointment_Model.php(229): App\Models\FileUpload_Model->updateDatabaseEntry([...], 'media')
 4 APPPATH/Controllers/Appointment.php(174): App\Models\Appointment_Model->updateAppointments([...], [...], '::1')
 5 SYSTEMPATH/CodeIgniter.php(941): App\Controllers\Appointment->update()
 6 SYSTEMPATH/CodeIgniter.php(502): CodeIgniter\CodeIgniter->runController(Object(App\Controllers\Appointment))
 7 SYSTEMPATH/CodeIgniter.php(361): CodeIgniter\CodeIgniter->handleRequest(null, Object(Config\Cache), false)
 8 FCPATH/index.php(79): CodeIgniter\CodeIgniter->run()
CRITICAL - 2024-03-10 02:49:41 --> [Caused by] CodeIgniter\Database\Exceptions\DatabaseException: Column 'image_width' cannot be null
in SYSTEMPATH/Database/MySQLi/Connection.php on line 311.
 1 SYSTEMPATH/Database/BaseConnection.php(693): CodeIgniter\Database\MySQLi\Connection->execute('INSERT INTO `media` (`image_for`, `file_name`, `file_type`, `file_size`, `is_image`, `image_width`, `image_height`, `image_type`, `path`, `active`, `ip_address`, `updated_at`) VALUES (\'appointment\', \'360_F_404556272_ioGyvLhtOZXhEm0WoqGNIZOkr6JESGy0.pdf\', \'application/pdf\', 9244, 0, NULL, NULL, NULL, \'test_result/360_F_404556272_ioGyvLhtOZXhEm0WoqGNIZOkr6JESGy0.pdf\', 1, \'::1\', \'2024-03-10 08:19:41\')')
 2 SYSTEMPATH/Database/BaseConnection.php(607): CodeIgniter\Database\BaseConnection->simpleQuery('INSERT INTO `media` (`image_for`, `file_name`, `file_type`, `file_size`, `is_image`, `image_width`, `image_height`, `image_type`, `path`, `active`, `ip_address`, `updated_at`) VALUES (\'appointment\', \'360_F_404556272_ioGyvLhtOZXhEm0WoqGNIZOkr6JESGy0.pdf\', \'application/pdf\', 9244, 0, NULL, NULL, NULL, \'test_result/360_F_404556272_ioGyvLhtOZXhEm0WoqGNIZOkr6JESGy0.pdf\', 1, \'::1\', \'2024-03-10 08:19:41\')')
 3 SYSTEMPATH/Database/BaseBuilder.php(2307): CodeIgniter\Database\BaseConnection->query('INSERT INTO `media` (`image_for`, `file_name`, `file_type`, `file_size`, `is_image`, `image_width`, `image_height`, `image_type`, `path`, `active`, `ip_address`, `updated_at`) VALUES (:image_for:, :file_name:, :file_type:, :file_size:, :is_image:, :image_width:, :image_height:, :image_type:, :path:, :active:, :ip_address:, :updated_at:)', [...], false)
 4 APPPATH/Models/FileUpload_Model.php(132): CodeIgniter\Database\BaseBuilder->insert([...])
 5 APPPATH/Models/Appointment_Model.php(229): App\Models\FileUpload_Model->updateDatabaseEntry([...], 'media')
 6 APPPATH/Controllers/Appointment.php(174): App\Models\Appointment_Model->updateAppointments([...], [...], '::1')
 7 SYSTEMPATH/CodeIgniter.php(941): App\Controllers\Appointment->update()
 8 SYSTEMPATH/CodeIgniter.php(502): CodeIgniter\CodeIgniter->runController(Object(App\Controllers\Appointment))
 9 SYSTEMPATH/CodeIgniter.php(361): CodeIgniter\CodeIgniter->handleRequest(null, Object(Config\Cache), false)
10 FCPATH/index.php(79): CodeIgniter\CodeIgniter->run()
CRITICAL - 2024-03-10 02:49:41 --> [Caused by] mysqli_sql_exception: Column 'image_width' cannot be null
in SYSTEMPATH/Database/MySQLi/Connection.php on line 306.
 1 SYSTEMPATH/Database/MySQLi/Connection.php(306): mysqli->query('INSERT INTO `media` (`image_for`, `file_name`, `file_type`, `file_size`, `is_image`, `image_width`, `image_height`, `image_type`, `path`, `active`, `ip_address`, `updated_at`) VALUES (\'appointment\', \'360_F_404556272_ioGyvLhtOZXhEm0WoqGNIZOkr6JESGy0.pdf\', \'application/pdf\', 9244, 0, NULL, NULL, NULL, \'test_result/360_F_404556272_ioGyvLhtOZXhEm0WoqGNIZOkr6JESGy0.pdf\', 1, \'::1\', \'2024-03-10 08:19:41\')', 0)
 2 SYSTEMPATH/Database/BaseConnection.php(693): CodeIgniter\Database\MySQLi\Connection->execute('INSERT INTO `media` (`image_for`, `file_name`, `file_type`, `file_size`, `is_image`, `image_width`, `image_height`, `image_type`, `path`, `active`, `ip_address`, `updated_at`) VALUES (\'appointment\', \'360_F_404556272_ioGyvLhtOZXhEm0WoqGNIZOkr6JESGy0.pdf\', \'application/pdf\', 9244, 0, NULL, NULL, NULL, \'test_result/360_F_404556272_ioGyvLhtOZXhEm0WoqGNIZOkr6JESGy0.pdf\', 1, \'::1\', \'2024-03-10 08:19:41\')')
 3 SYSTEMPATH/Database/BaseConnection.php(607): CodeIgniter\Database\BaseConnection->simpleQuery('INSERT INTO `media` (`image_for`, `file_name`, `file_type`, `file_size`, `is_image`, `image_width`, `image_height`, `image_type`, `path`, `active`, `ip_address`, `updated_at`) VALUES (\'appointment\', \'360_F_404556272_ioGyvLhtOZXhEm0WoqGNIZOkr6JESGy0.pdf\', \'application/pdf\', 9244, 0, NULL, NULL, NULL, \'test_result/360_F_404556272_ioGyvLhtOZXhEm0WoqGNIZOkr6JESGy0.pdf\', 1, \'::1\', \'2024-03-10 08:19:41\')')
 4 SYSTEMPATH/Database/BaseBuilder.php(2307): CodeIgniter\Database\BaseConnection->query('INSERT INTO `media` (`image_for`, `file_name`, `file_type`, `file_size`, `is_image`, `image_width`, `image_height`, `image_type`, `path`, `active`, `ip_address`, `updated_at`) VALUES (:image_for:, :file_name:, :file_type:, :file_size:, :is_image:, :image_width:, :image_height:, :image_type:, :path:, :active:, :ip_address:, :updated_at:)', [...], false)
 5 APPPATH/Models/FileUpload_Model.php(132): CodeIgniter\Database\BaseBuilder->insert([...])
 6 APPPATH/Models/Appointment_Model.php(229): App\Models\FileUpload_Model->updateDatabaseEntry([...], 'media')
 7 APPPATH/Controllers/Appointment.php(174): App\Models\Appointment_Model->updateAppointments([...], [...], '::1')
 8 SYSTEMPATH/CodeIgniter.php(941): App\Controllers\Appointment->update()
 9 SYSTEMPATH/CodeIgniter.php(502): CodeIgniter\CodeIgniter->runController(Object(App\Controllers\Appointment))
10 SYSTEMPATH/CodeIgniter.php(361): CodeIgniter\CodeIgniter->handleRequest(null, Object(Config\Cache), false)
11 FCPATH/index.php(79): CodeIgniter\CodeIgniter->run()
INFO - 2024-03-10 02:50:43 --> Session: Class initialized using 'CodeIgniter\Session\Handlers\FileHandler' driver.
WARNING - 2024-03-10 02:50:43 --> [DEPRECATED] DateTime::__construct(): Passing null to parameter #1 ($datetime) of type string is deprecated in APPPATH/Models/Common_Model.php on line 21.
 1 APPPATH/Models/Common_Model.php(21): DateTime->__construct(null, Object(DateTimeZone))
 2 APPPATH/Models/Appointment_Model.php(221): CodeIgniter\Model\Common_Model->getCurrentTimeStamp()
 3 APPPATH/Controllers/Appointment.php(174): App\Models\Appointment_Model->updateAppointments([...], [...], '::1')
 4 SYSTEMPATH/CodeIgniter.php(941): App\Controllers\Appointment->update()
 5 SYSTEMPATH/CodeIgniter.php(502): CodeIgniter\CodeIgniter->runController(Object(App\Controllers\Appointment))
 6 SYSTEMPATH/CodeIgniter.php(361): CodeIgniter\CodeIgniter->handleRequest(null, Object(Config\Cache), false)
 7 FCPATH/index.php(79): CodeIgniter\CodeIgniter->run()
WARNING - 2024-03-10 02:50:43 --> [DEPRECATED] DateTime::__construct(): Passing null to parameter #1 ($datetime) of type string is deprecated in APPPATH/Models/Common_Model.php on line 9.
 1 APPPATH/Models/Common_Model.php(9): DateTime->__construct(null, Object(DateTimeZone))
 2 APPPATH/Models/FileUpload_Model.php(45): CodeIgniter\Model\Common_Model->currentColomboTime()
 3 APPPATH/Models/Appointment_Model.php(226): App\Models\FileUpload_Model->uploadMultipleImages('media_files', 0, 'test_result', 'test_result_1710058843', 'appointment', '::1')
 4 APPPATH/Controllers/Appointment.php(174): App\Models\Appointment_Model->updateAppointments([...], [...], '::1')
 5 SYSTEMPATH/CodeIgniter.php(941): App\Controllers\Appointment->update()
 6 SYSTEMPATH/CodeIgniter.php(502): CodeIgniter\CodeIgniter->runController(Object(App\Controllers\Appointment))
 7 SYSTEMPATH/CodeIgniter.php(361): CodeIgniter\CodeIgniter->handleRequest(null, Object(Config\Cache), false)
 8 FCPATH/index.php(79): CodeIgniter\CodeIgniter->run()
INFO - 2024-03-10 02:50:43 --> Session: Class initialized using 'CodeIgniter\Session\Handlers\FileHandler' driver.
INFO - 2024-03-10 04:42:34 --> Session: Class initialized using 'CodeIgniter\Session\Handlers\FileHandler' driver.
INFO - 2024-03-10 04:42:50 --> Session: Class initialized using 'CodeIgniter\Session\Handlers\FileHandler' driver.
WARNING - 2024-03-10 04:42:50 --> [DEPRECATED] DateTime::__construct(): Passing null to parameter #1 ($datetime) of type string is deprecated in APPPATH/Models/Common_Model.php on line 21.
 1 APPPATH/Models/Common_Model.php(21): DateTime->__construct(null, Object(DateTimeZone))
 2 APPPATH/Models/Appointment_Model.php(221): CodeIgniter\Model\Common_Model->getCurrentTimeStamp()
 3 APPPATH/Controllers/Appointment.php(174): App\Models\Appointment_Model->updateAppointments([...], [...], '::1')
 4 SYSTEMPATH/CodeIgniter.php(941): App\Controllers\Appointment->update()
 5 SYSTEMPATH/CodeIgniter.php(502): CodeIgniter\CodeIgniter->runController(Object(App\Controllers\Appointment))
 6 SYSTEMPATH/CodeIgniter.php(361): CodeIgniter\CodeIgniter->handleRequest(null, Object(Config\Cache), false)
 7 FCPATH/index.php(79): CodeIgniter\CodeIgniter->run()
WARNING - 2024-03-10 04:42:50 --> [DEPRECATED] DateTime::__construct(): Passing null to parameter #1 ($datetime) of type string is deprecated in APPPATH/Models/Common_Model.php on line 9.
 1 APPPATH/Models/Common_Model.php(9): DateTime->__construct(null, Object(DateTimeZone))
 2 APPPATH/Models/FileUpload_Model.php(45): CodeIgniter\Model\Common_Model->currentColomboTime()
 3 APPPATH/Models/Appointment_Model.php(226): App\Models\FileUpload_Model->uploadMultipleImages('media_files', 0, 'test_result', 'test_result_1710065570', 'appointment', '::1')
 4 APPPATH/Controllers/Appointment.php(174): App\Models\Appointment_Model->updateAppointments([...], [...], '::1')
 5 SYSTEMPATH/CodeIgniter.php(941): App\Controllers\Appointment->update()
 6 SYSTEMPATH/CodeIgniter.php(502): CodeIgniter\CodeIgniter->runController(Object(App\Controllers\Appointment))
 7 SYSTEMPATH/CodeIgniter.php(361): CodeIgniter\CodeIgniter->handleRequest(null, Object(Config\Cache), false)
 8 FCPATH/index.php(79): CodeIgniter\CodeIgniter->run()
INFO - 2024-03-10 04:42:51 --> Session: Class initialized using 'CodeIgniter\Session\Handlers\FileHandler' driver.
INFO - 2024-03-10 04:48:24 --> Session: Class initialized using 'CodeIgniter\Session\Handlers\FileHandler' driver.
INFO - 2024-03-10 04:48:36 --> Session: Class initialized using 'CodeIgniter\Session\Handlers\FileHandler' driver.
WARNING - 2024-03-10 04:48:36 --> [DEPRECATED] DateTime::__construct(): Passing null to parameter #1 ($datetime) of type string is deprecated in APPPATH/Models/Common_Model.php on line 21.
 1 APPPATH/Models/Common_Model.php(21): DateTime->__construct(null, Object(DateTimeZone))
 2 APPPATH/Models/Appointment_Model.php(221): CodeIgniter\Model\Common_Model->getCurrentTimeStamp()
 3 APPPATH/Controllers/Appointment.php(174): App\Models\Appointment_Model->updateAppointments([...], [...], '::1')
 4 SYSTEMPATH/CodeIgniter.php(941): App\Controllers\Appointment->update()
 5 SYSTEMPATH/CodeIgniter.php(502): CodeIgniter\CodeIgniter->runController(Object(App\Controllers\Appointment))
 6 SYSTEMPATH/CodeIgniter.php(361): CodeIgniter\CodeIgniter->handleRequest(null, Object(Config\Cache), false)
 7 FCPATH/index.php(79): CodeIgniter\CodeIgniter->run()
WARNING - 2024-03-10 04:48:36 --> [DEPRECATED] DateTime::__construct(): Passing null to parameter #1 ($datetime) of type string is deprecated in APPPATH/Models/Common_Model.php on line 9.
 1 APPPATH/Models/Common_Model.php(9): DateTime->__construct(null, Object(DateTimeZone))
 2 APPPATH/Models/FileUpload_Model.php(40): CodeIgniter\Model\Common_Model->currentColomboTime()
 3 APPPATH/Models/Appointment_Model.php(226): App\Models\FileUpload_Model->uploadMultipleImages('media_files', 0, 'test_result', 'test_result_1710065916', 'appointment', '::1')
 4 APPPATH/Controllers/Appointment.php(174): App\Models\Appointment_Model->updateAppointments([...], [...], '::1')
 5 SYSTEMPATH/CodeIgniter.php(941): App\Controllers\Appointment->update()
 6 SYSTEMPATH/CodeIgniter.php(502): CodeIgniter\CodeIgniter->runController(Object(App\Controllers\Appointment))
 7 SYSTEMPATH/CodeIgniter.php(361): CodeIgniter\CodeIgniter->handleRequest(null, Object(Config\Cache), false)
 8 FCPATH/index.php(79): CodeIgniter\CodeIgniter->run()
INFO - 2024-03-10 04:48:36 --> Session: Class initialized using 'CodeIgniter\Session\Handlers\FileHandler' driver.
INFO - 2024-03-10 04:48:50 --> Session: Class initialized using 'CodeIgniter\Session\Handlers\FileHandler' driver.
INFO - 2024-03-10 04:48:57 --> Session: Class initialized using 'CodeIgniter\Session\Handlers\FileHandler' driver.
WARNING - 2024-03-10 04:48:57 --> [DEPRECATED] DateTime::__construct(): Passing null to parameter #1 ($datetime) of type string is deprecated in APPPATH/Models/Common_Model.php on line 21.
 1 APPPATH/Models/Common_Model.php(21): DateTime->__construct(null, Object(DateTimeZone))
 2 APPPATH/Models/Appointment_Model.php(221): CodeIgniter\Model\Common_Model->getCurrentTimeStamp()
 3 APPPATH/Controllers/Appointment.php(174): App\Models\Appointment_Model->updateAppointments([...], [...], '::1')
 4 SYSTEMPATH/CodeIgniter.php(941): App\Controllers\Appointment->update()
 5 SYSTEMPATH/CodeIgniter.php(502): CodeIgniter\CodeIgniter->runController(Object(App\Controllers\Appointment))
 6 SYSTEMPATH/CodeIgniter.php(361): CodeIgniter\CodeIgniter->handleRequest(null, Object(Config\Cache), false)
 7 FCPATH/index.php(79): CodeIgniter\CodeIgniter->run()
WARNING - 2024-03-10 04:48:57 --> [DEPRECATED] DateTime::__construct(): Passing null to parameter #1 ($datetime) of type string is deprecated in APPPATH/Models/Common_Model.php on line 9.
 1 APPPATH/Models/Common_Model.php(9): DateTime->__construct(null, Object(DateTimeZone))
 2 APPPATH/Models/FileUpload_Model.php(40): CodeIgniter\Model\Common_Model->currentColomboTime()
 3 APPPATH/Models/Appointment_Model.php(226): App\Models\FileUpload_Model->uploadMultipleImages('media_files', 0, 'test_result', 'test_result_1710065937', 'appointment', '::1')
 4 APPPATH/Controllers/Appointment.php(174): App\Models\Appointment_Model->updateAppointments([...], [...], '::1')
 5 SYSTEMPATH/CodeIgniter.php(941): App\Controllers\Appointment->update()
 6 SYSTEMPATH/CodeIgniter.php(502): CodeIgniter\CodeIgniter->runController(Object(App\Controllers\Appointment))
 7 SYSTEMPATH/CodeIgniter.php(361): CodeIgniter\CodeIgniter->handleRequest(null, Object(Config\Cache), false)
 8 FCPATH/index.php(79): CodeIgniter\CodeIgniter->run()
INFO - 2024-03-10 04:48:57 --> Session: Class initialized using 'CodeIgniter\Session\Handlers\FileHandler' driver.
INFO - 2024-03-10 04:51:11 --> Session: Class initialized using 'CodeIgniter\Session\Handlers\FileHandler' driver.
INFO - 2024-03-10 05:03:52 --> Session: Class initialized using 'CodeIgniter\Session\Handlers\FileHandler' driver.
CRITICAL - 2024-03-10 05:03:52 --> ParseError: syntax error, unexpected token "if"
in APPPATH/Models/Appointment_Model.php on line 296.
 1 SYSTEMPATH/Autoloader/Autoloader.php(290): CodeIgniter\Autoloader\Autoloader->includeFile('/Applications/MAMP/htdocs/icbt/app/Models/Appointment_Model.php')
 2 SYSTEMPATH/Autoloader/Autoloader.php(266): CodeIgniter\Autoloader\Autoloader->loadInNamespace('App\\Models\\Appointment_Model')
 3 APPPATH/Controllers/Appointment.php(35): CodeIgniter\Autoloader\Autoloader->loadClass('App\\Models\\Appointment_Model')
 4 SYSTEMPATH/CodeIgniter.php(913): App\Controllers\Appointment->__construct()
 5 SYSTEMPATH/CodeIgniter.php(493): CodeIgniter\CodeIgniter->createController()
 6 SYSTEMPATH/CodeIgniter.php(361): CodeIgniter\CodeIgniter->handleRequest(null, Object(Config\Cache), false)
 7 FCPATH/index.php(79): CodeIgniter\CodeIgniter->run()
INFO - 2024-03-10 05:04:22 --> Session: Class initialized using 'CodeIgniter\Session\Handlers\FileHandler' driver.
INFO - 2024-03-10 05:12:46 --> Session: Class initialized using 'CodeIgniter\Session\Handlers\FileHandler' driver.
INFO - 2024-03-10 05:12:47 --> Session: Class initialized using 'CodeIgniter\Session\Handlers\FileHandler' driver.
INFO - 2024-03-10 05:12:51 --> Session: Class initialized using 'CodeIgniter\Session\Handlers\FileHandler' driver.
INFO - 2024-03-10 05:14:11 --> Session: Class initialized using 'CodeIgniter\Session\Handlers\FileHandler' driver.
INFO - 2024-03-10 05:14:12 --> Session: Class initialized using 'CodeIgniter\Session\Handlers\FileHandler' driver.
INFO - 2024-03-10 05:14:13 --> Session: Class initialized using 'CodeIgniter\Session\Handlers\FileHandler' driver.
INFO - 2024-03-10 05:14:20 --> Session: Class initialized using 'CodeIgniter\Session\Handlers\FileHandler' driver.
WARNING - 2024-03-10 05:14:20 --> [DEPRECATED] DateTime::__construct(): Passing null to parameter #1 ($datetime) of type string is deprecated in APPPATH/Models/Common_Model.php on line 21.
 1 APPPATH/Models/Common_Model.php(21): DateTime->__construct(null, Object(DateTimeZone))
 2 APPPATH/Models/Appointment_Model.php(220): CodeIgniter\Model\Common_Model->getCurrentTimeStamp()
 3 APPPATH/Controllers/Appointment.php(174): App\Models\Appointment_Model->updateAppointments([...], [...], '::1')
 4 SYSTEMPATH/CodeIgniter.php(941): App\Controllers\Appointment->update()
 5 SYSTEMPATH/CodeIgniter.php(502): CodeIgniter\CodeIgniter->runController(Object(App\Controllers\Appointment))
 6 SYSTEMPATH/CodeIgniter.php(361): CodeIgniter\CodeIgniter->handleRequest(null, Object(Config\Cache), false)
 7 FCPATH/index.php(79): CodeIgniter\CodeIgniter->run()
WARNING - 2024-03-10 05:14:20 --> [DEPRECATED] DateTime::__construct(): Passing null to parameter #1 ($datetime) of type string is deprecated in APPPATH/Models/Common_Model.php on line 9.
 1 APPPATH/Models/Common_Model.php(9): DateTime->__construct(null, Object(DateTimeZone))
 2 APPPATH/Models/FileUpload_Model.php(40): CodeIgniter\Model\Common_Model->currentColomboTime()
 3 APPPATH/Models/Appointment_Model.php(225): App\Models\FileUpload_Model->uploadMultipleImages('media_files', 0, 'test_result', 'test_result_1710067460', 'appointment', '::1')
 4 APPPATH/Controllers/Appointment.php(174): App\Models\Appointment_Model->updateAppointments([...], [...], '::1')
 5 SYSTEMPATH/CodeIgniter.php(941): App\Controllers\Appointment->update()
 6 SYSTEMPATH/CodeIgniter.php(502): CodeIgniter\CodeIgniter->runController(Object(App\Controllers\Appointment))
 7 SYSTEMPATH/CodeIgniter.php(361): CodeIgniter\CodeIgniter->handleRequest(null, Object(Config\Cache), false)
 8 FCPATH/index.php(79): CodeIgniter\CodeIgniter->run()
INFO - 2024-03-10 05:14:20 --> Session: Class initialized using 'CodeIgniter\Session\Handlers\FileHandler' driver.
INFO - 2024-03-10 05:14:22 --> Session: Class initialized using 'CodeIgniter\Session\Handlers\FileHandler' driver.
INFO - 2024-03-10 05:19:55 --> Session: Class initialized using 'CodeIgniter\Session\Handlers\FileHandler' driver.
WARNING - 2024-03-10 05:19:55 --> [DEPRECATED] DateTime::__construct(): Passing null to parameter #1 ($datetime) of type string is deprecated in APPPATH/Models/Common_Model.php on line 21.
 1 APPPATH/Models/Common_Model.php(21): DateTime->__construct(null, Object(DateTimeZone))
 2 APPPATH/Models/Appointment_Model.php(220): CodeIgniter\Model\Common_Model->getCurrentTimeStamp()
 3 APPPATH/Controllers/Appointment.php(174): App\Models\Appointment_Model->updateAppointments([...], [...], '::1')
 4 SYSTEMPATH/CodeIgniter.php(941): App\Controllers\Appointment->update()
 5 SYSTEMPATH/CodeIgniter.php(502): CodeIgniter\CodeIgniter->runController(Object(App\Controllers\Appointment))
 6 SYSTEMPATH/CodeIgniter.php(361): CodeIgniter\CodeIgniter->handleRequest(null, Object(Config\Cache), false)
 7 FCPATH/index.php(79): CodeIgniter\CodeIgniter->run()
WARNING - 2024-03-10 05:19:55 --> [DEPRECATED] DateTime::__construct(): Passing null to parameter #1 ($datetime) of type string is deprecated in APPPATH/Models/Common_Model.php on line 9.
 1 APPPATH/Models/Common_Model.php(9): DateTime->__construct(null, Object(DateTimeZone))
 2 APPPATH/Models/FileUpload_Model.php(40): CodeIgniter\Model\Common_Model->currentColomboTime()
 3 APPPATH/Models/Appointment_Model.php(225): App\Models\FileUpload_Model->uploadMultipleImages('media_files', 0, 'test_result', 'test_result_1710067795', 'appointment', '::1')
 4 APPPATH/Controllers/Appointment.php(174): App\Models\Appointment_Model->updateAppointments([...], [...], '::1')
 5 SYSTEMPATH/CodeIgniter.php(941): App\Controllers\Appointment->update()
 6 SYSTEMPATH/CodeIgniter.php(502): CodeIgniter\CodeIgniter->runController(Object(App\Controllers\Appointment))
 7 SYSTEMPATH/CodeIgniter.php(361): CodeIgniter\CodeIgniter->handleRequest(null, Object(Config\Cache), false)
 8 FCPATH/index.php(79): CodeIgniter\CodeIgniter->run()
INFO - 2024-03-10 05:19:56 --> Session: Class initialized using 'CodeIgniter\Session\Handlers\FileHandler' driver.
INFO - 2024-03-10 05:31:38 --> Session: Class initialized using 'CodeIgniter\Session\Handlers\FileHandler' driver.
INFO - 2024-03-10 05:32:42 --> Session: Class initialized using 'CodeIgniter\Session\Handlers\FileHandler' driver.
WARNING - 2024-03-10 05:32:42 --> [DEPRECATED] DateTime::__construct(): Passing null to parameter #1 ($datetime) of type string is deprecated in APPPATH/Models/Common_Model.php on line 21.
 1 APPPATH/Models/Common_Model.php(21): DateTime->__construct(null, Object(DateTimeZone))
 2 APPPATH/Models/Appointment_Model.php(220): CodeIgniter\Model\Common_Model->getCurrentTimeStamp()
 3 APPPATH/Controllers/Appointment.php(174): App\Models\Appointment_Model->updateAppointments([...], [...], '::1')
 4 SYSTEMPATH/CodeIgniter.php(941): App\Controllers\Appointment->update()
 5 SYSTEMPATH/CodeIgniter.php(502): CodeIgniter\CodeIgniter->runController(Object(App\Controllers\Appointment))
 6 SYSTEMPATH/CodeIgniter.php(361): CodeIgniter\CodeIgniter->handleRequest(null, Object(Config\Cache), false)
 7 FCPATH/index.php(79): CodeIgniter\CodeIgniter->run()
WARNING - 2024-03-10 05:32:42 --> [DEPRECATED] DateTime::__construct(): Passing null to parameter #1 ($datetime) of type string is deprecated in APPPATH/Models/Common_Model.php on line 9.
 1 APPPATH/Models/Common_Model.php(9): DateTime->__construct(null, Object(DateTimeZone))
 2 APPPATH/Models/FileUpload_Model.php(40): CodeIgniter\Model\Common_Model->currentColomboTime()
 3 APPPATH/Models/Appointment_Model.php(225): App\Models\FileUpload_Model->uploadMultipleImages('media_files', 0, 'test_result', 'test_result_1710068562', 'appointment', '::1')
 4 APPPATH/Controllers/Appointment.php(174): App\Models\Appointment_Model->updateAppointments([...], [...], '::1')
 5 SYSTEMPATH/CodeIgniter.php(941): App\Controllers\Appointment->update()
 6 SYSTEMPATH/CodeIgniter.php(502): CodeIgniter\CodeIgniter->runController(Object(App\Controllers\Appointment))
 7 SYSTEMPATH/CodeIgniter.php(361): CodeIgniter\CodeIgniter->handleRequest(null, Object(Config\Cache), false)
 8 FCPATH/index.php(79): CodeIgniter\CodeIgniter->run()
INFO - 2024-03-10 05:32:42 --> Session: Class initialized using 'CodeIgniter\Session\Handlers\FileHandler' driver.
INFO - 2024-03-10 05:32:44 --> Session: Class initialized using 'CodeIgniter\Session\Handlers\FileHandler' driver.
INFO - 2024-03-10 05:36:55 --> Session: Class initialized using 'CodeIgniter\Session\Handlers\FileHandler' driver.
INFO - 2024-03-10 05:49:39 --> Session: Class initialized using 'CodeIgniter\Session\Handlers\FileHandler' driver.
INFO - 2024-03-10 05:49:40 --> Session: Class initialized using 'CodeIgniter\Session\Handlers\FileHandler' driver.
INFO - 2024-03-10 05:49:41 --> Session: Class initialized using 'CodeIgniter\Session\Handlers\FileHandler' driver.
INFO - 2024-03-10 05:49:43 --> Session: Class initialized using 'CodeIgniter\Session\Handlers\FileHandler' driver.
INFO - 2024-03-10 05:50:35 --> Session: Class initialized using 'CodeIgniter\Session\Handlers\FileHandler' driver.
INFO - 2024-03-10 05:50:36 --> Session: Class initialized using 'CodeIgniter\Session\Handlers\FileHandler' driver.
INFO - 2024-03-10 05:50:38 --> Session: Class initialized using 'CodeIgniter\Session\Handlers\FileHandler' driver.
INFO - 2024-03-10 06:06:17 --> Session: Class initialized using 'CodeIgniter\Session\Handlers\FileHandler' driver.
INFO - 2024-03-10 06:06:18 --> Session: Class initialized using 'CodeIgniter\Session\Handlers\FileHandler' driver.
INFO - 2024-03-10 06:06:19 --> Session: Class initialized using 'CodeIgniter\Session\Handlers\FileHandler' driver.
INFO - 2024-03-10 06:07:06 --> Session: Class initialized using 'CodeIgniter\Session\Handlers\FileHandler' driver.
INFO - 2024-03-10 06:07:07 --> Session: Class initialized using 'CodeIgniter\Session\Handlers\FileHandler' driver.
INFO - 2024-03-10 06:07:08 --> Session: Class initialized using 'CodeIgniter\Session\Handlers\FileHandler' driver.
INFO - 2024-03-10 06:13:34 --> Session: Class initialized using 'CodeIgniter\Session\Handlers\FileHandler' driver.
INFO - 2024-03-10 06:13:35 --> Session: Class initialized using 'CodeIgniter\Session\Handlers\FileHandler' driver.
INFO - 2024-03-10 06:13:37 --> Session: Class initialized using 'CodeIgniter\Session\Handlers\FileHandler' driver.
INFO - 2024-03-10 06:14:11 --> Session: Class initialized using 'CodeIgniter\Session\Handlers\FileHandler' driver.
INFO - 2024-03-10 06:14:12 --> Session: Class initialized using 'CodeIgniter\Session\Handlers\FileHandler' driver.
INFO - 2024-03-10 06:14:13 --> Session: Class initialized using 'CodeIgniter\Session\Handlers\FileHandler' driver.
INFO - 2024-03-10 06:24:27 --> Session: Class initialized using 'CodeIgniter\Session\Handlers\FileHandler' driver.
INFO - 2024-03-10 06:24:28 --> Session: Class initialized using 'CodeIgniter\Session\Handlers\FileHandler' driver.
INFO - 2024-03-10 06:24:30 --> Session: Class initialized using 'CodeIgniter\Session\Handlers\FileHandler' driver.
INFO - 2024-03-10 06:26:01 --> Session: Class initialized using 'CodeIgniter\Session\Handlers\FileHandler' driver.
INFO - 2024-03-10 06:33:08 --> Session: Class initialized using 'CodeIgniter\Session\Handlers\FileHandler' driver.
INFO - 2024-03-10 06:33:09 --> Session: Class initialized using 'CodeIgniter\Session\Handlers\FileHandler' driver.
INFO - 2024-03-10 06:33:11 --> Session: Class initialized using 'CodeIgniter\Session\Handlers\FileHandler' driver.
INFO - 2024-03-10 06:34:00 --> Session: Class initialized using 'CodeIgniter\Session\Handlers\FileHandler' driver.
INFO - 2024-03-10 06:34:01 --> Session: Class initialized using 'CodeIgniter\Session\Handlers\FileHandler' driver.
INFO - 2024-03-10 06:34:04 --> Session: Class initialized using 'CodeIgniter\Session\Handlers\FileHandler' driver.
INFO - 2024-03-10 06:36:18 --> Session: Class initialized using 'CodeIgniter\Session\Handlers\FileHandler' driver.
INFO - 2024-03-10 06:36:19 --> Session: Class initialized using 'CodeIgniter\Session\Handlers\FileHandler' driver.
INFO - 2024-03-10 06:36:21 --> Session: Class initialized using 'CodeIgniter\Session\Handlers\FileHandler' driver.
INFO - 2024-03-10 06:38:35 --> Session: Class initialized using 'CodeIgniter\Session\Handlers\FileHandler' driver.
INFO - 2024-03-10 06:38:35 --> Session: Class initialized using 'CodeIgniter\Session\Handlers\FileHandler' driver.
INFO - 2024-03-10 06:38:37 --> Session: Class initialized using 'CodeIgniter\Session\Handlers\FileHandler' driver.
INFO - 2024-03-10 06:40:41 --> Session: Class initialized using 'CodeIgniter\Session\Handlers\FileHandler' driver.
INFO - 2024-03-10 06:40:42 --> Session: Class initialized using 'CodeIgniter\Session\Handlers\FileHandler' driver.
INFO - 2024-03-10 06:40:44 --> Session: Class initialized using 'CodeIgniter\Session\Handlers\FileHandler' driver.
INFO - 2024-03-10 06:40:49 --> Session: Class initialized using 'CodeIgniter\Session\Handlers\FileHandler' driver.
INFO - 2024-03-10 06:41:28 --> Session: Class initialized using 'CodeIgniter\Session\Handlers\FileHandler' driver.
INFO - 2024-03-10 06:41:29 --> Session: Class initialized using 'CodeIgniter\Session\Handlers\FileHandler' driver.
INFO - 2024-03-10 06:41:45 --> Session: Class initialized using 'CodeIgniter\Session\Handlers\FileHandler' driver.
WARNING - 2024-03-10 06:41:45 --> [DEPRECATED] DateTime::__construct(): Passing null to parameter #1 ($datetime) of type string is deprecated in APPPATH/Models/Common_Model.php on line 21.
 1 APPPATH/Models/Common_Model.php(21): DateTime->__construct(null, Object(DateTimeZone))
 2 APPPATH/Models/Appointment_Model.php(220): CodeIgniter\Model\Common_Model->getCurrentTimeStamp()
 3 APPPATH/Controllers/Appointment.php(174): App\Models\Appointment_Model->updateAppointments([...], [...], '::1')
 4 SYSTEMPATH/CodeIgniter.php(941): App\Controllers\Appointment->update()
 5 SYSTEMPATH/CodeIgniter.php(502): CodeIgniter\CodeIgniter->runController(Object(App\Controllers\Appointment))
 6 SYSTEMPATH/CodeIgniter.php(361): CodeIgniter\CodeIgniter->handleRequest(null, Object(Config\Cache), false)
 7 FCPATH/index.php(79): CodeIgniter\CodeIgniter->run()
WARNING - 2024-03-10 06:41:45 --> [DEPRECATED] DateTime::__construct(): Passing null to parameter #1 ($datetime) of type string is deprecated in APPPATH/Models/Common_Model.php on line 9.
 1 APPPATH/Models/Common_Model.php(9): DateTime->__construct(null, Object(DateTimeZone))
 2 APPPATH/Models/FileUpload_Model.php(40): CodeIgniter\Model\Common_Model->currentColomboTime()
 3 APPPATH/Models/Appointment_Model.php(225): App\Models\FileUpload_Model->uploadMultipleImages('media_files', 0, 'test_result', 'test_result_1710072705', 'appointment', '::1')
 4 APPPATH/Controllers/Appointment.php(174): App\Models\Appointment_Model->updateAppointments([...], [...], '::1')
 5 SYSTEMPATH/CodeIgniter.php(941): App\Controllers\Appointment->update()
 6 SYSTEMPATH/CodeIgniter.php(502): CodeIgniter\CodeIgniter->runController(Object(App\Controllers\Appointment))
 7 SYSTEMPATH/CodeIgniter.php(361): CodeIgniter\CodeIgniter->handleRequest(null, Object(Config\Cache), false)
 8 FCPATH/index.php(79): CodeIgniter\CodeIgniter->run()
INFO - 2024-03-10 06:41:47 --> Session: Class initialized using 'CodeIgniter\Session\Handlers\FileHandler' driver.
INFO - 2024-03-10 06:41:53 --> Session: Class initialized using 'CodeIgniter\Session\Handlers\FileHandler' driver.
WARNING - 2024-03-10 06:41:53 --> [DEPRECATED] DateTime::__construct(): Passing null to parameter #1 ($datetime) of type string is deprecated in APPPATH/Models/Common_Model.php on line 21.
 1 APPPATH/Models/Common_Model.php(21): DateTime->__construct(null, Object(DateTimeZone))
 2 APPPATH/Models/Appointment_Model.php(220): CodeIgniter\Model\Common_Model->getCurrentTimeStamp()
 3 APPPATH/Controllers/Appointment.php(174): App\Models\Appointment_Model->updateAppointments([...], [...], '::1')
 4 SYSTEMPATH/CodeIgniter.php(941): App\Controllers\Appointment->update()
 5 SYSTEMPATH/CodeIgniter.php(502): CodeIgniter\CodeIgniter->runController(Object(App\Controllers\Appointment))
 6 SYSTEMPATH/CodeIgniter.php(361): CodeIgniter\CodeIgniter->handleRequest(null, Object(Config\Cache), false)
 7 FCPATH/index.php(79): CodeIgniter\CodeIgniter->run()
WARNING - 2024-03-10 06:41:53 --> [DEPRECATED] DateTime::__construct(): Passing null to parameter #1 ($datetime) of type string is deprecated in APPPATH/Models/Common_Model.php on line 9.
 1 APPPATH/Models/Common_Model.php(9): DateTime->__construct(null, Object(DateTimeZone))
 2 APPPATH/Models/FileUpload_Model.php(40): CodeIgniter\Model\Common_Model->currentColomboTime()
 3 APPPATH/Models/Appointment_Model.php(225): App\Models\FileUpload_Model->uploadMultipleImages('media_files', 0, 'test_result', 'test_result_1710072713', 'appointment', '::1')
 4 APPPATH/Controllers/Appointment.php(174): App\Models\Appointment_Model->updateAppointments([...], [...], '::1')
 5 SYSTEMPATH/CodeIgniter.php(941): App\Controllers\Appointment->update()
 6 SYSTEMPATH/CodeIgniter.php(502): CodeIgniter\CodeIgniter->runController(Object(App\Controllers\Appointment))
 7 SYSTEMPATH/CodeIgniter.php(361): CodeIgniter\CodeIgniter->handleRequest(null, Object(Config\Cache), false)
 8 FCPATH/index.php(79): CodeIgniter\CodeIgniter->run()
INFO - 2024-03-10 06:41:54 --> Session: Class initialized using 'CodeIgniter\Session\Handlers\FileHandler' driver.
INFO - 2024-03-10 06:41:55 --> Session: Class initialized using 'CodeIgniter\Session\Handlers\FileHandler' driver.
INFO - 2024-03-10 06:41:55 --> Session: Class initialized using 'CodeIgniter\Session\Handlers\FileHandler' driver.
INFO - 2024-03-10 06:42:03 --> Session: Class initialized using 'CodeIgniter\Session\Handlers\FileHandler' driver.
INFO - 2024-03-10 06:42:13 --> Session: Class initialized using 'CodeIgniter\Session\Handlers\FileHandler' driver.
INFO - 2024-03-10 06:42:38 --> Session: Class initialized using 'CodeIgniter\Session\Handlers\FileHandler' driver.
INFO - 2024-03-10 06:46:58 --> Session: Class initialized using 'CodeIgniter\Session\Handlers\FileHandler' driver.
INFO - 2024-03-10 06:47:02 --> Session: Class initialized using 'CodeIgniter\Session\Handlers\FileHandler' driver.
INFO - 2024-03-10 06:47:02 --> Session: Class initialized using 'CodeIgniter\Session\Handlers\FileHandler' driver.
INFO - 2024-03-10 06:47:18 --> Session: Class initialized using 'CodeIgniter\Session\Handlers\FileHandler' driver.
INFO - 2024-03-10 06:47:51 --> Session: Class initialized using 'CodeIgniter\Session\Handlers\FileHandler' driver.
INFO - 2024-03-10 06:47:58 --> Session: Class initialized using 'CodeIgniter\Session\Handlers\FileHandler' driver.
INFO - 2024-03-10 06:47:58 --> Session: Class initialized using 'CodeIgniter\Session\Handlers\FileHandler' driver.
INFO - 2024-03-10 06:48:05 --> Session: Class initialized using 'CodeIgniter\Session\Handlers\FileHandler' driver.
INFO - 2024-03-10 09:53:02 --> Session: Class initialized using 'CodeIgniter\Session\Handlers\FileHandler' driver.
INFO - 2024-03-10 09:53:08 --> Session: Class initialized using 'CodeIgniter\Session\Handlers\FileHandler' driver.
WARNING - 2024-03-10 09:53:09 --> [DEPRECATED] DateTime::__construct(): Passing null to parameter #1 ($datetime) of type string is deprecated in APPPATH/Models/Common_Model.php on line 9.
 1 APPPATH/Models/Common_Model.php(9): DateTime->__construct(null, Object(DateTimeZone))
 2 APPPATH/Models/UserModel.php(48): CodeIgniter\Model\Common_Model->currentColomboTime()
 3 APPPATH/Models/UserModel.php(41): App\Models\UserModel->updateLoginTime('1')
 4 APPPATH/Controllers/Auth.php(95): App\Models\UserModel->checkLogin([...])
 5 SYSTEMPATH/CodeIgniter.php(941): App\Controllers\Auth->loginRequest()
 6 SYSTEMPATH/CodeIgniter.php(502): CodeIgniter\CodeIgniter->runController(Object(App\Controllers\Auth))
 7 SYSTEMPATH/CodeIgniter.php(361): CodeIgniter\CodeIgniter->handleRequest(null, Object(Config\Cache), false)
 8 FCPATH/index.php(79): CodeIgniter\CodeIgniter->run()
WARNING - 2024-03-10 09:53:09 --> [DEPRECATED] DateTime::__construct(): Passing null to parameter #1 ($datetime) of type string is deprecated in APPPATH/Models/Common_Model.php on line 9.
 1 APPPATH/Models/Common_Model.php(9): DateTime->__construct(null, Object(DateTimeZone))
 2 APPPATH/Models/UserModel.php(80): CodeIgniter\Model\Common_Model->currentColomboTime()
 3 APPPATH/Controllers/Auth.php(98): App\Models\UserModel->resetLoginAttempts('1')
 4 SYSTEMPATH/CodeIgniter.php(941): App\Controllers\Auth->loginRequest()
 5 SYSTEMPATH/CodeIgniter.php(502): CodeIgniter\CodeIgniter->runController(Object(App\Controllers\Auth))
 6 SYSTEMPATH/CodeIgniter.php(361): CodeIgniter\CodeIgniter->handleRequest(null, Object(Config\Cache), false)
 7 FCPATH/index.php(79): CodeIgniter\CodeIgniter->run()
INFO - 2024-03-10 09:53:09 --> Session: Class initialized using 'CodeIgniter\Session\Handlers\FileHandler' driver.
INFO - 2024-03-10 09:53:14 --> Session: Class initialized using 'CodeIgniter\Session\Handlers\FileHandler' driver.
INFO - 2024-03-10 09:53:15 --> Session: Class initialized using 'CodeIgniter\Session\Handlers\FileHandler' driver.
INFO - 2024-03-10 10:27:25 --> Session: Class initialized using 'CodeIgniter\Session\Handlers\FileHandler' driver.
INFO - 2024-03-10 10:27:25 --> Session: Class initialized using 'CodeIgniter\Session\Handlers\FileHandler' driver.
INFO - 2024-03-10 10:29:42 --> Session: Class initialized using 'CodeIgniter\Session\Handlers\FileHandler' driver.
INFO - 2024-03-10 10:32:18 --> Session: Class initialized using 'CodeIgniter\Session\Handlers\FileHandler' driver.
INFO - 2024-03-10 10:32:51 --> Session: Class initialized using 'CodeIgniter\Session\Handlers\FileHandler' driver.
INFO - 2024-03-10 10:33:59 --> Session: Class initialized using 'CodeIgniter\Session\Handlers\FileHandler' driver.
INFO - 2024-03-10 10:35:24 --> Session: Class initialized using 'CodeIgniter\Session\Handlers\FileHandler' driver.
INFO - 2024-03-10 10:35:28 --> Session: Class initialized using 'CodeIgniter\Session\Handlers\FileHandler' driver.
INFO - 2024-03-10 10:36:01 --> Session: Class initialized using 'CodeIgniter\Session\Handlers\FileHandler' driver.
INFO - 2024-03-10 10:37:15 --> Session: Class initialized using 'CodeIgniter\Session\Handlers\FileHandler' driver.
INFO - 2024-03-10 10:47:52 --> Session: Class initialized using 'CodeIgniter\Session\Handlers\FileHandler' driver.
INFO - 2024-03-10 10:47:53 --> Session: Class initialized using 'CodeIgniter\Session\Handlers\FileHandler' driver.
INFO - 2024-03-10 10:47:55 --> Session: Class initialized using 'CodeIgniter\Session\Handlers\FileHandler' driver.
INFO - 2024-03-10 10:47:56 --> Session: Class initialized using 'CodeIgniter\Session\Handlers\FileHandler' driver.
INFO - 2024-03-10 10:48:35 --> Session: Class initialized using 'CodeIgniter\Session\Handlers\FileHandler' driver.
INFO - 2024-03-10 10:48:41 --> Session: Class initialized using 'CodeIgniter\Session\Handlers\FileHandler' driver.
INFO - 2024-03-10 10:49:12 --> Session: Class initialized using 'CodeIgniter\Session\Handlers\FileHandler' driver.
INFO - 2024-03-10 10:49:14 --> Session: Class initialized using 'CodeIgniter\Session\Handlers\FileHandler' driver.
INFO - 2024-03-10 10:49:15 --> Session: Class initialized using 'CodeIgniter\Session\Handlers\FileHandler' driver.
INFO - 2024-03-10 11:10:49 --> Session: Class initialized using 'CodeIgniter\Session\Handlers\FileHandler' driver.
INFO - 2024-03-10 11:11:46 --> Session: Class initialized using 'CodeIgniter\Session\Handlers\FileHandler' driver.
WARNING - 2024-03-10 11:11:47 --> [DEPRECATED] DateTime::__construct(): Passing null to parameter #1 ($datetime) of type string is deprecated in APPPATH/Models/Common_Model.php on line 9.
 1 APPPATH/Models/Common_Model.php(9): DateTime->__construct(null, Object(DateTimeZone))
 2 APPPATH/Models/UserModel.php(161): CodeIgniter\Model\Common_Model->currentColomboTime()
 3 APPPATH/Controllers/PublicAuthentication.php(145): App\Models\UserModel->userRegistration([...])
 4 SYSTEMPATH/CodeIgniter.php(941): App\Controllers\PublicAuthentication->registerRequest()
 5 SYSTEMPATH/CodeIgniter.php(502): CodeIgniter\CodeIgniter->runController(Object(App\Controllers\PublicAuthentication))
 6 SYSTEMPATH/CodeIgniter.php(361): CodeIgniter\CodeIgniter->handleRequest(null, Object(Config\Cache), false)
 7 FCPATH/index.php(79): CodeIgniter\CodeIgniter->run()
INFO - 2024-03-10 11:11:47 --> Session: Class initialized using 'CodeIgniter\Session\Handlers\FileHandler' driver.
INFO - 2024-03-10 11:11:47 --> Session: Class initialized using 'CodeIgniter\Session\Handlers\FileHandler' driver.
INFO - 2024-03-10 11:12:25 --> Session: Class initialized using 'CodeIgniter\Session\Handlers\FileHandler' driver.
WARNING - 2024-03-10 11:12:26 --> [DEPRECATED] DateTime::__construct(): Passing null to parameter #1 ($datetime) of type string is deprecated in APPPATH/Models/Common_Model.php on line 9.
 1 APPPATH/Models/Common_Model.php(9): DateTime->__construct(null, Object(DateTimeZone))
 2 APPPATH/Models/UserModel.php(73): CodeIgniter\Model\Common_Model->currentColomboTime()
 3 APPPATH/Models/UserModel.php(66): App\Models\UserModel->updateLoginTime('12')
 4 APPPATH/Controllers/PublicAuthentication.php(95): App\Models\UserModel->checkLoginByEmail([...])
 5 SYSTEMPATH/CodeIgniter.php(941): App\Controllers\PublicAuthentication->loginRequest()
 6 SYSTEMPATH/CodeIgniter.php(502): CodeIgniter\CodeIgniter->runController(Object(App\Controllers\PublicAuthentication))
 7 SYSTEMPATH/CodeIgniter.php(361): CodeIgniter\CodeIgniter->handleRequest(null, Object(Config\Cache), false)
 8 FCPATH/index.php(79): CodeIgniter\CodeIgniter->run()
WARNING - 2024-03-10 11:12:26 --> [DEPRECATED] DateTime::__construct(): Passing null to parameter #1 ($datetime) of type string is deprecated in APPPATH/Models/Common_Model.php on line 9.
 1 APPPATH/Models/Common_Model.php(9): DateTime->__construct(null, Object(DateTimeZone))
 2 APPPATH/Models/UserModel.php(109): CodeIgniter\Model\Common_Model->currentColomboTime()
 3 APPPATH/Controllers/PublicAuthentication.php(98): App\Models\UserModel->resetLoginAttempts('12')
 4 SYSTEMPATH/CodeIgniter.php(941): App\Controllers\PublicAuthentication->loginRequest()
 5 SYSTEMPATH/CodeIgniter.php(502): CodeIgniter\CodeIgniter->runController(Object(App\Controllers\PublicAuthentication))
 6 SYSTEMPATH/CodeIgniter.php(361): CodeIgniter\CodeIgniter->handleRequest(null, Object(Config\Cache), false)
 7 FCPATH/index.php(79): CodeIgniter\CodeIgniter->run()
INFO - 2024-03-10 11:12:26 --> Session: Class initialized using 'CodeIgniter\Session\Handlers\FileHandler' driver.
INFO - 2024-03-10 11:13:45 --> Session: Class initialized using 'CodeIgniter\Session\Handlers\FileHandler' driver.
INFO - 2024-03-10 11:20:51 --> Session: Class initialized using 'CodeIgniter\Session\Handlers\FileHandler' driver.
INFO - 2024-03-10 11:20:55 --> Session: Class initialized using 'CodeIgniter\Session\Handlers\FileHandler' driver.
INFO - 2024-03-10 11:20:55 --> Session: Class initialized using 'CodeIgniter\Session\Handlers\FileHandler' driver.
INFO - 2024-03-10 11:21:25 --> Session: Class initialized using 'CodeIgniter\Session\Handlers\FileHandler' driver.
INFO - 2024-03-10 11:21:25 --> Session: Class initialized using 'CodeIgniter\Session\Handlers\FileHandler' driver.
INFO - 2024-03-10 11:21:58 --> Session: Class initialized using 'CodeIgniter\Session\Handlers\FileHandler' driver.
INFO - 2024-03-10 11:22:09 --> Session: Class initialized using 'CodeIgniter\Session\Handlers\FileHandler' driver.
INFO - 2024-03-10 11:23:01 --> Session: Class initialized using 'CodeIgniter\Session\Handlers\FileHandler' driver.
INFO - 2024-03-10 11:23:10 --> Session: Class initialized using 'CodeIgniter\Session\Handlers\FileHandler' driver.
INFO - 2024-03-10 11:23:13 --> Session: Class initialized using 'CodeIgniter\Session\Handlers\FileHandler' driver.
INFO - 2024-03-10 11:23:15 --> Session: Class initialized using 'CodeIgniter\Session\Handlers\FileHandler' driver.
INFO - 2024-03-10 11:31:41 --> Session: Class initialized using 'CodeIgniter\Session\Handlers\FileHandler' driver.
INFO - 2024-03-10 11:31:41 --> Session: Class initialized using 'CodeIgniter\Session\Handlers\FileHandler' driver.
INFO - 2024-03-10 11:31:41 --> Session: Class initialized using 'CodeIgniter\Session\Handlers\FileHandler' driver.
INFO - 2024-03-10 11:32:39 --> Session: Class initialized using 'CodeIgniter\Session\Handlers\FileHandler' driver.
INFO - 2024-03-10 11:33:12 --> Session: Class initialized using 'CodeIgniter\Session\Handlers\FileHandler' driver.
INFO - 2024-03-10 11:33:24 --> Session: Class initialized using 'CodeIgniter\Session\Handlers\FileHandler' driver.
WARNING - 2024-03-10 11:33:25 --> [DEPRECATED] DateTime::__construct(): Passing null to parameter #1 ($datetime) of type string is deprecated in APPPATH/Models/Common_Model.php on line 9.
 1 APPPATH/Models/Common_Model.php(9): DateTime->__construct(null, Object(DateTimeZone))
 2 APPPATH/Models/UserModel.php(73): CodeIgniter\Model\Common_Model->currentColomboTime()
 3 APPPATH/Models/UserModel.php(66): App\Models\UserModel->updateLoginTime('12')
 4 APPPATH/Controllers/PublicAuthentication.php(102): App\Models\UserModel->checkLoginByEmail([...])
 5 SYSTEMPATH/CodeIgniter.php(941): App\Controllers\PublicAuthentication->loginRequest()
 6 SYSTEMPATH/CodeIgniter.php(502): CodeIgniter\CodeIgniter->runController(Object(App\Controllers\PublicAuthentication))
 7 SYSTEMPATH/CodeIgniter.php(361): CodeIgniter\CodeIgniter->handleRequest(null, Object(Config\Cache), false)
 8 FCPATH/index.php(79): CodeIgniter\CodeIgniter->run()
WARNING - 2024-03-10 11:33:25 --> [DEPRECATED] DateTime::__construct(): Passing null to parameter #1 ($datetime) of type string is deprecated in APPPATH/Models/Common_Model.php on line 9.
 1 APPPATH/Models/Common_Model.php(9): DateTime->__construct(null, Object(DateTimeZone))
 2 APPPATH/Models/UserModel.php(109): CodeIgniter\Model\Common_Model->currentColomboTime()
 3 APPPATH/Controllers/PublicAuthentication.php(105): App\Models\UserModel->resetLoginAttempts('12')
 4 SYSTEMPATH/CodeIgniter.php(941): App\Controllers\PublicAuthentication->loginRequest()
 5 SYSTEMPATH/CodeIgniter.php(502): CodeIgniter\CodeIgniter->runController(Object(App\Controllers\PublicAuthentication))
 6 SYSTEMPATH/CodeIgniter.php(361): CodeIgniter\CodeIgniter->handleRequest(null, Object(Config\Cache), false)
 7 FCPATH/index.php(79): CodeIgniter\CodeIgniter->run()
INFO - 2024-03-10 11:33:25 --> Session: Class initialized using 'CodeIgniter\Session\Handlers\FileHandler' driver.
INFO - 2024-03-10 11:33:46 --> Session: Class initialized using 'CodeIgniter\Session\Handlers\FileHandler' driver.
CRITICAL - 2024-03-10 11:33:46 --> ErrorException: Undefined variable $districtOptions
in APPPATH/Views/Auth/public_create_patient_profile.php on line 38.
 1 APPPATH/Views/Auth/public_create_patient_profile.php(38): CodeIgniter\Debug\Exceptions->errorHandler(2, 'Undefined variable $districtOptions', '/Applications/MAMP/htdocs/icbt/app/Views/Auth/public_create_patient_profile.php', 38)
 2 SYSTEMPATH/View/View.php(228): include('/Applications/MAMP/htdocs/icbt/app/Views/Auth/public_create_patient_profile.php')
 3 SYSTEMPATH/View/View.php(231): CodeIgniter\View\View->CodeIgniter\View\{closure}()
 4 SYSTEMPATH/Common.php(1178): CodeIgniter\View\View->render('Auth/public_create_patient_profile', [], true)
 5 APPPATH/Controllers/PublicAuthentication.php(197): view('Auth/public_create_patient_profile', [...])
 6 SYSTEMPATH/CodeIgniter.php(941): App\Controllers\PublicAuthentication->createPatientProfile()
 7 SYSTEMPATH/CodeIgniter.php(502): CodeIgniter\CodeIgniter->runController(Object(App\Controllers\PublicAuthentication))
 8 SYSTEMPATH/CodeIgniter.php(361): CodeIgniter\CodeIgniter->handleRequest(null, Object(Config\Cache), false)
 9 FCPATH/index.php(79): CodeIgniter\CodeIgniter->run()
INFO - 2024-03-10 11:37:52 --> Session: Class initialized using 'CodeIgniter\Session\Handlers\FileHandler' driver.
INFO - 2024-03-10 11:38:20 --> Session: Class initialized using 'CodeIgniter\Session\Handlers\FileHandler' driver.
INFO - 2024-03-10 11:40:16 --> Session: Class initialized using 'CodeIgniter\Session\Handlers\FileHandler' driver.
INFO - 2024-03-10 11:40:38 --> Session: Class initialized using 'CodeIgniter\Session\Handlers\FileHandler' driver.
INFO - 2024-03-10 11:43:49 --> Session: Class initialized using 'CodeIgniter\Session\Handlers\FileHandler' driver.
INFO - 2024-03-10 11:47:03 --> Session: Class initialized using 'CodeIgniter\Session\Handlers\FileHandler' driver.
INFO - 2024-03-10 11:50:37 --> Session: Class initialized using 'CodeIgniter\Session\Handlers\FileHandler' driver.
INFO - 2024-03-10 11:55:56 --> Session: Class initialized using 'CodeIgniter\Session\Handlers\FileHandler' driver.
INFO - 2024-03-10 11:56:34 --> Session: Class initialized using 'CodeIgniter\Session\Handlers\FileHandler' driver.
INFO - 2024-03-10 12:20:58 --> Session: Class initialized using 'CodeIgniter\Session\Handlers\FileHandler' driver.
INFO - 2024-03-10 12:20:58 --> Session: Class initialized using 'CodeIgniter\Session\Handlers\FileHandler' driver.
INFO - 2024-03-10 12:22:11 --> Session: Class initialized using 'CodeIgniter\Session\Handlers\FileHandler' driver.
INFO - 2024-03-10 12:22:11 --> Session: Class initialized using 'CodeIgniter\Session\Handlers\FileHandler' driver.
INFO - 2024-03-10 12:22:23 --> Session: Class initialized using 'CodeIgniter\Session\Handlers\FileHandler' driver.
INFO - 2024-03-10 12:22:24 --> Session: Class initialized using 'CodeIgniter\Session\Handlers\FileHandler' driver.
INFO - 2024-03-10 12:22:29 --> Session: Class initialized using 'CodeIgniter\Session\Handlers\FileHandler' driver.
WARNING - 2024-03-10 12:22:29 --> [DEPRECATED] DateTime::__construct(): Passing null to parameter #1 ($datetime) of type string is deprecated in APPPATH/Models/Common_Model.php on line 9.
 1 APPPATH/Models/Common_Model.php(9): DateTime->__construct(null, Object(DateTimeZone))
 2 APPPATH/Models/UserModel.php(73): CodeIgniter\Model\Common_Model->currentColomboTime()
 3 APPPATH/Models/UserModel.php(41): App\Models\UserModel->updateLoginTime('1')
 4 APPPATH/Controllers/Auth.php(95): App\Models\UserModel->checkLogin([...])
 5 SYSTEMPATH/CodeIgniter.php(941): App\Controllers\Auth->loginRequest()
 6 SYSTEMPATH/CodeIgniter.php(502): CodeIgniter\CodeIgniter->runController(Object(App\Controllers\Auth))
 7 SYSTEMPATH/CodeIgniter.php(361): CodeIgniter\CodeIgniter->handleRequest(null, Object(Config\Cache), false)
 8 FCPATH/index.php(79): CodeIgniter\CodeIgniter->run()
WARNING - 2024-03-10 12:22:29 --> [DEPRECATED] DateTime::__construct(): Passing null to parameter #1 ($datetime) of type string is deprecated in APPPATH/Models/Common_Model.php on line 9.
 1 APPPATH/Models/Common_Model.php(9): DateTime->__construct(null, Object(DateTimeZone))
 2 APPPATH/Models/UserModel.php(109): CodeIgniter\Model\Common_Model->currentColomboTime()
 3 APPPATH/Controllers/Auth.php(98): App\Models\UserModel->resetLoginAttempts('1')
 4 SYSTEMPATH/CodeIgniter.php(941): App\Controllers\Auth->loginRequest()
 5 SYSTEMPATH/CodeIgniter.php(502): CodeIgniter\CodeIgniter->runController(Object(App\Controllers\Auth))
 6 SYSTEMPATH/CodeIgniter.php(361): CodeIgniter\CodeIgniter->handleRequest(null, Object(Config\Cache), false)
 7 FCPATH/index.php(79): CodeIgniter\CodeIgniter->run()
INFO - 2024-03-10 12:22:30 --> Session: Class initialized using 'CodeIgniter\Session\Handlers\FileHandler' driver.
INFO - 2024-03-10 12:22:34 --> Session: Class initialized using 'CodeIgniter\Session\Handlers\FileHandler' driver.
INFO - 2024-03-10 12:22:37 --> Session: Class initialized using 'CodeIgniter\Session\Handlers\FileHandler' driver.
INFO - 2024-03-10 12:22:45 --> Session: Class initialized using 'CodeIgniter\Session\Handlers\FileHandler' driver.
INFO - 2024-03-10 12:22:45 --> Session: Class initialized using 'CodeIgniter\Session\Handlers\FileHandler' driver.
INFO - 2024-03-10 12:22:51 --> Session: Class initialized using 'CodeIgniter\Session\Handlers\FileHandler' driver.
INFO - 2024-03-10 12:22:57 --> Session: Class initialized using 'CodeIgniter\Session\Handlers\FileHandler' driver.
INFO - 2024-03-10 12:23:14 --> Session: Class initialized using 'CodeIgniter\Session\Handlers\FileHandler' driver.
CRITICAL - 2024-03-10 12:23:15 --> ErrorException: Undefined property: App\Controllers\PublicAuthentication::$patientModel
in APPPATH/Controllers/PublicAuthentication.php on line 237.
 1 APPPATH/Controllers/PublicAuthentication.php(237): CodeIgniter\Debug\Exceptions->errorHandler(2, 'Undefined property: App\\Controllers\\PublicAuthentication::$patientModel', '/Applications/MAMP/htdocs/icbt/app/Controllers/PublicAuthentication.php', 237)
 2 SYSTEMPATH/CodeIgniter.php(941): App\Controllers\PublicAuthentication->createPatientProfileAPI()
 3 SYSTEMPATH/CodeIgniter.php(502): CodeIgniter\CodeIgniter->runController(Object(App\Controllers\PublicAuthentication))
 4 SYSTEMPATH/CodeIgniter.php(361): CodeIgniter\CodeIgniter->handleRequest(null, Object(Config\Cache), false)
 5 FCPATH/index.php(79): CodeIgniter\CodeIgniter->run()
INFO - 2024-03-10 12:24:18 --> Session: Class initialized using 'CodeIgniter\Session\Handlers\FileHandler' driver.
CRITICAL - 2024-03-10 12:24:18 --> CodeIgniter\Database\Exceptions\DatabaseException: You must set the database table to be used with your query.
in SYSTEMPATH/Database/BaseConnection.php on line 884.
 1 SYSTEMPATH/Model.php(662): CodeIgniter\Database\BaseConnection->table(null)
 2 SYSTEMPATH/Model.php(864): CodeIgniter\Model->builder()
 3 APPPATH/Models/Patient_Model.php(235): CodeIgniter\Model->__call('getPatientById', [...])
 4 APPPATH/Controllers/PublicAuthentication.php(240): App\Models\Patient_Model->createPatientsProfile([...], '12')
 5 SYSTEMPATH/CodeIgniter.php(941): App\Controllers\PublicAuthentication->createPatientProfileAPI()
 6 SYSTEMPATH/CodeIgniter.php(502): CodeIgniter\CodeIgniter->runController(Object(App\Controllers\PublicAuthentication))
 7 SYSTEMPATH/CodeIgniter.php(361): CodeIgniter\CodeIgniter->handleRequest(null, Object(Config\Cache), false)
 8 FCPATH/index.php(79): CodeIgniter\CodeIgniter->run()
INFO - 2024-03-10 12:25:03 --> Session: Class initialized using 'CodeIgniter\Session\Handlers\FileHandler' driver.
WARNING - 2024-03-10 12:25:03 --> [DEPRECATED] DateTime::__construct(): Passing null to parameter #1 ($datetime) of type string is deprecated in APPPATH/Models/Common_Model.php on line 9.
 1 APPPATH/Models/Common_Model.php(9): DateTime->__construct(null, Object(DateTimeZone))
 2 APPPATH/Models/Patient_Model.php(239): CodeIgniter\Model\Common_Model->currentColomboTime()
 3 APPPATH/Controllers/PublicAuthentication.php(240): App\Models\Patient_Model->createPatientsProfile([...], '12')
 4 SYSTEMPATH/CodeIgniter.php(941): App\Controllers\PublicAuthentication->createPatientProfileAPI()
 5 SYSTEMPATH/CodeIgniter.php(502): CodeIgniter\CodeIgniter->runController(Object(App\Controllers\PublicAuthentication))
 6 SYSTEMPATH/CodeIgniter.php(361): CodeIgniter\CodeIgniter->handleRequest(null, Object(Config\Cache), false)
 7 FCPATH/index.php(79): CodeIgniter\CodeIgniter->run()
INFO - 2024-03-10 14:49:50 --> Session: Class initialized using 'CodeIgniter\Session\Handlers\FileHandler' driver.
INFO - 2024-03-10 14:49:50 --> Session: Class initialized using 'CodeIgniter\Session\Handlers\FileHandler' driver.
INFO - 2024-03-10 14:50:06 --> Session: Class initialized using 'CodeIgniter\Session\Handlers\FileHandler' driver.
INFO - 2024-03-10 14:50:06 --> Session: Class initialized using 'CodeIgniter\Session\Handlers\FileHandler' driver.
INFO - 2024-03-10 14:50:14 --> Session: Class initialized using 'CodeIgniter\Session\Handlers\FileHandler' driver.
WARNING - 2024-03-10 14:50:15 --> [DEPRECATED] DateTime::__construct(): Passing null to parameter #1 ($datetime) of type string is deprecated in APPPATH/Models/Common_Model.php on line 9.
 1 APPPATH/Models/Common_Model.php(9): DateTime->__construct(null, Object(DateTimeZone))
 2 APPPATH/Models/UserModel.php(73): CodeIgniter\Model\Common_Model->currentColomboTime()
 3 APPPATH/Models/UserModel.php(41): App\Models\UserModel->updateLoginTime('1')
 4 APPPATH/Controllers/Auth.php(95): App\Models\UserModel->checkLogin([...])
 5 SYSTEMPATH/CodeIgniter.php(941): App\Controllers\Auth->loginRequest()
 6 SYSTEMPATH/CodeIgniter.php(502): CodeIgniter\CodeIgniter->runController(Object(App\Controllers\Auth))
 7 SYSTEMPATH/CodeIgniter.php(361): CodeIgniter\CodeIgniter->handleRequest(null, Object(Config\Cache), false)
 8 FCPATH/index.php(79): CodeIgniter\CodeIgniter->run()
WARNING - 2024-03-10 14:50:15 --> [DEPRECATED] DateTime::__construct(): Passing null to parameter #1 ($datetime) of type string is deprecated in APPPATH/Models/Common_Model.php on line 9.
 1 APPPATH/Models/Common_Model.php(9): DateTime->__construct(null, Object(DateTimeZone))
 2 APPPATH/Models/UserModel.php(109): CodeIgniter\Model\Common_Model->currentColomboTime()
 3 APPPATH/Controllers/Auth.php(98): App\Models\UserModel->resetLoginAttempts('1')
 4 SYSTEMPATH/CodeIgniter.php(941): App\Controllers\Auth->loginRequest()
 5 SYSTEMPATH/CodeIgniter.php(502): CodeIgniter\CodeIgniter->runController(Object(App\Controllers\Auth))
 6 SYSTEMPATH/CodeIgniter.php(361): CodeIgniter\CodeIgniter->handleRequest(null, Object(Config\Cache), false)
 7 FCPATH/index.php(79): CodeIgniter\CodeIgniter->run()
INFO - 2024-03-10 14:50:15 --> Session: Class initialized using 'CodeIgniter\Session\Handlers\FileHandler' driver.
INFO - 2024-03-10 14:50:32 --> Session: Class initialized using 'CodeIgniter\Session\Handlers\FileHandler' driver.
INFO - 2024-03-10 14:50:32 --> Session: Class initialized using 'CodeIgniter\Session\Handlers\FileHandler' driver.
INFO - 2024-03-10 14:50:37 --> Session: Class initialized using 'CodeIgniter\Session\Handlers\FileHandler' driver.
WARNING - 2024-03-10 14:50:38 --> [DEPRECATED] DateTime::__construct(): Passing null to parameter #1 ($datetime) of type string is deprecated in APPPATH/Models/Common_Model.php on line 9.
 1 APPPATH/Models/Common_Model.php(9): DateTime->__construct(null, Object(DateTimeZone))
 2 APPPATH/Models/UserModel.php(73): CodeIgniter\Model\Common_Model->currentColomboTime()
 3 APPPATH/Models/UserModel.php(41): App\Models\UserModel->updateLoginTime('1')
 4 APPPATH/Controllers/Auth.php(95): App\Models\UserModel->checkLogin([...])
 5 SYSTEMPATH/CodeIgniter.php(941): App\Controllers\Auth->loginRequest()
 6 SYSTEMPATH/CodeIgniter.php(502): CodeIgniter\CodeIgniter->runController(Object(App\Controllers\Auth))
 7 SYSTEMPATH/CodeIgniter.php(361): CodeIgniter\CodeIgniter->handleRequest(null, Object(Config\Cache), false)
 8 FCPATH/index.php(79): CodeIgniter\CodeIgniter->run()
WARNING - 2024-03-10 14:50:38 --> [DEPRECATED] DateTime::__construct(): Passing null to parameter #1 ($datetime) of type string is deprecated in APPPATH/Models/Common_Model.php on line 9.
 1 APPPATH/Models/Common_Model.php(9): DateTime->__construct(null, Object(DateTimeZone))
 2 APPPATH/Models/UserModel.php(109): CodeIgniter\Model\Common_Model->currentColomboTime()
 3 APPPATH/Controllers/Auth.php(98): App\Models\UserModel->resetLoginAttempts('1')
 4 SYSTEMPATH/CodeIgniter.php(941): App\Controllers\Auth->loginRequest()
 5 SYSTEMPATH/CodeIgniter.php(502): CodeIgniter\CodeIgniter->runController(Object(App\Controllers\Auth))
 6 SYSTEMPATH/CodeIgniter.php(361): CodeIgniter\CodeIgniter->handleRequest(null, Object(Config\Cache), false)
 7 FCPATH/index.php(79): CodeIgniter\CodeIgniter->run()
INFO - 2024-03-10 14:50:38 --> Session: Class initialized using 'CodeIgniter\Session\Handlers\FileHandler' driver.
INFO - 2024-03-10 14:50:44 --> Session: Class initialized using 'CodeIgniter\Session\Handlers\FileHandler' driver.
INFO - 2024-03-10 14:50:48 --> Session: Class initialized using 'CodeIgniter\Session\Handlers\FileHandler' driver.
INFO - 2024-03-10 14:50:53 --> Session: Class initialized using 'CodeIgniter\Session\Handlers\FileHandler' driver.
INFO - 2024-03-10 14:50:53 --> Session: Class initialized using 'CodeIgniter\Session\Handlers\FileHandler' driver.
INFO - 2024-03-10 14:51:55 --> Session: Class initialized using 'CodeIgniter\Session\Handlers\FileHandler' driver.
INFO - 2024-03-10 14:51:55 --> Session: Class initialized using 'CodeIgniter\Session\Handlers\FileHandler' driver.
INFO - 2024-03-10 14:51:57 --> Session: Class initialized using 'CodeIgniter\Session\Handlers\FileHandler' driver.
INFO - 2024-03-10 14:52:03 --> Session: Class initialized using 'CodeIgniter\Session\Handlers\FileHandler' driver.
INFO - 2024-03-10 14:52:06 --> Session: Class initialized using 'CodeIgniter\Session\Handlers\FileHandler' driver.
INFO - 2024-03-10 14:52:07 --> Session: Class initialized using 'CodeIgniter\Session\Handlers\FileHandler' driver.
INFO - 2024-03-10 14:52:09 --> Session: Class initialized using 'CodeIgniter\Session\Handlers\FileHandler' driver.
INFO - 2024-03-10 14:52:09 --> Session: Class initialized using 'CodeIgniter\Session\Handlers\FileHandler' driver.
INFO - 2024-03-10 14:56:09 --> Session: Class initialized using 'CodeIgniter\Session\Handlers\FileHandler' driver.
INFO - 2024-03-10 14:56:09 --> Session: Class initialized using 'CodeIgniter\Session\Handlers\FileHandler' driver.
INFO - 2024-03-10 14:56:10 --> Session: Class initialized using 'CodeIgniter\Session\Handlers\FileHandler' driver.
INFO - 2024-03-10 14:56:45 --> Session: Class initialized using 'CodeIgniter\Session\Handlers\FileHandler' driver.
WARNING - 2024-03-10 14:56:46 --> [DEPRECATED] DateTime::__construct(): Passing null to parameter #1 ($datetime) of type string is deprecated in APPPATH/Models/Common_Model.php on line 9.
 1 APPPATH/Models/Common_Model.php(9): DateTime->__construct(null, Object(DateTimeZone))
 2 APPPATH/Models/UserModel.php(73): CodeIgniter\Model\Common_Model->currentColomboTime()
 3 APPPATH/Models/UserModel.php(66): App\Models\UserModel->updateLoginTime('12')
 4 APPPATH/Controllers/PublicAuthentication.php(108): App\Models\UserModel->checkLoginByEmail([...])
 5 SYSTEMPATH/CodeIgniter.php(941): App\Controllers\PublicAuthentication->loginRequest()
 6 SYSTEMPATH/CodeIgniter.php(502): CodeIgniter\CodeIgniter->runController(Object(App\Controllers\PublicAuthentication))
 7 SYSTEMPATH/CodeIgniter.php(361): CodeIgniter\CodeIgniter->handleRequest(null, Object(Config\Cache), false)
 8 FCPATH/index.php(79): CodeIgniter\CodeIgniter->run()
WARNING - 2024-03-10 14:56:46 --> [DEPRECATED] DateTime::__construct(): Passing null to parameter #1 ($datetime) of type string is deprecated in APPPATH/Models/Common_Model.php on line 9.
 1 APPPATH/Models/Common_Model.php(9): DateTime->__construct(null, Object(DateTimeZone))
 2 APPPATH/Models/UserModel.php(109): CodeIgniter\Model\Common_Model->currentColomboTime()
 3 APPPATH/Controllers/PublicAuthentication.php(111): App\Models\UserModel->resetLoginAttempts('12')
 4 SYSTEMPATH/CodeIgniter.php(941): App\Controllers\PublicAuthentication->loginRequest()
 5 SYSTEMPATH/CodeIgniter.php(502): CodeIgniter\CodeIgniter->runController(Object(App\Controllers\PublicAuthentication))
 6 SYSTEMPATH/CodeIgniter.php(361): CodeIgniter\CodeIgniter->handleRequest(null, Object(Config\Cache), false)
 7 FCPATH/index.php(79): CodeIgniter\CodeIgniter->run()
INFO - 2024-03-10 14:56:46 --> Session: Class initialized using 'CodeIgniter\Session\Handlers\FileHandler' driver.
INFO - 2024-03-10 14:56:54 --> Session: Class initialized using 'CodeIgniter\Session\Handlers\FileHandler' driver.
CRITICAL - 2024-03-10 14:56:54 --> ErrorException: Undefined variable $patientOptions
in APPPATH/Views/Patients/public_create_appointment.php on line 15.
 1 APPPATH/Views/Patients/public_create_appointment.php(15): CodeIgniter\Debug\Exceptions->errorHandler(2, 'Undefined variable $patientOptions', '/Applications/MAMP/htdocs/icbt/app/Views/Patients/public_create_appointment.php', 15)
 2 SYSTEMPATH/View/View.php(228): include('/Applications/MAMP/htdocs/icbt/app/Views/Patients/public_create_appointment.php')
 3 SYSTEMPATH/View/View.php(231): CodeIgniter\View\View->CodeIgniter\View\{closure}()
 4 SYSTEMPATH/Common.php(1178): CodeIgniter\View\View->render('Patients/public_create_appointment', [], true)
 5 APPPATH/Controllers/PublicAppointment.php(78): view('Patients/public_create_appointment', [...])
 6 SYSTEMPATH/CodeIgniter.php(941): App\Controllers\PublicAppointment->publicCreateAppointment()
 7 SYSTEMPATH/CodeIgniter.php(502): CodeIgniter\CodeIgniter->runController(Object(App\Controllers\PublicAppointment))
 8 SYSTEMPATH/CodeIgniter.php(361): CodeIgniter\CodeIgniter->handleRequest(null, Object(Config\Cache), false)
 9 FCPATH/index.php(79): CodeIgniter\CodeIgniter->run()
INFO - 2024-03-10 14:58:36 --> Session: Class initialized using 'CodeIgniter\Session\Handlers\FileHandler' driver.
INFO - 2024-03-10 14:59:36 --> Session: Class initialized using 'CodeIgniter\Session\Handlers\FileHandler' driver.
INFO - 2024-03-10 15:01:19 --> Session: Class initialized using 'CodeIgniter\Session\Handlers\FileHandler' driver.
INFO - 2024-03-10 15:03:19 --> Session: Class initialized using 'CodeIgniter\Session\Handlers\FileHandler' driver.
INFO - 2024-03-10 15:06:13 --> Session: Class initialized using 'CodeIgniter\Session\Handlers\FileHandler' driver.
INFO - 2024-03-10 15:06:14 --> Session: Class initialized using 'CodeIgniter\Session\Handlers\FileHandler' driver.
INFO - 2024-03-10 15:07:36 --> Session: Class initialized using 'CodeIgniter\Session\Handlers\FileHandler' driver.
INFO - 2024-03-10 15:10:01 --> Session: Class initialized using 'CodeIgniter\Session\Handlers\FileHandler' driver.
INFO - 2024-03-10 15:10:08 --> Session: Class initialized using 'CodeIgniter\Session\Handlers\FileHandler' driver.
INFO - 2024-03-10 15:10:21 --> Session: Class initialized using 'CodeIgniter\Session\Handlers\FileHandler' driver.
INFO - 2024-03-10 15:12:36 --> Session: Class initialized using 'CodeIgniter\Session\Handlers\FileHandler' driver.
INFO - 2024-03-10 15:15:45 --> Session: Class initialized using 'CodeIgniter\Session\Handlers\FileHandler' driver.
INFO - 2024-03-10 15:17:15 --> Session: Class initialized using 'CodeIgniter\Session\Handlers\FileHandler' driver.
INFO - 2024-03-10 15:30:00 --> Session: Class initialized using 'CodeIgniter\Session\Handlers\FileHandler' driver.
INFO - 2024-03-10 15:30:14 --> Session: Class initialized using 'CodeIgniter\Session\Handlers\FileHandler' driver.
INFO - 2024-03-10 15:33:03 --> Session: Class initialized using 'CodeIgniter\Session\Handlers\FileHandler' driver.
INFO - 2024-03-10 15:35:05 --> Session: Class initialized using 'CodeIgniter\Session\Handlers\FileHandler' driver.
