INFO - 2024-03-20 01:50:09 --> Session: Class initialized using 'CodeIgniter\Session\Handlers\FileHandler' driver.
INFO - 2024-03-20 01:59:42 --> Session: Class initialized using 'CodeIgniter\Session\Handlers\FileHandler' driver.
INFO - 2024-03-20 04:25:10 --> Session: Class initialized using 'CodeIgniter\Session\Handlers\FileHandler' driver.
INFO - 2024-03-20 05:03:44 --> Session: Class initialized using 'CodeIgniter\Session\Handlers\FileHandler' driver.
INFO - 2024-03-20 05:03:49 --> Session: Class initialized using 'CodeIgniter\Session\Handlers\FileHandler' driver.
INFO - 2024-03-20 05:03:50 --> Session: Class initialized using 'CodeIgniter\Session\Handlers\FileHandler' driver.
WARNING - 2024-03-20 05:03:50 --> [DEPRECATED] Creation of dynamic property App\Controllers\Auth::$session is deprecated in APPPATH\Controllers\Auth.php on line 28.
 1 SYSTEMPATH\CodeIgniter.php(913): App\Controllers\Auth->__construct()
 2 SYSTEMPATH\CodeIgniter.php(493): CodeIgniter\CodeIgniter->createController()
 3 SYSTEMPATH\CodeIgniter.php(361): CodeIgniter\CodeIgniter->handleRequest(null, Object(Config\Cache), false)
 4 FCPATH\index.php(79): CodeIgniter\CodeIgniter->run()
WARNING - 2024-03-20 05:03:50 --> [DEPRECATED] Creation of dynamic property App\Controllers\Auth::$auth_model is deprecated in APPPATH\Controllers\Auth.php on line 29.
 1 SYSTEMPATH\CodeIgniter.php(913): App\Controllers\Auth->__construct()
 2 SYSTEMPATH\CodeIgniter.php(493): CodeIgniter\CodeIgniter->createController()
 3 SYSTEMPATH\CodeIgniter.php(361): CodeIgniter\CodeIgniter->handleRequest(null, Object(Config\Cache), false)
 4 FCPATH\index.php(79): CodeIgniter\CodeIgniter->run()
WARNING - 2024-03-20 05:03:50 --> [DEPRECATED] Creation of dynamic property App\Controllers\Auth::$data is deprecated in APPPATH\Controllers\Auth.php on line 30.
 1 SYSTEMPATH\CodeIgniter.php(913): App\Controllers\Auth->__construct()
 2 SYSTEMPATH\CodeIgniter.php(493): CodeIgniter\CodeIgniter->createController()
 3 SYSTEMPATH\CodeIgniter.php(361): CodeIgniter\CodeIgniter->handleRequest(null, Object(Config\Cache), false)
 4 FCPATH\index.php(79): CodeIgniter\CodeIgniter->run()
INFO - 2024-03-20 07:22:55 --> Session: Class initialized using 'CodeIgniter\Session\Handlers\FileHandler' driver.
INFO - 2024-03-20 10:19:17 --> Session: Class initialized using 'CodeIgniter\Session\Handlers\FileHandler' driver.
INFO - 2024-03-20 17:17:24 --> Session: Class initialized using 'CodeIgniter\Session\Handlers\FileHandler' driver.
INFO - 2024-03-20 17:17:24 --> Session: Class initialized using 'CodeIgniter\Session\Handlers\FileHandler' driver.
WARNING - 2024-03-20 17:17:24 --> [DEPRECATED] Creation of dynamic property App\Controllers\Auth::$session is deprecated in APPPATH\Controllers\Auth.php on line 28.
 1 SYSTEMPATH\CodeIgniter.php(913): App\Controllers\Auth->__construct()
 2 SYSTEMPATH\CodeIgniter.php(493): CodeIgniter\CodeIgniter->createController()
 3 SYSTEMPATH\CodeIgniter.php(361): CodeIgniter\CodeIgniter->handleRequest(null, Object(Config\Cache), false)
 4 FCPATH\index.php(79): CodeIgniter\CodeIgniter->run()
WARNING - 2024-03-20 17:17:24 --> [DEPRECATED] Creation of dynamic property App\Controllers\Auth::$auth_model is deprecated in APPPATH\Controllers\Auth.php on line 29.
 1 SYSTEMPATH\CodeIgniter.php(913): App\Controllers\Auth->__construct()
 2 SYSTEMPATH\CodeIgniter.php(493): CodeIgniter\CodeIgniter->createController()
 3 SYSTEMPATH\CodeIgniter.php(361): CodeIgniter\CodeIgniter->handleRequest(null, Object(Config\Cache), false)
 4 FCPATH\index.php(79): CodeIgniter\CodeIgniter->run()
WARNING - 2024-03-20 17:17:24 --> [DEPRECATED] Creation of dynamic property App\Controllers\Auth::$data is deprecated in APPPATH\Controllers\Auth.php on line 30.
 1 SYSTEMPATH\CodeIgniter.php(913): App\Controllers\Auth->__construct()
 2 SYSTEMPATH\CodeIgniter.php(493): CodeIgniter\CodeIgniter->createController()
 3 SYSTEMPATH\CodeIgniter.php(361): CodeIgniter\CodeIgniter->handleRequest(null, Object(Config\Cache), false)
 4 FCPATH\index.php(79): CodeIgniter\CodeIgniter->run()
INFO - 2024-03-20 17:17:39 --> Session: Class initialized using 'CodeIgniter\Session\Handlers\FileHandler' driver.
WARNING - 2024-03-20 17:17:39 --> [DEPRECATED] Creation of dynamic property App\Controllers\Auth::$session is deprecated in APPPATH\Controllers\Auth.php on line 28.
 1 SYSTEMPATH\CodeIgniter.php(913): App\Controllers\Auth->__construct()
 2 SYSTEMPATH\CodeIgniter.php(493): CodeIgniter\CodeIgniter->createController()
 3 SYSTEMPATH\CodeIgniter.php(361): CodeIgniter\CodeIgniter->handleRequest(null, Object(Config\Cache), false)
 4 FCPATH\index.php(79): CodeIgniter\CodeIgniter->run()
WARNING - 2024-03-20 17:17:39 --> [DEPRECATED] Creation of dynamic property App\Controllers\Auth::$auth_model is deprecated in APPPATH\Controllers\Auth.php on line 29.
 1 SYSTEMPATH\CodeIgniter.php(913): App\Controllers\Auth->__construct()
 2 SYSTEMPATH\CodeIgniter.php(493): CodeIgniter\CodeIgniter->createController()
 3 SYSTEMPATH\CodeIgniter.php(361): CodeIgniter\CodeIgniter->handleRequest(null, Object(Config\Cache), false)
 4 FCPATH\index.php(79): CodeIgniter\CodeIgniter->run()
WARNING - 2024-03-20 17:17:39 --> [DEPRECATED] Creation of dynamic property App\Controllers\Auth::$data is deprecated in APPPATH\Controllers\Auth.php on line 30.
 1 SYSTEMPATH\CodeIgniter.php(913): App\Controllers\Auth->__construct()
 2 SYSTEMPATH\CodeIgniter.php(493): CodeIgniter\CodeIgniter->createController()
 3 SYSTEMPATH\CodeIgniter.php(361): CodeIgniter\CodeIgniter->handleRequest(null, Object(Config\Cache), false)
 4 FCPATH\index.php(79): CodeIgniter\CodeIgniter->run()
WARNING - 2024-03-20 17:17:40 --> [DEPRECATED] DateTime::__construct(): Passing null to parameter #1 ($datetime) of type string is deprecated in APPPATH\Models\Common_Model.php on line 11.
 1 APPPATH\Models\Common_Model.php(11): DateTime->__construct(null, Object(DateTimeZone))
 2 APPPATH\Models\UserModel.php(72): App\Models\Common_Model->currentColomboTime()
 3 APPPATH\Models\UserModel.php(40): App\Models\UserModel->updateLoginTime('1')
 4 APPPATH\Controllers\Auth.php(95): App\Models\UserModel->checkLogin([...])
 5 SYSTEMPATH\CodeIgniter.php(941): App\Controllers\Auth->loginRequest()
 6 SYSTEMPATH\CodeIgniter.php(502): CodeIgniter\CodeIgniter->runController(Object(App\Controllers\Auth))
 7 SYSTEMPATH\CodeIgniter.php(361): CodeIgniter\CodeIgniter->handleRequest(null, Object(Config\Cache), false)
 8 FCPATH\index.php(79): CodeIgniter\CodeIgniter->run()
WARNING - 2024-03-20 17:17:40 --> [DEPRECATED] DateTime::__construct(): Passing null to parameter #1 ($datetime) of type string is deprecated in APPPATH\Models\Common_Model.php on line 11.
 1 APPPATH\Models\Common_Model.php(11): DateTime->__construct(null, Object(DateTimeZone))
 2 APPPATH\Models\UserModel.php(108): App\Models\Common_Model->currentColomboTime()
 3 APPPATH\Controllers\Auth.php(98): App\Models\UserModel->resetLoginAttempts('1')
 4 SYSTEMPATH\CodeIgniter.php(941): App\Controllers\Auth->loginRequest()
 5 SYSTEMPATH\CodeIgniter.php(502): CodeIgniter\CodeIgniter->runController(Object(App\Controllers\Auth))
 6 SYSTEMPATH\CodeIgniter.php(361): CodeIgniter\CodeIgniter->handleRequest(null, Object(Config\Cache), false)
 7 FCPATH\index.php(79): CodeIgniter\CodeIgniter->run()
INFO - 2024-03-20 17:17:40 --> Session: Class initialized using 'CodeIgniter\Session\Handlers\FileHandler' driver.
INFO - 2024-03-20 17:17:40 --> Session: Class initialized using 'CodeIgniter\Session\Handlers\FileHandler' driver.
WARNING - 2024-03-20 17:17:40 --> [DEPRECATED] Creation of dynamic property App\Models\Appointment_Model::$session is deprecated in APPPATH\Models\Appointment_Model.php on line 18.
 1 APPPATH\Controllers\PublicAppointment.php(37): App\Models\Appointment_Model->__construct()
 2 SYSTEMPATH\CodeIgniter.php(913): App\Controllers\PublicAppointment->__construct()
 3 SYSTEMPATH\CodeIgniter.php(493): CodeIgniter\CodeIgniter->createController()
 4 SYSTEMPATH\CodeIgniter.php(361): CodeIgniter\CodeIgniter->handleRequest(null, Object(Config\Cache), false)
 5 FCPATH\index.php(79): CodeIgniter\CodeIgniter->run()
WARNING - 2024-03-20 17:17:40 --> [DEPRECATED] Creation of dynamic property App\Models\Appointment_Model::$password_lib is deprecated in APPPATH\Models\Appointment_Model.php on line 20.
 1 APPPATH\Controllers\PublicAppointment.php(37): App\Models\Appointment_Model->__construct()
 2 SYSTEMPATH\CodeIgniter.php(913): App\Controllers\PublicAppointment->__construct()
 3 SYSTEMPATH\CodeIgniter.php(493): CodeIgniter\CodeIgniter->createController()
 4 SYSTEMPATH\CodeIgniter.php(361): CodeIgniter\CodeIgniter->handleRequest(null, Object(Config\Cache), false)
 5 FCPATH\index.php(79): CodeIgniter\CodeIgniter->run()
WARNING - 2024-03-20 17:17:40 --> [DEPRECATED] Creation of dynamic property App\Models\FileUpload_Model::$request is deprecated in APPPATH\Models\FileUpload_Model.php on line 19.
 1 APPPATH\Models\Appointment_Model.php(22): App\Models\FileUpload_Model->__construct()
 2 APPPATH\Controllers\PublicAppointment.php(37): App\Models\Appointment_Model->__construct()
 3 SYSTEMPATH\CodeIgniter.php(913): App\Controllers\PublicAppointment->__construct()
 4 SYSTEMPATH\CodeIgniter.php(493): CodeIgniter\CodeIgniter->createController()
 5 SYSTEMPATH\CodeIgniter.php(361): CodeIgniter\CodeIgniter->handleRequest(null, Object(Config\Cache), false)
 6 FCPATH\index.php(79): CodeIgniter\CodeIgniter->run()
WARNING - 2024-03-20 17:17:40 --> [DEPRECATED] Creation of dynamic property App\Models\FileUpload_Model::$session is deprecated in APPPATH\Models\FileUpload_Model.php on line 20.
 1 APPPATH\Models\Appointment_Model.php(22): App\Models\FileUpload_Model->__construct()
 2 APPPATH\Controllers\PublicAppointment.php(37): App\Models\Appointment_Model->__construct()
 3 SYSTEMPATH\CodeIgniter.php(913): App\Controllers\PublicAppointment->__construct()
 4 SYSTEMPATH\CodeIgniter.php(493): CodeIgniter\CodeIgniter->createController()
 5 SYSTEMPATH\CodeIgniter.php(361): CodeIgniter\CodeIgniter->handleRequest(null, Object(Config\Cache), false)
 6 FCPATH\index.php(79): CodeIgniter\CodeIgniter->run()
WARNING - 2024-03-20 17:17:40 --> [DEPRECATED] Creation of dynamic property App\Models\Patient_Model::$password_lib is deprecated in APPPATH\Models\Patient_Model.php on line 15.
 1 APPPATH\Controllers\PublicAppointment.php(42): App\Models\Patient_Model->__construct()
 2 SYSTEMPATH\CodeIgniter.php(913): App\Controllers\PublicAppointment->__construct()
 3 SYSTEMPATH\CodeIgniter.php(493): CodeIgniter\CodeIgniter->createController()
 4 SYSTEMPATH\CodeIgniter.php(361): CodeIgniter\CodeIgniter->handleRequest(null, Object(Config\Cache), false)
 5 FCPATH\index.php(79): CodeIgniter\CodeIgniter->run()
INFO - 2024-03-20 17:17:50 --> Session: Class initialized using 'CodeIgniter\Session\Handlers\FileHandler' driver.
WARNING - 2024-03-20 17:17:50 --> [DEPRECATED] Creation of dynamic property App\Models\Patient_Model::$password_lib is deprecated in APPPATH\Models\Patient_Model.php on line 15.
 1 APPPATH\Controllers\Patient.php(27): App\Models\Patient_Model->__construct()
 2 SYSTEMPATH\CodeIgniter.php(913): App\Controllers\Patient->__construct()
 3 SYSTEMPATH\CodeIgniter.php(493): CodeIgniter\CodeIgniter->createController()
 4 SYSTEMPATH\CodeIgniter.php(361): CodeIgniter\CodeIgniter->handleRequest(null, Object(Config\Cache), false)
 5 FCPATH\index.php(79): CodeIgniter\CodeIgniter->run()
INFO - 2024-03-20 17:17:51 --> Session: Class initialized using 'CodeIgniter\Session\Handlers\FileHandler' driver.
WARNING - 2024-03-20 17:17:51 --> [DEPRECATED] Creation of dynamic property App\Models\Patient_Model::$password_lib is deprecated in APPPATH\Models\Patient_Model.php on line 15.
 1 APPPATH\Controllers\Patient.php(27): App\Models\Patient_Model->__construct()
 2 SYSTEMPATH\CodeIgniter.php(913): App\Controllers\Patient->__construct()
 3 SYSTEMPATH\CodeIgniter.php(493): CodeIgniter\CodeIgniter->createController()
 4 SYSTEMPATH\CodeIgniter.php(361): CodeIgniter\CodeIgniter->handleRequest(null, Object(Config\Cache), false)
 5 FCPATH\index.php(79): CodeIgniter\CodeIgniter->run()
INFO - 2024-03-20 17:18:20 --> Session: Class initialized using 'CodeIgniter\Session\Handlers\FileHandler' driver.
WARNING - 2024-03-20 17:18:20 --> [DEPRECATED] Creation of dynamic property App\Controllers\User::$session is deprecated in APPPATH\Controllers\User.php on line 28.
 1 SYSTEMPATH\CodeIgniter.php(913): App\Controllers\User->__construct()
 2 SYSTEMPATH\CodeIgniter.php(493): CodeIgniter\CodeIgniter->createController()
 3 SYSTEMPATH\CodeIgniter.php(361): CodeIgniter\CodeIgniter->handleRequest(null, Object(Config\Cache), false)
 4 FCPATH\index.php(79): CodeIgniter\CodeIgniter->run()
WARNING - 2024-03-20 17:18:20 --> [DEPRECATED] Creation of dynamic property App\Controllers\User::$auth_model is deprecated in APPPATH\Controllers\User.php on line 29.
 1 SYSTEMPATH\CodeIgniter.php(913): App\Controllers\User->__construct()
 2 SYSTEMPATH\CodeIgniter.php(493): CodeIgniter\CodeIgniter->createController()
 3 SYSTEMPATH\CodeIgniter.php(361): CodeIgniter\CodeIgniter->handleRequest(null, Object(Config\Cache), false)
 4 FCPATH\index.php(79): CodeIgniter\CodeIgniter->run()
WARNING - 2024-03-20 17:18:20 --> [DEPRECATED] Creation of dynamic property App\Controllers\User::$data is deprecated in APPPATH\Controllers\User.php on line 30.
 1 SYSTEMPATH\CodeIgniter.php(913): App\Controllers\User->__construct()
 2 SYSTEMPATH\CodeIgniter.php(493): CodeIgniter\CodeIgniter->createController()
 3 SYSTEMPATH\CodeIgniter.php(361): CodeIgniter\CodeIgniter->handleRequest(null, Object(Config\Cache), false)
 4 FCPATH\index.php(79): CodeIgniter\CodeIgniter->run()
INFO - 2024-03-20 17:18:20 --> Session: Class initialized using 'CodeIgniter\Session\Handlers\FileHandler' driver.
WARNING - 2024-03-20 17:18:20 --> [DEPRECATED] Creation of dynamic property App\Controllers\User::$session is deprecated in APPPATH\Controllers\User.php on line 28.
 1 SYSTEMPATH\CodeIgniter.php(913): App\Controllers\User->__construct()
 2 SYSTEMPATH\CodeIgniter.php(493): CodeIgniter\CodeIgniter->createController()
 3 SYSTEMPATH\CodeIgniter.php(361): CodeIgniter\CodeIgniter->handleRequest(null, Object(Config\Cache), false)
 4 FCPATH\index.php(79): CodeIgniter\CodeIgniter->run()
WARNING - 2024-03-20 17:18:20 --> [DEPRECATED] Creation of dynamic property App\Controllers\User::$auth_model is deprecated in APPPATH\Controllers\User.php on line 29.
 1 SYSTEMPATH\CodeIgniter.php(913): App\Controllers\User->__construct()
 2 SYSTEMPATH\CodeIgniter.php(493): CodeIgniter\CodeIgniter->createController()
 3 SYSTEMPATH\CodeIgniter.php(361): CodeIgniter\CodeIgniter->handleRequest(null, Object(Config\Cache), false)
 4 FCPATH\index.php(79): CodeIgniter\CodeIgniter->run()
WARNING - 2024-03-20 17:18:20 --> [DEPRECATED] Creation of dynamic property App\Controllers\User::$data is deprecated in APPPATH\Controllers\User.php on line 30.
 1 SYSTEMPATH\CodeIgniter.php(913): App\Controllers\User->__construct()
 2 SYSTEMPATH\CodeIgniter.php(493): CodeIgniter\CodeIgniter->createController()
 3 SYSTEMPATH\CodeIgniter.php(361): CodeIgniter\CodeIgniter->handleRequest(null, Object(Config\Cache), false)
 4 FCPATH\index.php(79): CodeIgniter\CodeIgniter->run()
INFO - 2024-03-20 17:19:53 --> Session: Class initialized using 'CodeIgniter\Session\Handlers\FileHandler' driver.
WARNING - 2024-03-20 17:19:53 --> [DEPRECATED] Creation of dynamic property App\Controllers\User::$session is deprecated in APPPATH\Controllers\User.php on line 28.
 1 SYSTEMPATH\CodeIgniter.php(913): App\Controllers\User->__construct()
 2 SYSTEMPATH\CodeIgniter.php(493): CodeIgniter\CodeIgniter->createController()
 3 SYSTEMPATH\CodeIgniter.php(361): CodeIgniter\CodeIgniter->handleRequest(null, Object(Config\Cache), false)
 4 FCPATH\index.php(79): CodeIgniter\CodeIgniter->run()
WARNING - 2024-03-20 17:19:53 --> [DEPRECATED] Creation of dynamic property App\Controllers\User::$auth_model is deprecated in APPPATH\Controllers\User.php on line 29.
 1 SYSTEMPATH\CodeIgniter.php(913): App\Controllers\User->__construct()
 2 SYSTEMPATH\CodeIgniter.php(493): CodeIgniter\CodeIgniter->createController()
 3 SYSTEMPATH\CodeIgniter.php(361): CodeIgniter\CodeIgniter->handleRequest(null, Object(Config\Cache), false)
 4 FCPATH\index.php(79): CodeIgniter\CodeIgniter->run()
WARNING - 2024-03-20 17:19:53 --> [DEPRECATED] Creation of dynamic property App\Controllers\User::$data is deprecated in APPPATH\Controllers\User.php on line 30.
 1 SYSTEMPATH\CodeIgniter.php(913): App\Controllers\User->__construct()
 2 SYSTEMPATH\CodeIgniter.php(493): CodeIgniter\CodeIgniter->createController()
 3 SYSTEMPATH\CodeIgniter.php(361): CodeIgniter\CodeIgniter->handleRequest(null, Object(Config\Cache), false)
 4 FCPATH\index.php(79): CodeIgniter\CodeIgniter->run()
INFO - 2024-03-20 17:19:53 --> Session: Class initialized using 'CodeIgniter\Session\Handlers\FileHandler' driver.
WARNING - 2024-03-20 17:19:53 --> [DEPRECATED] Creation of dynamic property App\Controllers\User::$session is deprecated in APPPATH\Controllers\User.php on line 28.
 1 SYSTEMPATH\CodeIgniter.php(913): App\Controllers\User->__construct()
 2 SYSTEMPATH\CodeIgniter.php(493): CodeIgniter\CodeIgniter->createController()
 3 SYSTEMPATH\CodeIgniter.php(361): CodeIgniter\CodeIgniter->handleRequest(null, Object(Config\Cache), false)
 4 FCPATH\index.php(79): CodeIgniter\CodeIgniter->run()
WARNING - 2024-03-20 17:19:53 --> [DEPRECATED] Creation of dynamic property App\Controllers\User::$auth_model is deprecated in APPPATH\Controllers\User.php on line 29.
 1 SYSTEMPATH\CodeIgniter.php(913): App\Controllers\User->__construct()
 2 SYSTEMPATH\CodeIgniter.php(493): CodeIgniter\CodeIgniter->createController()
 3 SYSTEMPATH\CodeIgniter.php(361): CodeIgniter\CodeIgniter->handleRequest(null, Object(Config\Cache), false)
 4 FCPATH\index.php(79): CodeIgniter\CodeIgniter->run()
WARNING - 2024-03-20 17:19:53 --> [DEPRECATED] Creation of dynamic property App\Controllers\User::$data is deprecated in APPPATH\Controllers\User.php on line 30.
 1 SYSTEMPATH\CodeIgniter.php(913): App\Controllers\User->__construct()
 2 SYSTEMPATH\CodeIgniter.php(493): CodeIgniter\CodeIgniter->createController()
 3 SYSTEMPATH\CodeIgniter.php(361): CodeIgniter\CodeIgniter->handleRequest(null, Object(Config\Cache), false)
 4 FCPATH\index.php(79): CodeIgniter\CodeIgniter->run()
INFO - 2024-03-20 17:20:08 --> Session: Class initialized using 'CodeIgniter\Session\Handlers\FileHandler' driver.
INFO - 2024-03-20 17:20:08 --> Session: Class initialized using 'CodeIgniter\Session\Handlers\FileHandler' driver.
WARNING - 2024-03-20 17:20:08 --> [DEPRECATED] Creation of dynamic property App\Models\Appointment_Model::$session is deprecated in APPPATH\Models\Appointment_Model.php on line 18.
 1 APPPATH\Controllers\PublicAppointment.php(37): App\Models\Appointment_Model->__construct()
 2 SYSTEMPATH\CodeIgniter.php(913): App\Controllers\PublicAppointment->__construct()
 3 SYSTEMPATH\CodeIgniter.php(493): CodeIgniter\CodeIgniter->createController()
 4 SYSTEMPATH\CodeIgniter.php(361): CodeIgniter\CodeIgniter->handleRequest(null, Object(Config\Cache), false)
 5 FCPATH\index.php(79): CodeIgniter\CodeIgniter->run()
WARNING - 2024-03-20 17:20:08 --> [DEPRECATED] Creation of dynamic property App\Models\Appointment_Model::$password_lib is deprecated in APPPATH\Models\Appointment_Model.php on line 20.
 1 APPPATH\Controllers\PublicAppointment.php(37): App\Models\Appointment_Model->__construct()
 2 SYSTEMPATH\CodeIgniter.php(913): App\Controllers\PublicAppointment->__construct()
 3 SYSTEMPATH\CodeIgniter.php(493): CodeIgniter\CodeIgniter->createController()
 4 SYSTEMPATH\CodeIgniter.php(361): CodeIgniter\CodeIgniter->handleRequest(null, Object(Config\Cache), false)
 5 FCPATH\index.php(79): CodeIgniter\CodeIgniter->run()
WARNING - 2024-03-20 17:20:08 --> [DEPRECATED] Creation of dynamic property App\Models\FileUpload_Model::$request is deprecated in APPPATH\Models\FileUpload_Model.php on line 19.
 1 APPPATH\Models\Appointment_Model.php(22): App\Models\FileUpload_Model->__construct()
 2 APPPATH\Controllers\PublicAppointment.php(37): App\Models\Appointment_Model->__construct()
 3 SYSTEMPATH\CodeIgniter.php(913): App\Controllers\PublicAppointment->__construct()
 4 SYSTEMPATH\CodeIgniter.php(493): CodeIgniter\CodeIgniter->createController()
 5 SYSTEMPATH\CodeIgniter.php(361): CodeIgniter\CodeIgniter->handleRequest(null, Object(Config\Cache), false)
 6 FCPATH\index.php(79): CodeIgniter\CodeIgniter->run()
WARNING - 2024-03-20 17:20:08 --> [DEPRECATED] Creation of dynamic property App\Models\FileUpload_Model::$session is deprecated in APPPATH\Models\FileUpload_Model.php on line 20.
 1 APPPATH\Models\Appointment_Model.php(22): App\Models\FileUpload_Model->__construct()
 2 APPPATH\Controllers\PublicAppointment.php(37): App\Models\Appointment_Model->__construct()
 3 SYSTEMPATH\CodeIgniter.php(913): App\Controllers\PublicAppointment->__construct()
 4 SYSTEMPATH\CodeIgniter.php(493): CodeIgniter\CodeIgniter->createController()
 5 SYSTEMPATH\CodeIgniter.php(361): CodeIgniter\CodeIgniter->handleRequest(null, Object(Config\Cache), false)
 6 FCPATH\index.php(79): CodeIgniter\CodeIgniter->run()
WARNING - 2024-03-20 17:20:08 --> [DEPRECATED] Creation of dynamic property App\Models\Patient_Model::$password_lib is deprecated in APPPATH\Models\Patient_Model.php on line 15.
 1 APPPATH\Controllers\PublicAppointment.php(42): App\Models\Patient_Model->__construct()
 2 SYSTEMPATH\CodeIgniter.php(913): App\Controllers\PublicAppointment->__construct()
 3 SYSTEMPATH\CodeIgniter.php(493): CodeIgniter\CodeIgniter->createController()
 4 SYSTEMPATH\CodeIgniter.php(361): CodeIgniter\CodeIgniter->handleRequest(null, Object(Config\Cache), false)
 5 FCPATH\index.php(79): CodeIgniter\CodeIgniter->run()
INFO - 2024-03-20 17:20:13 --> Session: Class initialized using 'CodeIgniter\Session\Handlers\FileHandler' driver.
WARNING - 2024-03-20 17:20:13 --> [DEPRECATED] Creation of dynamic property App\Models\Appointment_Model::$session is deprecated in APPPATH\Models\Appointment_Model.php on line 18.
 1 APPPATH\Controllers\Appointment.php(35): App\Models\Appointment_Model->__construct()
 2 SYSTEMPATH\CodeIgniter.php(913): App\Controllers\Appointment->__construct()
 3 SYSTEMPATH\CodeIgniter.php(493): CodeIgniter\CodeIgniter->createController()
 4 SYSTEMPATH\CodeIgniter.php(361): CodeIgniter\CodeIgniter->handleRequest(null, Object(Config\Cache), false)
 5 FCPATH\index.php(79): CodeIgniter\CodeIgniter->run()
WARNING - 2024-03-20 17:20:13 --> [DEPRECATED] Creation of dynamic property App\Models\Appointment_Model::$password_lib is deprecated in APPPATH\Models\Appointment_Model.php on line 20.
 1 APPPATH\Controllers\Appointment.php(35): App\Models\Appointment_Model->__construct()
 2 SYSTEMPATH\CodeIgniter.php(913): App\Controllers\Appointment->__construct()
 3 SYSTEMPATH\CodeIgniter.php(493): CodeIgniter\CodeIgniter->createController()
 4 SYSTEMPATH\CodeIgniter.php(361): CodeIgniter\CodeIgniter->handleRequest(null, Object(Config\Cache), false)
 5 FCPATH\index.php(79): CodeIgniter\CodeIgniter->run()
WARNING - 2024-03-20 17:20:13 --> [DEPRECATED] Creation of dynamic property App\Models\FileUpload_Model::$request is deprecated in APPPATH\Models\FileUpload_Model.php on line 19.
 1 APPPATH\Models\Appointment_Model.php(22): App\Models\FileUpload_Model->__construct()
 2 APPPATH\Controllers\Appointment.php(35): App\Models\Appointment_Model->__construct()
 3 SYSTEMPATH\CodeIgniter.php(913): App\Controllers\Appointment->__construct()
 4 SYSTEMPATH\CodeIgniter.php(493): CodeIgniter\CodeIgniter->createController()
 5 SYSTEMPATH\CodeIgniter.php(361): CodeIgniter\CodeIgniter->handleRequest(null, Object(Config\Cache), false)
 6 FCPATH\index.php(79): CodeIgniter\CodeIgniter->run()
WARNING - 2024-03-20 17:20:13 --> [DEPRECATED] Creation of dynamic property App\Models\FileUpload_Model::$session is deprecated in APPPATH\Models\FileUpload_Model.php on line 20.
 1 APPPATH\Models\Appointment_Model.php(22): App\Models\FileUpload_Model->__construct()
 2 APPPATH\Controllers\Appointment.php(35): App\Models\Appointment_Model->__construct()
 3 SYSTEMPATH\CodeIgniter.php(913): App\Controllers\Appointment->__construct()
 4 SYSTEMPATH\CodeIgniter.php(493): CodeIgniter\CodeIgniter->createController()
 5 SYSTEMPATH\CodeIgniter.php(361): CodeIgniter\CodeIgniter->handleRequest(null, Object(Config\Cache), false)
 6 FCPATH\index.php(79): CodeIgniter\CodeIgniter->run()
WARNING - 2024-03-20 17:20:13 --> [DEPRECATED] Creation of dynamic property App\Models\Patient_Model::$password_lib is deprecated in APPPATH\Models\Patient_Model.php on line 15.
 1 APPPATH\Controllers\Appointment.php(40): App\Models\Patient_Model->__construct()
 2 SYSTEMPATH\CodeIgniter.php(913): App\Controllers\Appointment->__construct()
 3 SYSTEMPATH\CodeIgniter.php(493): CodeIgniter\CodeIgniter->createController()
 4 SYSTEMPATH\CodeIgniter.php(361): CodeIgniter\CodeIgniter->handleRequest(null, Object(Config\Cache), false)
 5 FCPATH\index.php(79): CodeIgniter\CodeIgniter->run()
INFO - 2024-03-20 17:20:14 --> Session: Class initialized using 'CodeIgniter\Session\Handlers\FileHandler' driver.
WARNING - 2024-03-20 17:20:14 --> [DEPRECATED] Creation of dynamic property App\Models\Appointment_Model::$session is deprecated in APPPATH\Models\Appointment_Model.php on line 18.
 1 APPPATH\Controllers\Appointment.php(35): App\Models\Appointment_Model->__construct()
 2 SYSTEMPATH\CodeIgniter.php(913): App\Controllers\Appointment->__construct()
 3 SYSTEMPATH\CodeIgniter.php(493): CodeIgniter\CodeIgniter->createController()
 4 SYSTEMPATH\CodeIgniter.php(361): CodeIgniter\CodeIgniter->handleRequest(null, Object(Config\Cache), false)
 5 FCPATH\index.php(79): CodeIgniter\CodeIgniter->run()
WARNING - 2024-03-20 17:20:14 --> [DEPRECATED] Creation of dynamic property App\Models\Appointment_Model::$password_lib is deprecated in APPPATH\Models\Appointment_Model.php on line 20.
 1 APPPATH\Controllers\Appointment.php(35): App\Models\Appointment_Model->__construct()
 2 SYSTEMPATH\CodeIgniter.php(913): App\Controllers\Appointment->__construct()
 3 SYSTEMPATH\CodeIgniter.php(493): CodeIgniter\CodeIgniter->createController()
 4 SYSTEMPATH\CodeIgniter.php(361): CodeIgniter\CodeIgniter->handleRequest(null, Object(Config\Cache), false)
 5 FCPATH\index.php(79): CodeIgniter\CodeIgniter->run()
WARNING - 2024-03-20 17:20:14 --> [DEPRECATED] Creation of dynamic property App\Models\FileUpload_Model::$request is deprecated in APPPATH\Models\FileUpload_Model.php on line 19.
 1 APPPATH\Models\Appointment_Model.php(22): App\Models\FileUpload_Model->__construct()
 2 APPPATH\Controllers\Appointment.php(35): App\Models\Appointment_Model->__construct()
 3 SYSTEMPATH\CodeIgniter.php(913): App\Controllers\Appointment->__construct()
 4 SYSTEMPATH\CodeIgniter.php(493): CodeIgniter\CodeIgniter->createController()
 5 SYSTEMPATH\CodeIgniter.php(361): CodeIgniter\CodeIgniter->handleRequest(null, Object(Config\Cache), false)
 6 FCPATH\index.php(79): CodeIgniter\CodeIgniter->run()
WARNING - 2024-03-20 17:20:14 --> [DEPRECATED] Creation of dynamic property App\Models\FileUpload_Model::$session is deprecated in APPPATH\Models\FileUpload_Model.php on line 20.
 1 APPPATH\Models\Appointment_Model.php(22): App\Models\FileUpload_Model->__construct()
 2 APPPATH\Controllers\Appointment.php(35): App\Models\Appointment_Model->__construct()
 3 SYSTEMPATH\CodeIgniter.php(913): App\Controllers\Appointment->__construct()
 4 SYSTEMPATH\CodeIgniter.php(493): CodeIgniter\CodeIgniter->createController()
 5 SYSTEMPATH\CodeIgniter.php(361): CodeIgniter\CodeIgniter->handleRequest(null, Object(Config\Cache), false)
 6 FCPATH\index.php(79): CodeIgniter\CodeIgniter->run()
WARNING - 2024-03-20 17:20:14 --> [DEPRECATED] Creation of dynamic property App\Models\Patient_Model::$password_lib is deprecated in APPPATH\Models\Patient_Model.php on line 15.
 1 APPPATH\Controllers\Appointment.php(40): App\Models\Patient_Model->__construct()
 2 SYSTEMPATH\CodeIgniter.php(913): App\Controllers\Appointment->__construct()
 3 SYSTEMPATH\CodeIgniter.php(493): CodeIgniter\CodeIgniter->createController()
 4 SYSTEMPATH\CodeIgniter.php(361): CodeIgniter\CodeIgniter->handleRequest(null, Object(Config\Cache), false)
 5 FCPATH\index.php(79): CodeIgniter\CodeIgniter->run()
INFO - 2024-03-20 17:20:45 --> Session: Class initialized using 'CodeIgniter\Session\Handlers\FileHandler' driver.
WARNING - 2024-03-20 17:20:45 --> [DEPRECATED] Creation of dynamic property App\Models\Appointment_Model::$session is deprecated in APPPATH\Models\Appointment_Model.php on line 18.
 1 APPPATH\Controllers\Appointment.php(35): App\Models\Appointment_Model->__construct()
 2 SYSTEMPATH\CodeIgniter.php(913): App\Controllers\Appointment->__construct()
 3 SYSTEMPATH\CodeIgniter.php(493): CodeIgniter\CodeIgniter->createController()
 4 SYSTEMPATH\CodeIgniter.php(361): CodeIgniter\CodeIgniter->handleRequest(null, Object(Config\Cache), false)
 5 FCPATH\index.php(79): CodeIgniter\CodeIgniter->run()
WARNING - 2024-03-20 17:20:45 --> [DEPRECATED] Creation of dynamic property App\Models\Appointment_Model::$password_lib is deprecated in APPPATH\Models\Appointment_Model.php on line 20.
 1 APPPATH\Controllers\Appointment.php(35): App\Models\Appointment_Model->__construct()
 2 SYSTEMPATH\CodeIgniter.php(913): App\Controllers\Appointment->__construct()
 3 SYSTEMPATH\CodeIgniter.php(493): CodeIgniter\CodeIgniter->createController()
 4 SYSTEMPATH\CodeIgniter.php(361): CodeIgniter\CodeIgniter->handleRequest(null, Object(Config\Cache), false)
 5 FCPATH\index.php(79): CodeIgniter\CodeIgniter->run()
WARNING - 2024-03-20 17:20:45 --> [DEPRECATED] Creation of dynamic property App\Models\FileUpload_Model::$request is deprecated in APPPATH\Models\FileUpload_Model.php on line 19.
 1 APPPATH\Models\Appointment_Model.php(22): App\Models\FileUpload_Model->__construct()
 2 APPPATH\Controllers\Appointment.php(35): App\Models\Appointment_Model->__construct()
 3 SYSTEMPATH\CodeIgniter.php(913): App\Controllers\Appointment->__construct()
 4 SYSTEMPATH\CodeIgniter.php(493): CodeIgniter\CodeIgniter->createController()
 5 SYSTEMPATH\CodeIgniter.php(361): CodeIgniter\CodeIgniter->handleRequest(null, Object(Config\Cache), false)
 6 FCPATH\index.php(79): CodeIgniter\CodeIgniter->run()
WARNING - 2024-03-20 17:20:45 --> [DEPRECATED] Creation of dynamic property App\Models\FileUpload_Model::$session is deprecated in APPPATH\Models\FileUpload_Model.php on line 20.
 1 APPPATH\Models\Appointment_Model.php(22): App\Models\FileUpload_Model->__construct()
 2 APPPATH\Controllers\Appointment.php(35): App\Models\Appointment_Model->__construct()
 3 SYSTEMPATH\CodeIgniter.php(913): App\Controllers\Appointment->__construct()
 4 SYSTEMPATH\CodeIgniter.php(493): CodeIgniter\CodeIgniter->createController()
 5 SYSTEMPATH\CodeIgniter.php(361): CodeIgniter\CodeIgniter->handleRequest(null, Object(Config\Cache), false)
 6 FCPATH\index.php(79): CodeIgniter\CodeIgniter->run()
WARNING - 2024-03-20 17:20:45 --> [DEPRECATED] Creation of dynamic property App\Models\Patient_Model::$password_lib is deprecated in APPPATH\Models\Patient_Model.php on line 15.
 1 APPPATH\Controllers\Appointment.php(40): App\Models\Patient_Model->__construct()
 2 SYSTEMPATH\CodeIgniter.php(913): App\Controllers\Appointment->__construct()
 3 SYSTEMPATH\CodeIgniter.php(493): CodeIgniter\CodeIgniter->createController()
 4 SYSTEMPATH\CodeIgniter.php(361): CodeIgniter\CodeIgniter->handleRequest(null, Object(Config\Cache), false)
 5 FCPATH\index.php(79): CodeIgniter\CodeIgniter->run()
INFO - 2024-03-20 17:20:46 --> Session: Class initialized using 'CodeIgniter\Session\Handlers\FileHandler' driver.
WARNING - 2024-03-20 17:20:46 --> [DEPRECATED] Creation of dynamic property App\Models\Appointment_Model::$session is deprecated in APPPATH\Models\Appointment_Model.php on line 18.
 1 APPPATH\Controllers\Appointment.php(35): App\Models\Appointment_Model->__construct()
 2 SYSTEMPATH\CodeIgniter.php(913): App\Controllers\Appointment->__construct()
 3 SYSTEMPATH\CodeIgniter.php(493): CodeIgniter\CodeIgniter->createController()
 4 SYSTEMPATH\CodeIgniter.php(361): CodeIgniter\CodeIgniter->handleRequest(null, Object(Config\Cache), false)
 5 FCPATH\index.php(79): CodeIgniter\CodeIgniter->run()
WARNING - 2024-03-20 17:20:46 --> [DEPRECATED] Creation of dynamic property App\Models\Appointment_Model::$password_lib is deprecated in APPPATH\Models\Appointment_Model.php on line 20.
 1 APPPATH\Controllers\Appointment.php(35): App\Models\Appointment_Model->__construct()
 2 SYSTEMPATH\CodeIgniter.php(913): App\Controllers\Appointment->__construct()
 3 SYSTEMPATH\CodeIgniter.php(493): CodeIgniter\CodeIgniter->createController()
 4 SYSTEMPATH\CodeIgniter.php(361): CodeIgniter\CodeIgniter->handleRequest(null, Object(Config\Cache), false)
 5 FCPATH\index.php(79): CodeIgniter\CodeIgniter->run()
WARNING - 2024-03-20 17:20:46 --> [DEPRECATED] Creation of dynamic property App\Models\FileUpload_Model::$request is deprecated in APPPATH\Models\FileUpload_Model.php on line 19.
 1 APPPATH\Models\Appointment_Model.php(22): App\Models\FileUpload_Model->__construct()
 2 APPPATH\Controllers\Appointment.php(35): App\Models\Appointment_Model->__construct()
 3 SYSTEMPATH\CodeIgniter.php(913): App\Controllers\Appointment->__construct()
 4 SYSTEMPATH\CodeIgniter.php(493): CodeIgniter\CodeIgniter->createController()
 5 SYSTEMPATH\CodeIgniter.php(361): CodeIgniter\CodeIgniter->handleRequest(null, Object(Config\Cache), false)
 6 FCPATH\index.php(79): CodeIgniter\CodeIgniter->run()
WARNING - 2024-03-20 17:20:46 --> [DEPRECATED] Creation of dynamic property App\Models\FileUpload_Model::$session is deprecated in APPPATH\Models\FileUpload_Model.php on line 20.
 1 APPPATH\Models\Appointment_Model.php(22): App\Models\FileUpload_Model->__construct()
 2 APPPATH\Controllers\Appointment.php(35): App\Models\Appointment_Model->__construct()
 3 SYSTEMPATH\CodeIgniter.php(913): App\Controllers\Appointment->__construct()
 4 SYSTEMPATH\CodeIgniter.php(493): CodeIgniter\CodeIgniter->createController()
 5 SYSTEMPATH\CodeIgniter.php(361): CodeIgniter\CodeIgniter->handleRequest(null, Object(Config\Cache), false)
 6 FCPATH\index.php(79): CodeIgniter\CodeIgniter->run()
WARNING - 2024-03-20 17:20:46 --> [DEPRECATED] Creation of dynamic property App\Models\Patient_Model::$password_lib is deprecated in APPPATH\Models\Patient_Model.php on line 15.
 1 APPPATH\Controllers\Appointment.php(40): App\Models\Patient_Model->__construct()
 2 SYSTEMPATH\CodeIgniter.php(913): App\Controllers\Appointment->__construct()
 3 SYSTEMPATH\CodeIgniter.php(493): CodeIgniter\CodeIgniter->createController()
 4 SYSTEMPATH\CodeIgniter.php(361): CodeIgniter\CodeIgniter->handleRequest(null, Object(Config\Cache), false)
 5 FCPATH\index.php(79): CodeIgniter\CodeIgniter->run()
INFO - 2024-03-20 17:20:53 --> Session: Class initialized using 'CodeIgniter\Session\Handlers\FileHandler' driver.
WARNING - 2024-03-20 17:20:53 --> [DEPRECATED] Creation of dynamic property App\Models\Appointment_Model::$session is deprecated in APPPATH\Models\Appointment_Model.php on line 18.
 1 APPPATH\Controllers\Appointment.php(35): App\Models\Appointment_Model->__construct()
 2 SYSTEMPATH\CodeIgniter.php(913): App\Controllers\Appointment->__construct()
 3 SYSTEMPATH\CodeIgniter.php(493): CodeIgniter\CodeIgniter->createController()
 4 SYSTEMPATH\CodeIgniter.php(361): CodeIgniter\CodeIgniter->handleRequest(null, Object(Config\Cache), false)
 5 FCPATH\index.php(79): CodeIgniter\CodeIgniter->run()
WARNING - 2024-03-20 17:20:53 --> [DEPRECATED] Creation of dynamic property App\Models\Appointment_Model::$password_lib is deprecated in APPPATH\Models\Appointment_Model.php on line 20.
 1 APPPATH\Controllers\Appointment.php(35): App\Models\Appointment_Model->__construct()
 2 SYSTEMPATH\CodeIgniter.php(913): App\Controllers\Appointment->__construct()
 3 SYSTEMPATH\CodeIgniter.php(493): CodeIgniter\CodeIgniter->createController()
 4 SYSTEMPATH\CodeIgniter.php(361): CodeIgniter\CodeIgniter->handleRequest(null, Object(Config\Cache), false)
 5 FCPATH\index.php(79): CodeIgniter\CodeIgniter->run()
WARNING - 2024-03-20 17:20:53 --> [DEPRECATED] Creation of dynamic property App\Models\FileUpload_Model::$request is deprecated in APPPATH\Models\FileUpload_Model.php on line 19.
 1 APPPATH\Models\Appointment_Model.php(22): App\Models\FileUpload_Model->__construct()
 2 APPPATH\Controllers\Appointment.php(35): App\Models\Appointment_Model->__construct()
 3 SYSTEMPATH\CodeIgniter.php(913): App\Controllers\Appointment->__construct()
 4 SYSTEMPATH\CodeIgniter.php(493): CodeIgniter\CodeIgniter->createController()
 5 SYSTEMPATH\CodeIgniter.php(361): CodeIgniter\CodeIgniter->handleRequest(null, Object(Config\Cache), false)
 6 FCPATH\index.php(79): CodeIgniter\CodeIgniter->run()
WARNING - 2024-03-20 17:20:53 --> [DEPRECATED] Creation of dynamic property App\Models\FileUpload_Model::$session is deprecated in APPPATH\Models\FileUpload_Model.php on line 20.
 1 APPPATH\Models\Appointment_Model.php(22): App\Models\FileUpload_Model->__construct()
 2 APPPATH\Controllers\Appointment.php(35): App\Models\Appointment_Model->__construct()
 3 SYSTEMPATH\CodeIgniter.php(913): App\Controllers\Appointment->__construct()
 4 SYSTEMPATH\CodeIgniter.php(493): CodeIgniter\CodeIgniter->createController()
 5 SYSTEMPATH\CodeIgniter.php(361): CodeIgniter\CodeIgniter->handleRequest(null, Object(Config\Cache), false)
 6 FCPATH\index.php(79): CodeIgniter\CodeIgniter->run()
WARNING - 2024-03-20 17:20:53 --> [DEPRECATED] Creation of dynamic property App\Models\Patient_Model::$password_lib is deprecated in APPPATH\Models\Patient_Model.php on line 15.
 1 APPPATH\Controllers\Appointment.php(40): App\Models\Patient_Model->__construct()
 2 SYSTEMPATH\CodeIgniter.php(913): App\Controllers\Appointment->__construct()
 3 SYSTEMPATH\CodeIgniter.php(493): CodeIgniter\CodeIgniter->createController()
 4 SYSTEMPATH\CodeIgniter.php(361): CodeIgniter\CodeIgniter->handleRequest(null, Object(Config\Cache), false)
 5 FCPATH\index.php(79): CodeIgniter\CodeIgniter->run()
INFO - 2024-03-20 17:20:53 --> Session: Class initialized using 'CodeIgniter\Session\Handlers\FileHandler' driver.
WARNING - 2024-03-20 17:20:53 --> [DEPRECATED] Creation of dynamic property App\Models\Appointment_Model::$session is deprecated in APPPATH\Models\Appointment_Model.php on line 18.
 1 APPPATH\Controllers\Appointment.php(35): App\Models\Appointment_Model->__construct()
 2 SYSTEMPATH\CodeIgniter.php(913): App\Controllers\Appointment->__construct()
 3 SYSTEMPATH\CodeIgniter.php(493): CodeIgniter\CodeIgniter->createController()
 4 SYSTEMPATH\CodeIgniter.php(361): CodeIgniter\CodeIgniter->handleRequest(null, Object(Config\Cache), false)
 5 FCPATH\index.php(79): CodeIgniter\CodeIgniter->run()
WARNING - 2024-03-20 17:20:53 --> [DEPRECATED] Creation of dynamic property App\Models\Appointment_Model::$password_lib is deprecated in APPPATH\Models\Appointment_Model.php on line 20.
 1 APPPATH\Controllers\Appointment.php(35): App\Models\Appointment_Model->__construct()
 2 SYSTEMPATH\CodeIgniter.php(913): App\Controllers\Appointment->__construct()
 3 SYSTEMPATH\CodeIgniter.php(493): CodeIgniter\CodeIgniter->createController()
 4 SYSTEMPATH\CodeIgniter.php(361): CodeIgniter\CodeIgniter->handleRequest(null, Object(Config\Cache), false)
 5 FCPATH\index.php(79): CodeIgniter\CodeIgniter->run()
WARNING - 2024-03-20 17:20:53 --> [DEPRECATED] Creation of dynamic property App\Models\FileUpload_Model::$request is deprecated in APPPATH\Models\FileUpload_Model.php on line 19.
 1 APPPATH\Models\Appointment_Model.php(22): App\Models\FileUpload_Model->__construct()
 2 APPPATH\Controllers\Appointment.php(35): App\Models\Appointment_Model->__construct()
 3 SYSTEMPATH\CodeIgniter.php(913): App\Controllers\Appointment->__construct()
 4 SYSTEMPATH\CodeIgniter.php(493): CodeIgniter\CodeIgniter->createController()
 5 SYSTEMPATH\CodeIgniter.php(361): CodeIgniter\CodeIgniter->handleRequest(null, Object(Config\Cache), false)
 6 FCPATH\index.php(79): CodeIgniter\CodeIgniter->run()
WARNING - 2024-03-20 17:20:53 --> [DEPRECATED] Creation of dynamic property App\Models\FileUpload_Model::$session is deprecated in APPPATH\Models\FileUpload_Model.php on line 20.
 1 APPPATH\Models\Appointment_Model.php(22): App\Models\FileUpload_Model->__construct()
 2 APPPATH\Controllers\Appointment.php(35): App\Models\Appointment_Model->__construct()
 3 SYSTEMPATH\CodeIgniter.php(913): App\Controllers\Appointment->__construct()
 4 SYSTEMPATH\CodeIgniter.php(493): CodeIgniter\CodeIgniter->createController()
 5 SYSTEMPATH\CodeIgniter.php(361): CodeIgniter\CodeIgniter->handleRequest(null, Object(Config\Cache), false)
 6 FCPATH\index.php(79): CodeIgniter\CodeIgniter->run()
WARNING - 2024-03-20 17:20:53 --> [DEPRECATED] Creation of dynamic property App\Models\Patient_Model::$password_lib is deprecated in APPPATH\Models\Patient_Model.php on line 15.
 1 APPPATH\Controllers\Appointment.php(40): App\Models\Patient_Model->__construct()
 2 SYSTEMPATH\CodeIgniter.php(913): App\Controllers\Appointment->__construct()
 3 SYSTEMPATH\CodeIgniter.php(493): CodeIgniter\CodeIgniter->createController()
 4 SYSTEMPATH\CodeIgniter.php(361): CodeIgniter\CodeIgniter->handleRequest(null, Object(Config\Cache), false)
 5 FCPATH\index.php(79): CodeIgniter\CodeIgniter->run()
INFO - 2024-03-20 17:21:00 --> Session: Class initialized using 'CodeIgniter\Session\Handlers\FileHandler' driver.
INFO - 2024-03-20 17:21:00 --> Session: Class initialized using 'CodeIgniter\Session\Handlers\FileHandler' driver.
WARNING - 2024-03-20 17:21:00 --> [DEPRECATED] Creation of dynamic property App\Models\Appointment_Model::$session is deprecated in APPPATH\Models\Appointment_Model.php on line 18.
 1 APPPATH\Controllers\PublicAppointment.php(37): App\Models\Appointment_Model->__construct()
 2 SYSTEMPATH\CodeIgniter.php(913): App\Controllers\PublicAppointment->__construct()
 3 SYSTEMPATH\CodeIgniter.php(493): CodeIgniter\CodeIgniter->createController()
 4 SYSTEMPATH\CodeIgniter.php(361): CodeIgniter\CodeIgniter->handleRequest(null, Object(Config\Cache), false)
 5 FCPATH\index.php(79): CodeIgniter\CodeIgniter->run()
WARNING - 2024-03-20 17:21:00 --> [DEPRECATED] Creation of dynamic property App\Models\Appointment_Model::$password_lib is deprecated in APPPATH\Models\Appointment_Model.php on line 20.
 1 APPPATH\Controllers\PublicAppointment.php(37): App\Models\Appointment_Model->__construct()
 2 SYSTEMPATH\CodeIgniter.php(913): App\Controllers\PublicAppointment->__construct()
 3 SYSTEMPATH\CodeIgniter.php(493): CodeIgniter\CodeIgniter->createController()
 4 SYSTEMPATH\CodeIgniter.php(361): CodeIgniter\CodeIgniter->handleRequest(null, Object(Config\Cache), false)
 5 FCPATH\index.php(79): CodeIgniter\CodeIgniter->run()
WARNING - 2024-03-20 17:21:00 --> [DEPRECATED] Creation of dynamic property App\Models\FileUpload_Model::$request is deprecated in APPPATH\Models\FileUpload_Model.php on line 19.
 1 APPPATH\Models\Appointment_Model.php(22): App\Models\FileUpload_Model->__construct()
 2 APPPATH\Controllers\PublicAppointment.php(37): App\Models\Appointment_Model->__construct()
 3 SYSTEMPATH\CodeIgniter.php(913): App\Controllers\PublicAppointment->__construct()
 4 SYSTEMPATH\CodeIgniter.php(493): CodeIgniter\CodeIgniter->createController()
 5 SYSTEMPATH\CodeIgniter.php(361): CodeIgniter\CodeIgniter->handleRequest(null, Object(Config\Cache), false)
 6 FCPATH\index.php(79): CodeIgniter\CodeIgniter->run()
WARNING - 2024-03-20 17:21:00 --> [DEPRECATED] Creation of dynamic property App\Models\FileUpload_Model::$session is deprecated in APPPATH\Models\FileUpload_Model.php on line 20.
 1 APPPATH\Models\Appointment_Model.php(22): App\Models\FileUpload_Model->__construct()
 2 APPPATH\Controllers\PublicAppointment.php(37): App\Models\Appointment_Model->__construct()
 3 SYSTEMPATH\CodeIgniter.php(913): App\Controllers\PublicAppointment->__construct()
 4 SYSTEMPATH\CodeIgniter.php(493): CodeIgniter\CodeIgniter->createController()
 5 SYSTEMPATH\CodeIgniter.php(361): CodeIgniter\CodeIgniter->handleRequest(null, Object(Config\Cache), false)
 6 FCPATH\index.php(79): CodeIgniter\CodeIgniter->run()
WARNING - 2024-03-20 17:21:00 --> [DEPRECATED] Creation of dynamic property App\Models\Patient_Model::$password_lib is deprecated in APPPATH\Models\Patient_Model.php on line 15.
 1 APPPATH\Controllers\PublicAppointment.php(42): App\Models\Patient_Model->__construct()
 2 SYSTEMPATH\CodeIgniter.php(913): App\Controllers\PublicAppointment->__construct()
 3 SYSTEMPATH\CodeIgniter.php(493): CodeIgniter\CodeIgniter->createController()
 4 SYSTEMPATH\CodeIgniter.php(361): CodeIgniter\CodeIgniter->handleRequest(null, Object(Config\Cache), false)
 5 FCPATH\index.php(79): CodeIgniter\CodeIgniter->run()
INFO - 2024-03-20 17:21:16 --> Session: Class initialized using 'CodeIgniter\Session\Handlers\FileHandler' driver.
INFO - 2024-03-20 17:21:17 --> Session: Class initialized using 'CodeIgniter\Session\Handlers\FileHandler' driver.
INFO - 2024-03-20 17:21:18 --> Session: Class initialized using 'CodeIgniter\Session\Handlers\FileHandler' driver.
INFO - 2024-03-20 17:21:19 --> Session: Class initialized using 'CodeIgniter\Session\Handlers\FileHandler' driver.
INFO - 2024-03-20 17:21:20 --> Session: Class initialized using 'CodeIgniter\Session\Handlers\FileHandler' driver.
INFO - 2024-03-20 17:21:22 --> Session: Class initialized using 'CodeIgniter\Session\Handlers\FileHandler' driver.
INFO - 2024-03-20 17:21:22 --> Session: Class initialized using 'CodeIgniter\Session\Handlers\FileHandler' driver.
INFO - 2024-03-20 17:21:27 --> Session: Class initialized using 'CodeIgniter\Session\Handlers\FileHandler' driver.
INFO - 2024-03-20 17:21:29 --> Session: Class initialized using 'CodeIgniter\Session\Handlers\FileHandler' driver.
WARNING - 2024-03-20 17:21:29 --> [DEPRECATED] Creation of dynamic property App\Models\Appointment_Model::$session is deprecated in APPPATH\Models\Appointment_Model.php on line 18.
 1 APPPATH\Controllers\PublicAppointment.php(37): App\Models\Appointment_Model->__construct()
 2 SYSTEMPATH\CodeIgniter.php(913): App\Controllers\PublicAppointment->__construct()
 3 SYSTEMPATH\CodeIgniter.php(493): CodeIgniter\CodeIgniter->createController()
 4 SYSTEMPATH\CodeIgniter.php(361): CodeIgniter\CodeIgniter->handleRequest(null, Object(Config\Cache), false)
 5 FCPATH\index.php(79): CodeIgniter\CodeIgniter->run()
WARNING - 2024-03-20 17:21:29 --> [DEPRECATED] Creation of dynamic property App\Models\Appointment_Model::$password_lib is deprecated in APPPATH\Models\Appointment_Model.php on line 20.
 1 APPPATH\Controllers\PublicAppointment.php(37): App\Models\Appointment_Model->__construct()
 2 SYSTEMPATH\CodeIgniter.php(913): App\Controllers\PublicAppointment->__construct()
 3 SYSTEMPATH\CodeIgniter.php(493): CodeIgniter\CodeIgniter->createController()
 4 SYSTEMPATH\CodeIgniter.php(361): CodeIgniter\CodeIgniter->handleRequest(null, Object(Config\Cache), false)
 5 FCPATH\index.php(79): CodeIgniter\CodeIgniter->run()
WARNING - 2024-03-20 17:21:29 --> [DEPRECATED] Creation of dynamic property App\Models\FileUpload_Model::$request is deprecated in APPPATH\Models\FileUpload_Model.php on line 19.
 1 APPPATH\Models\Appointment_Model.php(22): App\Models\FileUpload_Model->__construct()
 2 APPPATH\Controllers\PublicAppointment.php(37): App\Models\Appointment_Model->__construct()
 3 SYSTEMPATH\CodeIgniter.php(913): App\Controllers\PublicAppointment->__construct()
 4 SYSTEMPATH\CodeIgniter.php(493): CodeIgniter\CodeIgniter->createController()
 5 SYSTEMPATH\CodeIgniter.php(361): CodeIgniter\CodeIgniter->handleRequest(null, Object(Config\Cache), false)
 6 FCPATH\index.php(79): CodeIgniter\CodeIgniter->run()
WARNING - 2024-03-20 17:21:29 --> [DEPRECATED] Creation of dynamic property App\Models\FileUpload_Model::$session is deprecated in APPPATH\Models\FileUpload_Model.php on line 20.
 1 APPPATH\Models\Appointment_Model.php(22): App\Models\FileUpload_Model->__construct()
 2 APPPATH\Controllers\PublicAppointment.php(37): App\Models\Appointment_Model->__construct()
 3 SYSTEMPATH\CodeIgniter.php(913): App\Controllers\PublicAppointment->__construct()
 4 SYSTEMPATH\CodeIgniter.php(493): CodeIgniter\CodeIgniter->createController()
 5 SYSTEMPATH\CodeIgniter.php(361): CodeIgniter\CodeIgniter->handleRequest(null, Object(Config\Cache), false)
 6 FCPATH\index.php(79): CodeIgniter\CodeIgniter->run()
WARNING - 2024-03-20 17:21:29 --> [DEPRECATED] Creation of dynamic property App\Models\Patient_Model::$password_lib is deprecated in APPPATH\Models\Patient_Model.php on line 15.
 1 APPPATH\Controllers\PublicAppointment.php(42): App\Models\Patient_Model->__construct()
 2 SYSTEMPATH\CodeIgniter.php(913): App\Controllers\PublicAppointment->__construct()
 3 SYSTEMPATH\CodeIgniter.php(493): CodeIgniter\CodeIgniter->createController()
 4 SYSTEMPATH\CodeIgniter.php(361): CodeIgniter\CodeIgniter->handleRequest(null, Object(Config\Cache), false)
 5 FCPATH\index.php(79): CodeIgniter\CodeIgniter->run()
INFO - 2024-03-20 17:21:29 --> Session: Class initialized using 'CodeIgniter\Session\Handlers\FileHandler' driver.
WARNING - 2024-03-20 17:21:29 --> [DEPRECATED] Creation of dynamic property App\Controllers\PublicAuthentication::$session is deprecated in APPPATH\Controllers\PublicAuthentication.php on line 30.
 1 SYSTEMPATH\CodeIgniter.php(913): App\Controllers\PublicAuthentication->__construct()
 2 SYSTEMPATH\CodeIgniter.php(493): CodeIgniter\CodeIgniter->createController()
 3 SYSTEMPATH\CodeIgniter.php(361): CodeIgniter\CodeIgniter->handleRequest(null, Object(Config\Cache), false)
 4 FCPATH\index.php(79): CodeIgniter\CodeIgniter->run()
WARNING - 2024-03-20 17:21:29 --> [DEPRECATED] Creation of dynamic property App\Controllers\PublicAuthentication::$auth_model is deprecated in APPPATH\Controllers\PublicAuthentication.php on line 31.
 1 SYSTEMPATH\CodeIgniter.php(913): App\Controllers\PublicAuthentication->__construct()
 2 SYSTEMPATH\CodeIgniter.php(493): CodeIgniter\CodeIgniter->createController()
 3 SYSTEMPATH\CodeIgniter.php(361): CodeIgniter\CodeIgniter->handleRequest(null, Object(Config\Cache), false)
 4 FCPATH\index.php(79): CodeIgniter\CodeIgniter->run()
WARNING - 2024-03-20 17:21:29 --> [DEPRECATED] Creation of dynamic property App\Controllers\PublicAuthentication::$data is deprecated in APPPATH\Controllers\PublicAuthentication.php on line 32.
 1 SYSTEMPATH\CodeIgniter.php(913): App\Controllers\PublicAuthentication->__construct()
 2 SYSTEMPATH\CodeIgniter.php(493): CodeIgniter\CodeIgniter->createController()
 3 SYSTEMPATH\CodeIgniter.php(361): CodeIgniter\CodeIgniter->handleRequest(null, Object(Config\Cache), false)
 4 FCPATH\index.php(79): CodeIgniter\CodeIgniter->run()
WARNING - 2024-03-20 17:21:29 --> [DEPRECATED] Creation of dynamic property App\Models\Patient_Model::$password_lib is deprecated in APPPATH\Models\Patient_Model.php on line 15.
 1 APPPATH\Controllers\PublicAuthentication.php(39): App\Models\Patient_Model->__construct()
 2 SYSTEMPATH\CodeIgniter.php(913): App\Controllers\PublicAuthentication->__construct()
 3 SYSTEMPATH\CodeIgniter.php(493): CodeIgniter\CodeIgniter->createController()
 4 SYSTEMPATH\CodeIgniter.php(361): CodeIgniter\CodeIgniter->handleRequest(null, Object(Config\Cache), false)
 5 FCPATH\index.php(79): CodeIgniter\CodeIgniter->run()
INFO - 2024-03-20 17:21:40 --> Session: Class initialized using 'CodeIgniter\Session\Handlers\FileHandler' driver.
INFO - 2024-03-20 17:21:43 --> Session: Class initialized using 'CodeIgniter\Session\Handlers\FileHandler' driver.
INFO - 2024-03-20 17:21:43 --> Session: Class initialized using 'CodeIgniter\Session\Handlers\FileHandler' driver.
WARNING - 2024-03-20 17:21:43 --> [DEPRECATED] Creation of dynamic property App\Models\Appointment_Model::$session is deprecated in APPPATH\Models\Appointment_Model.php on line 18.
 1 APPPATH\Controllers\PublicAppointment.php(37): App\Models\Appointment_Model->__construct()
 2 SYSTEMPATH\CodeIgniter.php(913): App\Controllers\PublicAppointment->__construct()
 3 SYSTEMPATH\CodeIgniter.php(493): CodeIgniter\CodeIgniter->createController()
 4 SYSTEMPATH\CodeIgniter.php(361): CodeIgniter\CodeIgniter->handleRequest(null, Object(Config\Cache), false)
 5 FCPATH\index.php(79): CodeIgniter\CodeIgniter->run()
WARNING - 2024-03-20 17:21:43 --> [DEPRECATED] Creation of dynamic property App\Models\Appointment_Model::$password_lib is deprecated in APPPATH\Models\Appointment_Model.php on line 20.
 1 APPPATH\Controllers\PublicAppointment.php(37): App\Models\Appointment_Model->__construct()
 2 SYSTEMPATH\CodeIgniter.php(913): App\Controllers\PublicAppointment->__construct()
 3 SYSTEMPATH\CodeIgniter.php(493): CodeIgniter\CodeIgniter->createController()
 4 SYSTEMPATH\CodeIgniter.php(361): CodeIgniter\CodeIgniter->handleRequest(null, Object(Config\Cache), false)
 5 FCPATH\index.php(79): CodeIgniter\CodeIgniter->run()
WARNING - 2024-03-20 17:21:43 --> [DEPRECATED] Creation of dynamic property App\Models\FileUpload_Model::$request is deprecated in APPPATH\Models\FileUpload_Model.php on line 19.
 1 APPPATH\Models\Appointment_Model.php(22): App\Models\FileUpload_Model->__construct()
 2 APPPATH\Controllers\PublicAppointment.php(37): App\Models\Appointment_Model->__construct()
 3 SYSTEMPATH\CodeIgniter.php(913): App\Controllers\PublicAppointment->__construct()
 4 SYSTEMPATH\CodeIgniter.php(493): CodeIgniter\CodeIgniter->createController()
 5 SYSTEMPATH\CodeIgniter.php(361): CodeIgniter\CodeIgniter->handleRequest(null, Object(Config\Cache), false)
 6 FCPATH\index.php(79): CodeIgniter\CodeIgniter->run()
WARNING - 2024-03-20 17:21:43 --> [DEPRECATED] Creation of dynamic property App\Models\FileUpload_Model::$session is deprecated in APPPATH\Models\FileUpload_Model.php on line 20.
 1 APPPATH\Models\Appointment_Model.php(22): App\Models\FileUpload_Model->__construct()
 2 APPPATH\Controllers\PublicAppointment.php(37): App\Models\Appointment_Model->__construct()
 3 SYSTEMPATH\CodeIgniter.php(913): App\Controllers\PublicAppointment->__construct()
 4 SYSTEMPATH\CodeIgniter.php(493): CodeIgniter\CodeIgniter->createController()
 5 SYSTEMPATH\CodeIgniter.php(361): CodeIgniter\CodeIgniter->handleRequest(null, Object(Config\Cache), false)
 6 FCPATH\index.php(79): CodeIgniter\CodeIgniter->run()
WARNING - 2024-03-20 17:21:43 --> [DEPRECATED] Creation of dynamic property App\Models\Patient_Model::$password_lib is deprecated in APPPATH\Models\Patient_Model.php on line 15.
 1 APPPATH\Controllers\PublicAppointment.php(42): App\Models\Patient_Model->__construct()
 2 SYSTEMPATH\CodeIgniter.php(913): App\Controllers\PublicAppointment->__construct()
 3 SYSTEMPATH\CodeIgniter.php(493): CodeIgniter\CodeIgniter->createController()
 4 SYSTEMPATH\CodeIgniter.php(361): CodeIgniter\CodeIgniter->handleRequest(null, Object(Config\Cache), false)
 5 FCPATH\index.php(79): CodeIgniter\CodeIgniter->run()
INFO - 2024-03-20 17:21:46 --> Session: Class initialized using 'CodeIgniter\Session\Handlers\FileHandler' driver.
WARNING - 2024-03-20 17:21:46 --> [DEPRECATED] Creation of dynamic property App\Controllers\PublicAuthentication::$session is deprecated in APPPATH\Controllers\PublicAuthentication.php on line 30.
 1 SYSTEMPATH\CodeIgniter.php(913): App\Controllers\PublicAuthentication->__construct()
 2 SYSTEMPATH\CodeIgniter.php(493): CodeIgniter\CodeIgniter->createController()
 3 SYSTEMPATH\CodeIgniter.php(361): CodeIgniter\CodeIgniter->handleRequest(null, Object(Config\Cache), false)
 4 FCPATH\index.php(79): CodeIgniter\CodeIgniter->run()
WARNING - 2024-03-20 17:21:46 --> [DEPRECATED] Creation of dynamic property App\Controllers\PublicAuthentication::$auth_model is deprecated in APPPATH\Controllers\PublicAuthentication.php on line 31.
 1 SYSTEMPATH\CodeIgniter.php(913): App\Controllers\PublicAuthentication->__construct()
 2 SYSTEMPATH\CodeIgniter.php(493): CodeIgniter\CodeIgniter->createController()
 3 SYSTEMPATH\CodeIgniter.php(361): CodeIgniter\CodeIgniter->handleRequest(null, Object(Config\Cache), false)
 4 FCPATH\index.php(79): CodeIgniter\CodeIgniter->run()
WARNING - 2024-03-20 17:21:46 --> [DEPRECATED] Creation of dynamic property App\Controllers\PublicAuthentication::$data is deprecated in APPPATH\Controllers\PublicAuthentication.php on line 32.
 1 SYSTEMPATH\CodeIgniter.php(913): App\Controllers\PublicAuthentication->__construct()
 2 SYSTEMPATH\CodeIgniter.php(493): CodeIgniter\CodeIgniter->createController()
 3 SYSTEMPATH\CodeIgniter.php(361): CodeIgniter\CodeIgniter->handleRequest(null, Object(Config\Cache), false)
 4 FCPATH\index.php(79): CodeIgniter\CodeIgniter->run()
WARNING - 2024-03-20 17:21:46 --> [DEPRECATED] Creation of dynamic property App\Models\Patient_Model::$password_lib is deprecated in APPPATH\Models\Patient_Model.php on line 15.
 1 APPPATH\Controllers\PublicAuthentication.php(39): App\Models\Patient_Model->__construct()
 2 SYSTEMPATH\CodeIgniter.php(913): App\Controllers\PublicAuthentication->__construct()
 3 SYSTEMPATH\CodeIgniter.php(493): CodeIgniter\CodeIgniter->createController()
 4 SYSTEMPATH\CodeIgniter.php(361): CodeIgniter\CodeIgniter->handleRequest(null, Object(Config\Cache), false)
 5 FCPATH\index.php(79): CodeIgniter\CodeIgniter->run()
INFO - 2024-03-20 17:21:46 --> Session: Class initialized using 'CodeIgniter\Session\Handlers\FileHandler' driver.
WARNING - 2024-03-20 17:21:46 --> [DEPRECATED] Creation of dynamic property App\Controllers\PublicAuthentication::$session is deprecated in APPPATH\Controllers\PublicAuthentication.php on line 30.
 1 SYSTEMPATH\CodeIgniter.php(913): App\Controllers\PublicAuthentication->__construct()
 2 SYSTEMPATH\CodeIgniter.php(493): CodeIgniter\CodeIgniter->createController()
 3 SYSTEMPATH\CodeIgniter.php(361): CodeIgniter\CodeIgniter->handleRequest(null, Object(Config\Cache), false)
 4 FCPATH\index.php(79): CodeIgniter\CodeIgniter->run()
WARNING - 2024-03-20 17:21:46 --> [DEPRECATED] Creation of dynamic property App\Controllers\PublicAuthentication::$auth_model is deprecated in APPPATH\Controllers\PublicAuthentication.php on line 31.
 1 SYSTEMPATH\CodeIgniter.php(913): App\Controllers\PublicAuthentication->__construct()
 2 SYSTEMPATH\CodeIgniter.php(493): CodeIgniter\CodeIgniter->createController()
 3 SYSTEMPATH\CodeIgniter.php(361): CodeIgniter\CodeIgniter->handleRequest(null, Object(Config\Cache), false)
 4 FCPATH\index.php(79): CodeIgniter\CodeIgniter->run()
WARNING - 2024-03-20 17:21:46 --> [DEPRECATED] Creation of dynamic property App\Controllers\PublicAuthentication::$data is deprecated in APPPATH\Controllers\PublicAuthentication.php on line 32.
 1 SYSTEMPATH\CodeIgniter.php(913): App\Controllers\PublicAuthentication->__construct()
 2 SYSTEMPATH\CodeIgniter.php(493): CodeIgniter\CodeIgniter->createController()
 3 SYSTEMPATH\CodeIgniter.php(361): CodeIgniter\CodeIgniter->handleRequest(null, Object(Config\Cache), false)
 4 FCPATH\index.php(79): CodeIgniter\CodeIgniter->run()
WARNING - 2024-03-20 17:21:46 --> [DEPRECATED] Creation of dynamic property App\Models\Patient_Model::$password_lib is deprecated in APPPATH\Models\Patient_Model.php on line 15.
 1 APPPATH\Controllers\PublicAuthentication.php(39): App\Models\Patient_Model->__construct()
 2 SYSTEMPATH\CodeIgniter.php(913): App\Controllers\PublicAuthentication->__construct()
 3 SYSTEMPATH\CodeIgniter.php(493): CodeIgniter\CodeIgniter->createController()
 4 SYSTEMPATH\CodeIgniter.php(361): CodeIgniter\CodeIgniter->handleRequest(null, Object(Config\Cache), false)
 5 FCPATH\index.php(79): CodeIgniter\CodeIgniter->run()
INFO - 2024-03-20 17:24:07 --> Session: Class initialized using 'CodeIgniter\Session\Handlers\FileHandler' driver.
WARNING - 2024-03-20 17:24:07 --> [DEPRECATED] Creation of dynamic property App\Controllers\PublicAuthentication::$session is deprecated in APPPATH\Controllers\PublicAuthentication.php on line 30.
 1 SYSTEMPATH\CodeIgniter.php(913): App\Controllers\PublicAuthentication->__construct()
 2 SYSTEMPATH\CodeIgniter.php(493): CodeIgniter\CodeIgniter->createController()
 3 SYSTEMPATH\CodeIgniter.php(361): CodeIgniter\CodeIgniter->handleRequest(null, Object(Config\Cache), false)
 4 FCPATH\index.php(79): CodeIgniter\CodeIgniter->run()
WARNING - 2024-03-20 17:24:07 --> [DEPRECATED] Creation of dynamic property App\Controllers\PublicAuthentication::$auth_model is deprecated in APPPATH\Controllers\PublicAuthentication.php on line 31.
 1 SYSTEMPATH\CodeIgniter.php(913): App\Controllers\PublicAuthentication->__construct()
 2 SYSTEMPATH\CodeIgniter.php(493): CodeIgniter\CodeIgniter->createController()
 3 SYSTEMPATH\CodeIgniter.php(361): CodeIgniter\CodeIgniter->handleRequest(null, Object(Config\Cache), false)
 4 FCPATH\index.php(79): CodeIgniter\CodeIgniter->run()
WARNING - 2024-03-20 17:24:07 --> [DEPRECATED] Creation of dynamic property App\Controllers\PublicAuthentication::$data is deprecated in APPPATH\Controllers\PublicAuthentication.php on line 32.
 1 SYSTEMPATH\CodeIgniter.php(913): App\Controllers\PublicAuthentication->__construct()
 2 SYSTEMPATH\CodeIgniter.php(493): CodeIgniter\CodeIgniter->createController()
 3 SYSTEMPATH\CodeIgniter.php(361): CodeIgniter\CodeIgniter->handleRequest(null, Object(Config\Cache), false)
 4 FCPATH\index.php(79): CodeIgniter\CodeIgniter->run()
WARNING - 2024-03-20 17:24:07 --> [DEPRECATED] Creation of dynamic property App\Models\Patient_Model::$password_lib is deprecated in APPPATH\Models\Patient_Model.php on line 15.
 1 APPPATH\Controllers\PublicAuthentication.php(39): App\Models\Patient_Model->__construct()
 2 SYSTEMPATH\CodeIgniter.php(913): App\Controllers\PublicAuthentication->__construct()
 3 SYSTEMPATH\CodeIgniter.php(493): CodeIgniter\CodeIgniter->createController()
 4 SYSTEMPATH\CodeIgniter.php(361): CodeIgniter\CodeIgniter->handleRequest(null, Object(Config\Cache), false)
 5 FCPATH\index.php(79): CodeIgniter\CodeIgniter->run()
WARNING - 2024-03-20 17:24:08 --> [DEPRECATED] DateTime::__construct(): Passing null to parameter #1 ($datetime) of type string is deprecated in APPPATH\Models\Common_Model.php on line 11.
 1 APPPATH\Models\Common_Model.php(11): DateTime->__construct(null, Object(DateTimeZone))
 2 APPPATH\Models\UserModel.php(72): App\Models\Common_Model->currentColomboTime()
 3 APPPATH\Models\UserModel.php(65): App\Models\UserModel->updateLoginTime('12')
 4 APPPATH\Controllers\PublicAuthentication.php(108): App\Models\UserModel->checkLoginByEmail([...])
 5 SYSTEMPATH\CodeIgniter.php(941): App\Controllers\PublicAuthentication->loginRequest()
 6 SYSTEMPATH\CodeIgniter.php(502): CodeIgniter\CodeIgniter->runController(Object(App\Controllers\PublicAuthentication))
 7 SYSTEMPATH\CodeIgniter.php(361): CodeIgniter\CodeIgniter->handleRequest(null, Object(Config\Cache), false)
 8 FCPATH\index.php(79): CodeIgniter\CodeIgniter->run()
WARNING - 2024-03-20 17:24:08 --> [DEPRECATED] DateTime::__construct(): Passing null to parameter #1 ($datetime) of type string is deprecated in APPPATH\Models\Common_Model.php on line 11.
 1 APPPATH\Models\Common_Model.php(11): DateTime->__construct(null, Object(DateTimeZone))
 2 APPPATH\Models\UserModel.php(108): App\Models\Common_Model->currentColomboTime()
 3 APPPATH\Controllers\PublicAuthentication.php(111): App\Models\UserModel->resetLoginAttempts('12')
 4 SYSTEMPATH\CodeIgniter.php(941): App\Controllers\PublicAuthentication->loginRequest()
 5 SYSTEMPATH\CodeIgniter.php(502): CodeIgniter\CodeIgniter->runController(Object(App\Controllers\PublicAuthentication))
 6 SYSTEMPATH\CodeIgniter.php(361): CodeIgniter\CodeIgniter->handleRequest(null, Object(Config\Cache), false)
 7 FCPATH\index.php(79): CodeIgniter\CodeIgniter->run()
INFO - 2024-03-20 17:24:08 --> Session: Class initialized using 'CodeIgniter\Session\Handlers\FileHandler' driver.
INFO - 2024-03-20 17:24:12 --> Session: Class initialized using 'CodeIgniter\Session\Handlers\FileHandler' driver.
WARNING - 2024-03-20 17:24:12 --> [DEPRECATED] Creation of dynamic property App\Models\Appointment_Model::$session is deprecated in APPPATH\Models\Appointment_Model.php on line 18.
 1 APPPATH\Controllers\PublicAppointment.php(37): App\Models\Appointment_Model->__construct()
 2 SYSTEMPATH\CodeIgniter.php(913): App\Controllers\PublicAppointment->__construct()
 3 SYSTEMPATH\CodeIgniter.php(493): CodeIgniter\CodeIgniter->createController()
 4 SYSTEMPATH\CodeIgniter.php(361): CodeIgniter\CodeIgniter->handleRequest(null, Object(Config\Cache), false)
 5 FCPATH\index.php(79): CodeIgniter\CodeIgniter->run()
WARNING - 2024-03-20 17:24:12 --> [DEPRECATED] Creation of dynamic property App\Models\Appointment_Model::$password_lib is deprecated in APPPATH\Models\Appointment_Model.php on line 20.
 1 APPPATH\Controllers\PublicAppointment.php(37): App\Models\Appointment_Model->__construct()
 2 SYSTEMPATH\CodeIgniter.php(913): App\Controllers\PublicAppointment->__construct()
 3 SYSTEMPATH\CodeIgniter.php(493): CodeIgniter\CodeIgniter->createController()
 4 SYSTEMPATH\CodeIgniter.php(361): CodeIgniter\CodeIgniter->handleRequest(null, Object(Config\Cache), false)
 5 FCPATH\index.php(79): CodeIgniter\CodeIgniter->run()
WARNING - 2024-03-20 17:24:12 --> [DEPRECATED] Creation of dynamic property App\Models\FileUpload_Model::$request is deprecated in APPPATH\Models\FileUpload_Model.php on line 19.
 1 APPPATH\Models\Appointment_Model.php(22): App\Models\FileUpload_Model->__construct()
 2 APPPATH\Controllers\PublicAppointment.php(37): App\Models\Appointment_Model->__construct()
 3 SYSTEMPATH\CodeIgniter.php(913): App\Controllers\PublicAppointment->__construct()
 4 SYSTEMPATH\CodeIgniter.php(493): CodeIgniter\CodeIgniter->createController()
 5 SYSTEMPATH\CodeIgniter.php(361): CodeIgniter\CodeIgniter->handleRequest(null, Object(Config\Cache), false)
 6 FCPATH\index.php(79): CodeIgniter\CodeIgniter->run()
WARNING - 2024-03-20 17:24:12 --> [DEPRECATED] Creation of dynamic property App\Models\FileUpload_Model::$session is deprecated in APPPATH\Models\FileUpload_Model.php on line 20.
 1 APPPATH\Models\Appointment_Model.php(22): App\Models\FileUpload_Model->__construct()
 2 APPPATH\Controllers\PublicAppointment.php(37): App\Models\Appointment_Model->__construct()
 3 SYSTEMPATH\CodeIgniter.php(913): App\Controllers\PublicAppointment->__construct()
 4 SYSTEMPATH\CodeIgniter.php(493): CodeIgniter\CodeIgniter->createController()
 5 SYSTEMPATH\CodeIgniter.php(361): CodeIgniter\CodeIgniter->handleRequest(null, Object(Config\Cache), false)
 6 FCPATH\index.php(79): CodeIgniter\CodeIgniter->run()
WARNING - 2024-03-20 17:24:12 --> [DEPRECATED] Creation of dynamic property App\Models\Patient_Model::$password_lib is deprecated in APPPATH\Models\Patient_Model.php on line 15.
 1 APPPATH\Controllers\PublicAppointment.php(42): App\Models\Patient_Model->__construct()
 2 SYSTEMPATH\CodeIgniter.php(913): App\Controllers\PublicAppointment->__construct()
 3 SYSTEMPATH\CodeIgniter.php(493): CodeIgniter\CodeIgniter->createController()
 4 SYSTEMPATH\CodeIgniter.php(361): CodeIgniter\CodeIgniter->handleRequest(null, Object(Config\Cache), false)
 5 FCPATH\index.php(79): CodeIgniter\CodeIgniter->run()
INFO - 2024-03-20 17:24:20 --> Session: Class initialized using 'CodeIgniter\Session\Handlers\FileHandler' driver.
INFO - 2024-03-20 17:24:28 --> Session: Class initialized using 'CodeIgniter\Session\Handlers\FileHandler' driver.
WARNING - 2024-03-20 17:24:28 --> [DEPRECATED] Creation of dynamic property App\Models\Appointment_Model::$session is deprecated in APPPATH\Models\Appointment_Model.php on line 18.
 1 APPPATH\Controllers\PublicAppointment.php(37): App\Models\Appointment_Model->__construct()
 2 SYSTEMPATH\CodeIgniter.php(913): App\Controllers\PublicAppointment->__construct()
 3 SYSTEMPATH\CodeIgniter.php(493): CodeIgniter\CodeIgniter->createController()
 4 SYSTEMPATH\CodeIgniter.php(361): CodeIgniter\CodeIgniter->handleRequest(null, Object(Config\Cache), false)
 5 FCPATH\index.php(79): CodeIgniter\CodeIgniter->run()
WARNING - 2024-03-20 17:24:28 --> [DEPRECATED] Creation of dynamic property App\Models\Appointment_Model::$password_lib is deprecated in APPPATH\Models\Appointment_Model.php on line 20.
 1 APPPATH\Controllers\PublicAppointment.php(37): App\Models\Appointment_Model->__construct()
 2 SYSTEMPATH\CodeIgniter.php(913): App\Controllers\PublicAppointment->__construct()
 3 SYSTEMPATH\CodeIgniter.php(493): CodeIgniter\CodeIgniter->createController()
 4 SYSTEMPATH\CodeIgniter.php(361): CodeIgniter\CodeIgniter->handleRequest(null, Object(Config\Cache), false)
 5 FCPATH\index.php(79): CodeIgniter\CodeIgniter->run()
WARNING - 2024-03-20 17:24:28 --> [DEPRECATED] Creation of dynamic property App\Models\FileUpload_Model::$request is deprecated in APPPATH\Models\FileUpload_Model.php on line 19.
 1 APPPATH\Models\Appointment_Model.php(22): App\Models\FileUpload_Model->__construct()
 2 APPPATH\Controllers\PublicAppointment.php(37): App\Models\Appointment_Model->__construct()
 3 SYSTEMPATH\CodeIgniter.php(913): App\Controllers\PublicAppointment->__construct()
 4 SYSTEMPATH\CodeIgniter.php(493): CodeIgniter\CodeIgniter->createController()
 5 SYSTEMPATH\CodeIgniter.php(361): CodeIgniter\CodeIgniter->handleRequest(null, Object(Config\Cache), false)
 6 FCPATH\index.php(79): CodeIgniter\CodeIgniter->run()
WARNING - 2024-03-20 17:24:28 --> [DEPRECATED] Creation of dynamic property App\Models\FileUpload_Model::$session is deprecated in APPPATH\Models\FileUpload_Model.php on line 20.
 1 APPPATH\Models\Appointment_Model.php(22): App\Models\FileUpload_Model->__construct()
 2 APPPATH\Controllers\PublicAppointment.php(37): App\Models\Appointment_Model->__construct()
 3 SYSTEMPATH\CodeIgniter.php(913): App\Controllers\PublicAppointment->__construct()
 4 SYSTEMPATH\CodeIgniter.php(493): CodeIgniter\CodeIgniter->createController()
 5 SYSTEMPATH\CodeIgniter.php(361): CodeIgniter\CodeIgniter->handleRequest(null, Object(Config\Cache), false)
 6 FCPATH\index.php(79): CodeIgniter\CodeIgniter->run()
WARNING - 2024-03-20 17:24:28 --> [DEPRECATED] Creation of dynamic property App\Models\Patient_Model::$password_lib is deprecated in APPPATH\Models\Patient_Model.php on line 15.
 1 APPPATH\Controllers\PublicAppointment.php(42): App\Models\Patient_Model->__construct()
 2 SYSTEMPATH\CodeIgniter.php(913): App\Controllers\PublicAppointment->__construct()
 3 SYSTEMPATH\CodeIgniter.php(493): CodeIgniter\CodeIgniter->createController()
 4 SYSTEMPATH\CodeIgniter.php(361): CodeIgniter\CodeIgniter->handleRequest(null, Object(Config\Cache), false)
 5 FCPATH\index.php(79): CodeIgniter\CodeIgniter->run()
WARNING - 2024-03-20 17:24:28 --> [DEPRECATED] DateTime::__construct(): Passing null to parameter #1 ($datetime) of type string is deprecated in APPPATH\Models\Common_Model.php on line 11.
 1 APPPATH\Models\Common_Model.php(11): DateTime->__construct(null, Object(DateTimeZone))
 2 APPPATH\Models\Appointment_Model.php(153): App\Models\Common_Model->currentColomboTime()
 3 APPPATH\Controllers\PublicAppointment.php(123): App\Models\Appointment_Model->createAppointmentByPatient([...])
 4 SYSTEMPATH\CodeIgniter.php(941): App\Controllers\PublicAppointment->createAppointmentAPI()
 5 SYSTEMPATH\CodeIgniter.php(502): CodeIgniter\CodeIgniter->runController(Object(App\Controllers\PublicAppointment))
 6 SYSTEMPATH\CodeIgniter.php(361): CodeIgniter\CodeIgniter->handleRequest(null, Object(Config\Cache), false)
 7 FCPATH\index.php(79): CodeIgniter\CodeIgniter->run()
WARNING - 2024-03-20 17:24:28 --> [DEPRECATED] DateTime::__construct(): Passing null to parameter #1 ($datetime) of type string is deprecated in APPPATH\Models\Common_Model.php on line 11.
 1 APPPATH\Models\Common_Model.php(11): DateTime->__construct(null, Object(DateTimeZone))
 2 APPPATH\Models\Appointment_Model.php(325): App\Models\Common_Model->currentColomboTime()
 3 APPPATH\Models\Appointment_Model.php(160): App\Models\Appointment_Model->addAppointmentHistory(19, 'Created')
 4 APPPATH\Controllers\PublicAppointment.php(123): App\Models\Appointment_Model->createAppointmentByPatient([...])
 5 SYSTEMPATH\CodeIgniter.php(941): App\Controllers\PublicAppointment->createAppointmentAPI()
 6 SYSTEMPATH\CodeIgniter.php(502): CodeIgniter\CodeIgniter->runController(Object(App\Controllers\PublicAppointment))
 7 SYSTEMPATH\CodeIgniter.php(361): CodeIgniter\CodeIgniter->handleRequest(null, Object(Config\Cache), false)
 8 FCPATH\index.php(79): CodeIgniter\CodeIgniter->run()
INFO - 2024-03-20 17:24:28 --> Session: Class initialized using 'CodeIgniter\Session\Handlers\FileHandler' driver.
WARNING - 2024-03-20 17:24:28 --> [DEPRECATED] Creation of dynamic property App\Models\Appointment_Model::$session is deprecated in APPPATH\Models\Appointment_Model.php on line 18.
 1 APPPATH\Controllers\Payment.php(22): App\Models\Appointment_Model->__construct()
 2 SYSTEMPATH\CodeIgniter.php(913): App\Controllers\Payment->__construct()
 3 SYSTEMPATH\CodeIgniter.php(493): CodeIgniter\CodeIgniter->createController()
 4 SYSTEMPATH\CodeIgniter.php(361): CodeIgniter\CodeIgniter->handleRequest(null, Object(Config\Cache), false)
 5 FCPATH\index.php(79): CodeIgniter\CodeIgniter->run()
WARNING - 2024-03-20 17:24:28 --> [DEPRECATED] Creation of dynamic property App\Models\Appointment_Model::$password_lib is deprecated in APPPATH\Models\Appointment_Model.php on line 20.
 1 APPPATH\Controllers\Payment.php(22): App\Models\Appointment_Model->__construct()
 2 SYSTEMPATH\CodeIgniter.php(913): App\Controllers\Payment->__construct()
 3 SYSTEMPATH\CodeIgniter.php(493): CodeIgniter\CodeIgniter->createController()
 4 SYSTEMPATH\CodeIgniter.php(361): CodeIgniter\CodeIgniter->handleRequest(null, Object(Config\Cache), false)
 5 FCPATH\index.php(79): CodeIgniter\CodeIgniter->run()
WARNING - 2024-03-20 17:24:28 --> [DEPRECATED] Creation of dynamic property App\Models\FileUpload_Model::$request is deprecated in APPPATH\Models\FileUpload_Model.php on line 19.
 1 APPPATH\Models\Appointment_Model.php(22): App\Models\FileUpload_Model->__construct()
 2 APPPATH\Controllers\Payment.php(22): App\Models\Appointment_Model->__construct()
 3 SYSTEMPATH\CodeIgniter.php(913): App\Controllers\Payment->__construct()
 4 SYSTEMPATH\CodeIgniter.php(493): CodeIgniter\CodeIgniter->createController()
 5 SYSTEMPATH\CodeIgniter.php(361): CodeIgniter\CodeIgniter->handleRequest(null, Object(Config\Cache), false)
 6 FCPATH\index.php(79): CodeIgniter\CodeIgniter->run()
WARNING - 2024-03-20 17:24:28 --> [DEPRECATED] Creation of dynamic property App\Models\FileUpload_Model::$session is deprecated in APPPATH\Models\FileUpload_Model.php on line 20.
 1 APPPATH\Models\Appointment_Model.php(22): App\Models\FileUpload_Model->__construct()
 2 APPPATH\Controllers\Payment.php(22): App\Models\Appointment_Model->__construct()
 3 SYSTEMPATH\CodeIgniter.php(913): App\Controllers\Payment->__construct()
 4 SYSTEMPATH\CodeIgniter.php(493): CodeIgniter\CodeIgniter->createController()
 5 SYSTEMPATH\CodeIgniter.php(361): CodeIgniter\CodeIgniter->handleRequest(null, Object(Config\Cache), false)
 6 FCPATH\index.php(79): CodeIgniter\CodeIgniter->run()
