INFO - 2024-03-05 03:31:06 --> Session: Class initialized using 'CodeIgniter\Session\Handlers\FileHandler' driver.
INFO - 2024-03-05 03:31:06 --> Session: Class initialized using 'CodeIgniter\Session\Handlers\FileHandler' driver.
INFO - 2024-03-05 03:31:22 --> Session: Class initialized using 'CodeIgniter\Session\Handlers\FileHandler' driver.
WARNING - 2024-03-05 03:31:23 --> [DEPRECATED] DateTime::__construct(): Passing null to parameter #1 ($datetime) of type string is deprecated in APPPATH/Models/Common_Model.php on line 9.
 1 APPPATH/Models/Common_Model.php(9): DateTime->__construct(null, Object(DateTimeZone))
 2 APPPATH/Models/UserModel.php(48): CodeIgniter\Model\Common_Model->currentColomboTime()
 3 APPPATH/Models/UserModel.php(41): App\Models\UserModel->updateLoginTime('1')
 4 APPPATH/Controllers/Auth.php(95): App\Models\UserModel->checkLogin([...])
 5 SYSTEMPATH/CodeIgniter.php(941): App\Controllers\Auth->loginRequest()
 6 SYSTEMPATH/CodeIgniter.php(502): CodeIgniter\CodeIgniter->runController(Object(App\Controllers\Auth))
 7 SYSTEMPATH/CodeIgniter.php(361): CodeIgniter\CodeIgniter->handleRequest(null, Object(Config\Cache), false)
 8 FCPATH/index.php(79): CodeIgniter\CodeIgniter->run()
WARNING - 2024-03-05 03:31:23 --> [DEPRECATED] DateTime::__construct(): Passing null to parameter #1 ($datetime) of type string is deprecated in APPPATH/Models/Common_Model.php on line 9.
 1 APPPATH/Models/Common_Model.php(9): DateTime->__construct(null, Object(DateTimeZone))
 2 APPPATH/Models/UserModel.php(80): CodeIgniter\Model\Common_Model->currentColomboTime()
 3 APPPATH/Controllers/Auth.php(98): App\Models\UserModel->resetLoginAttempts('1')
 4 SYSTEMPATH/CodeIgniter.php(941): App\Controllers\Auth->loginRequest()
 5 SYSTEMPATH/CodeIgniter.php(502): CodeIgniter\CodeIgniter->runController(Object(App\Controllers\Auth))
 6 SYSTEMPATH/CodeIgniter.php(361): CodeIgniter\CodeIgniter->handleRequest(null, Object(Config\Cache), false)
 7 FCPATH/index.php(79): CodeIgniter\CodeIgniter->run()
INFO - 2024-03-05 03:31:23 --> Session: Class initialized using 'CodeIgniter\Session\Handlers\FileHandler' driver.
CRITICAL - 2024-03-05 03:31:23 --> TypeError: App\Controllers\Home::index(): Return value must be of type CodeIgniter\HTTP\RedirectResponse, string returned
in APPPATH/Controllers/Home.php on line 19.
 1 SYSTEMPATH/CodeIgniter.php(941): App\Controllers\Home->index()
 2 SYSTEMPATH/CodeIgniter.php(502): CodeIgniter\CodeIgniter->runController(Object(App\Controllers\Home))
 3 SYSTEMPATH/CodeIgniter.php(361): CodeIgniter\CodeIgniter->handleRequest(null, Object(Config\Cache), false)
 4 FCPATH/index.php(79): CodeIgniter\CodeIgniter->run()
INFO - 2024-03-05 03:31:38 --> Session: Class initialized using 'CodeIgniter\Session\Handlers\FileHandler' driver.
INFO - 2024-03-05 03:33:33 --> Session: Class initialized using 'CodeIgniter\Session\Handlers\FileHandler' driver.
INFO - 2024-03-05 03:35:07 --> Session: Class initialized using 'CodeIgniter\Session\Handlers\FileHandler' driver.
INFO - 2024-03-05 03:42:17 --> Session: Class initialized using 'CodeIgniter\Session\Handlers\FileHandler' driver.
INFO - 2024-03-05 03:44:30 --> Session: Class initialized using 'CodeIgniter\Session\Handlers\FileHandler' driver.
CRITICAL - 2024-03-05 03:44:30 --> ErrorException: Undefined property: App\Controllers\User::$user
in APPPATH/Controllers/User.php on line 36.
 1 APPPATH/Controllers/User.php(36): CodeIgniter\Debug\Exceptions->errorHandler(2, 'Undefined property: App\\Controllers\\User::$user', '/Applications/MAMP/htdocs/icbt/app/Controllers/User.php', 36)
 2 SYSTEMPATH/CodeIgniter.php(941): App\Controllers\User->index()
 3 SYSTEMPATH/CodeIgniter.php(502): CodeIgniter\CodeIgniter->runController(Object(App\Controllers\User))
 4 SYSTEMPATH/CodeIgniter.php(361): CodeIgniter\CodeIgniter->handleRequest(null, Object(Config\Cache), false)
 5 FCPATH/index.php(79): CodeIgniter\CodeIgniter->run()
CRITICAL - 2024-03-05 03:45:20 --> ErrorException: Cannot declare class App\Controllers\User because the name is already in use
in APPPATH/Controllers/User.php on line 14.
 1 [internal function]: CodeIgniter\Debug\Exceptions->shutdownHandler()
INFO - 2024-03-05 03:48:08 --> Session: Class initialized using 'CodeIgniter\Session\Handlers\FileHandler' driver.
CRITICAL - 2024-03-05 03:48:08 --> ErrorException: Undefined property: App\Controllers\User::$role_permission
in APPPATH/Controllers/User.php on line 40.
 1 APPPATH/Controllers/User.php(40): CodeIgniter\Debug\Exceptions->errorHandler(2, 'Undefined property: App\\Controllers\\User::$role_permission', '/Applications/MAMP/htdocs/icbt/app/Controllers/User.php', 40)
 2 SYSTEMPATH/CodeIgniter.php(941): App\Controllers\User->index()
 3 SYSTEMPATH/CodeIgniter.php(502): CodeIgniter\CodeIgniter->runController(Object(App\Controllers\User))
 4 SYSTEMPATH/CodeIgniter.php(361): CodeIgniter\CodeIgniter->handleRequest(null, Object(Config\Cache), false)
 5 FCPATH/index.php(79): CodeIgniter\CodeIgniter->run()
INFO - 2024-03-05 03:49:20 --> Session: Class initialized using 'CodeIgniter\Session\Handlers\FileHandler' driver.
CRITICAL - 2024-03-05 03:49:20 --> ErrorException: Undefined property: App\Controllers\User::$user
in APPPATH/Controllers/User.php on line 45.
 1 APPPATH/Controllers/User.php(45): CodeIgniter\Debug\Exceptions->errorHandler(2, 'Undefined property: App\\Controllers\\User::$user', '/Applications/MAMP/htdocs/icbt/app/Controllers/User.php', 45)
 2 SYSTEMPATH/CodeIgniter.php(941): App\Controllers\User->index()
 3 SYSTEMPATH/CodeIgniter.php(502): CodeIgniter\CodeIgniter->runController(Object(App\Controllers\User))
 4 SYSTEMPATH/CodeIgniter.php(361): CodeIgniter\CodeIgniter->handleRequest(null, Object(Config\Cache), false)
 5 FCPATH/index.php(79): CodeIgniter\CodeIgniter->run()
INFO - 2024-03-05 03:49:34 --> Session: Class initialized using 'CodeIgniter\Session\Handlers\FileHandler' driver.
CRITICAL - 2024-03-05 03:49:34 --> CodeIgniter\View\Exceptions\ViewException: Invalid file: "/user/all.php"
in SYSTEMPATH/Exceptions/FrameworkException.php on line 39.
 1 SYSTEMPATH/View/View.php(216): CodeIgniter\Exceptions\FrameworkException::forInvalidFile('/user/all.php')
 2 SYSTEMPATH/Common.php(1178): CodeIgniter\View\View->render('/user/all', [], true)
 3 APPPATH/Controllers/User.php(48): view('/user/all', [...])
 4 SYSTEMPATH/CodeIgniter.php(941): App\Controllers\User->index()
 5 SYSTEMPATH/CodeIgniter.php(502): CodeIgniter\CodeIgniter->runController(Object(App\Controllers\User))
 6 SYSTEMPATH/CodeIgniter.php(361): CodeIgniter\CodeIgniter->handleRequest(null, Object(Config\Cache), false)
 7 FCPATH/index.php(79): CodeIgniter\CodeIgniter->run()
INFO - 2024-03-05 03:49:59 --> Session: Class initialized using 'CodeIgniter\Session\Handlers\FileHandler' driver.
INFO - 2024-03-05 03:50:01 --> Session: Class initialized using 'CodeIgniter\Session\Handlers\FileHandler' driver.
INFO - 2024-03-05 03:52:17 --> Session: Class initialized using 'CodeIgniter\Session\Handlers\FileHandler' driver.
INFO - 2024-03-05 03:53:24 --> Session: Class initialized using 'CodeIgniter\Session\Handlers\FileHandler' driver.
INFO - 2024-03-05 03:56:28 --> Session: Class initialized using 'CodeIgniter\Session\Handlers\FileHandler' driver.
INFO - 2024-03-05 03:56:33 --> Session: Class initialized using 'CodeIgniter\Session\Handlers\FileHandler' driver.
INFO - 2024-03-05 03:56:41 --> Session: Class initialized using 'CodeIgniter\Session\Handlers\FileHandler' driver.
INFO - 2024-03-05 03:58:24 --> Session: Class initialized using 'CodeIgniter\Session\Handlers\FileHandler' driver.
INFO - 2024-03-05 03:58:27 --> Session: Class initialized using 'CodeIgniter\Session\Handlers\FileHandler' driver.
INFO - 2024-03-05 03:58:28 --> Session: Class initialized using 'CodeIgniter\Session\Handlers\FileHandler' driver.
INFO - 2024-03-05 03:58:30 --> Session: Class initialized using 'CodeIgniter\Session\Handlers\FileHandler' driver.
INFO - 2024-03-05 03:58:30 --> Session: Class initialized using 'CodeIgniter\Session\Handlers\FileHandler' driver.
INFO - 2024-03-05 03:58:45 --> Session: Class initialized using 'CodeIgniter\Session\Handlers\FileHandler' driver.
WARNING - 2024-03-05 03:58:46 --> [DEPRECATED] DateTime::__construct(): Passing null to parameter #1 ($datetime) of type string is deprecated in APPPATH/Models/Common_Model.php on line 9.
 1 APPPATH/Models/Common_Model.php(9): DateTime->__construct(null, Object(DateTimeZone))
 2 APPPATH/Models/UserModel.php(48): CodeIgniter\Model\Common_Model->currentColomboTime()
 3 APPPATH/Models/UserModel.php(41): App\Models\UserModel->updateLoginTime('1')
 4 APPPATH/Controllers/Auth.php(95): App\Models\UserModel->checkLogin([...])
 5 SYSTEMPATH/CodeIgniter.php(941): App\Controllers\Auth->loginRequest()
 6 SYSTEMPATH/CodeIgniter.php(502): CodeIgniter\CodeIgniter->runController(Object(App\Controllers\Auth))
 7 SYSTEMPATH/CodeIgniter.php(361): CodeIgniter\CodeIgniter->handleRequest(null, Object(Config\Cache), false)
 8 FCPATH/index.php(79): CodeIgniter\CodeIgniter->run()
WARNING - 2024-03-05 03:58:46 --> [DEPRECATED] DateTime::__construct(): Passing null to parameter #1 ($datetime) of type string is deprecated in APPPATH/Models/Common_Model.php on line 9.
 1 APPPATH/Models/Common_Model.php(9): DateTime->__construct(null, Object(DateTimeZone))
 2 APPPATH/Models/UserModel.php(80): CodeIgniter\Model\Common_Model->currentColomboTime()
 3 APPPATH/Controllers/Auth.php(98): App\Models\UserModel->resetLoginAttempts('1')
 4 SYSTEMPATH/CodeIgniter.php(941): App\Controllers\Auth->loginRequest()
 5 SYSTEMPATH/CodeIgniter.php(502): CodeIgniter\CodeIgniter->runController(Object(App\Controllers\Auth))
 6 SYSTEMPATH/CodeIgniter.php(361): CodeIgniter\CodeIgniter->handleRequest(null, Object(Config\Cache), false)
 7 FCPATH/index.php(79): CodeIgniter\CodeIgniter->run()
INFO - 2024-03-05 03:58:47 --> Session: Class initialized using 'CodeIgniter\Session\Handlers\FileHandler' driver.
INFO - 2024-03-05 03:58:54 --> Session: Class initialized using 'CodeIgniter\Session\Handlers\FileHandler' driver.
INFO - 2024-03-05 03:58:54 --> Session: Class initialized using 'CodeIgniter\Session\Handlers\FileHandler' driver.
INFO - 2024-03-05 03:58:59 --> Session: Class initialized using 'CodeIgniter\Session\Handlers\FileHandler' driver.
WARNING - 2024-03-05 03:59:00 --> [DEPRECATED] DateTime::__construct(): Passing null to parameter #1 ($datetime) of type string is deprecated in APPPATH/Models/Common_Model.php on line 9.
 1 APPPATH/Models/Common_Model.php(9): DateTime->__construct(null, Object(DateTimeZone))
 2 APPPATH/Models/UserModel.php(48): CodeIgniter\Model\Common_Model->currentColomboTime()
 3 APPPATH/Models/UserModel.php(41): App\Models\UserModel->updateLoginTime('1')
 4 APPPATH/Controllers/Auth.php(95): App\Models\UserModel->checkLogin([...])
 5 SYSTEMPATH/CodeIgniter.php(941): App\Controllers\Auth->loginRequest()
 6 SYSTEMPATH/CodeIgniter.php(502): CodeIgniter\CodeIgniter->runController(Object(App\Controllers\Auth))
 7 SYSTEMPATH/CodeIgniter.php(361): CodeIgniter\CodeIgniter->handleRequest(null, Object(Config\Cache), false)
 8 FCPATH/index.php(79): CodeIgniter\CodeIgniter->run()
WARNING - 2024-03-05 03:59:00 --> [DEPRECATED] DateTime::__construct(): Passing null to parameter #1 ($datetime) of type string is deprecated in APPPATH/Models/Common_Model.php on line 9.
 1 APPPATH/Models/Common_Model.php(9): DateTime->__construct(null, Object(DateTimeZone))
 2 APPPATH/Models/UserModel.php(80): CodeIgniter\Model\Common_Model->currentColomboTime()
 3 APPPATH/Controllers/Auth.php(98): App\Models\UserModel->resetLoginAttempts('1')
 4 SYSTEMPATH/CodeIgniter.php(941): App\Controllers\Auth->loginRequest()
 5 SYSTEMPATH/CodeIgniter.php(502): CodeIgniter\CodeIgniter->runController(Object(App\Controllers\Auth))
 6 SYSTEMPATH/CodeIgniter.php(361): CodeIgniter\CodeIgniter->handleRequest(null, Object(Config\Cache), false)
 7 FCPATH/index.php(79): CodeIgniter\CodeIgniter->run()
INFO - 2024-03-05 03:59:00 --> Session: Class initialized using 'CodeIgniter\Session\Handlers\FileHandler' driver.
INFO - 2024-03-05 04:07:33 --> Session: Class initialized using 'CodeIgniter\Session\Handlers\FileHandler' driver.
INFO - 2024-03-05 04:09:20 --> Session: Class initialized using 'CodeIgniter\Session\Handlers\FileHandler' driver.
INFO - 2024-03-05 04:10:15 --> Session: Class initialized using 'CodeIgniter\Session\Handlers\FileHandler' driver.
INFO - 2024-03-05 04:10:38 --> Session: Class initialized using 'CodeIgniter\Session\Handlers\FileHandler' driver.
INFO - 2024-03-05 04:12:18 --> Session: Class initialized using 'CodeIgniter\Session\Handlers\FileHandler' driver.
INFO - 2024-03-05 04:12:33 --> Session: Class initialized using 'CodeIgniter\Session\Handlers\FileHandler' driver.
INFO - 2024-03-05 04:12:48 --> Session: Class initialized using 'CodeIgniter\Session\Handlers\FileHandler' driver.
INFO - 2024-03-05 04:12:56 --> Session: Class initialized using 'CodeIgniter\Session\Handlers\FileHandler' driver.
INFO - 2024-03-05 04:13:21 --> Session: Class initialized using 'CodeIgniter\Session\Handlers\FileHandler' driver.
INFO - 2024-03-05 04:13:43 --> Session: Class initialized using 'CodeIgniter\Session\Handlers\FileHandler' driver.
INFO - 2024-03-05 04:13:51 --> Session: Class initialized using 'CodeIgniter\Session\Handlers\FileHandler' driver.
INFO - 2024-03-05 04:14:30 --> Session: Class initialized using 'CodeIgniter\Session\Handlers\FileHandler' driver.
INFO - 2024-03-05 04:14:36 --> Session: Class initialized using 'CodeIgniter\Session\Handlers\FileHandler' driver.
INFO - 2024-03-05 04:17:59 --> Session: Class initialized using 'CodeIgniter\Session\Handlers\FileHandler' driver.
INFO - 2024-03-05 04:18:19 --> Session: Class initialized using 'CodeIgniter\Session\Handlers\FileHandler' driver.
INFO - 2024-03-05 04:18:52 --> Session: Class initialized using 'CodeIgniter\Session\Handlers\FileHandler' driver.
INFO - 2024-03-05 04:19:10 --> Session: Class initialized using 'CodeIgniter\Session\Handlers\FileHandler' driver.
INFO - 2024-03-05 04:20:09 --> Session: Class initialized using 'CodeIgniter\Session\Handlers\FileHandler' driver.
INFO - 2024-03-05 04:20:12 --> Session: Class initialized using 'CodeIgniter\Session\Handlers\FileHandler' driver.
INFO - 2024-03-05 04:20:13 --> Session: Class initialized using 'CodeIgniter\Session\Handlers\FileHandler' driver.
INFO - 2024-03-05 04:21:24 --> Session: Class initialized using 'CodeIgniter\Session\Handlers\FileHandler' driver.
INFO - 2024-03-05 04:21:25 --> Session: Class initialized using 'CodeIgniter\Session\Handlers\FileHandler' driver.
INFO - 2024-03-05 04:21:36 --> Session: Class initialized using 'CodeIgniter\Session\Handlers\FileHandler' driver.
INFO - 2024-03-05 04:21:37 --> Session: Class initialized using 'CodeIgniter\Session\Handlers\FileHandler' driver.
INFO - 2024-03-05 04:21:45 --> Session: Class initialized using 'CodeIgniter\Session\Handlers\FileHandler' driver.
INFO - 2024-03-05 04:21:46 --> Session: Class initialized using 'CodeIgniter\Session\Handlers\FileHandler' driver.
INFO - 2024-03-05 04:22:01 --> Session: Class initialized using 'CodeIgniter\Session\Handlers\FileHandler' driver.
INFO - 2024-03-05 04:22:02 --> Session: Class initialized using 'CodeIgniter\Session\Handlers\FileHandler' driver.
INFO - 2024-03-05 04:22:15 --> Session: Class initialized using 'CodeIgniter\Session\Handlers\FileHandler' driver.
INFO - 2024-03-05 04:22:20 --> Session: Class initialized using 'CodeIgniter\Session\Handlers\FileHandler' driver.
INFO - 2024-03-05 04:22:21 --> Session: Class initialized using 'CodeIgniter\Session\Handlers\FileHandler' driver.
INFO - 2024-03-05 04:28:20 --> Session: Class initialized using 'CodeIgniter\Session\Handlers\FileHandler' driver.
INFO - 2024-03-05 04:28:20 --> Session: Class initialized using 'CodeIgniter\Session\Handlers\FileHandler' driver.
INFO - 2024-03-05 04:28:31 --> Session: Class initialized using 'CodeIgniter\Session\Handlers\FileHandler' driver.
WARNING - 2024-03-05 04:28:32 --> [DEPRECATED] DateTime::__construct(): Passing null to parameter #1 ($datetime) of type string is deprecated in APPPATH/Models/Common_Model.php on line 9.
 1 APPPATH/Models/Common_Model.php(9): DateTime->__construct(null, Object(DateTimeZone))
 2 APPPATH/Models/UserModel.php(48): CodeIgniter\Model\Common_Model->currentColomboTime()
 3 APPPATH/Models/UserModel.php(41): App\Models\UserModel->updateLoginTime('1')
 4 APPPATH/Controllers/Auth.php(95): App\Models\UserModel->checkLogin([...])
 5 SYSTEMPATH/CodeIgniter.php(941): App\Controllers\Auth->loginRequest()
 6 SYSTEMPATH/CodeIgniter.php(502): CodeIgniter\CodeIgniter->runController(Object(App\Controllers\Auth))
 7 SYSTEMPATH/CodeIgniter.php(361): CodeIgniter\CodeIgniter->handleRequest(null, Object(Config\Cache), false)
 8 FCPATH/index.php(79): CodeIgniter\CodeIgniter->run()
WARNING - 2024-03-05 04:28:32 --> [DEPRECATED] DateTime::__construct(): Passing null to parameter #1 ($datetime) of type string is deprecated in APPPATH/Models/Common_Model.php on line 9.
 1 APPPATH/Models/Common_Model.php(9): DateTime->__construct(null, Object(DateTimeZone))
 2 APPPATH/Models/UserModel.php(80): CodeIgniter\Model\Common_Model->currentColomboTime()
 3 APPPATH/Controllers/Auth.php(98): App\Models\UserModel->resetLoginAttempts('1')
 4 SYSTEMPATH/CodeIgniter.php(941): App\Controllers\Auth->loginRequest()
 5 SYSTEMPATH/CodeIgniter.php(502): CodeIgniter\CodeIgniter->runController(Object(App\Controllers\Auth))
 6 SYSTEMPATH/CodeIgniter.php(361): CodeIgniter\CodeIgniter->handleRequest(null, Object(Config\Cache), false)
 7 FCPATH/index.php(79): CodeIgniter\CodeIgniter->run()
INFO - 2024-03-05 04:28:32 --> Session: Class initialized using 'CodeIgniter\Session\Handlers\FileHandler' driver.
INFO - 2024-03-05 04:28:47 --> Session: Class initialized using 'CodeIgniter\Session\Handlers\FileHandler' driver.
INFO - 2024-03-05 04:28:47 --> Session: Class initialized using 'CodeIgniter\Session\Handlers\FileHandler' driver.
INFO - 2024-03-05 04:29:48 --> Session: Class initialized using 'CodeIgniter\Session\Handlers\FileHandler' driver.
INFO - 2024-03-05 04:29:51 --> Session: Class initialized using 'CodeIgniter\Session\Handlers\FileHandler' driver.
INFO - 2024-03-05 04:33:04 --> Session: Class initialized using 'CodeIgniter\Session\Handlers\FileHandler' driver.
INFO - 2024-03-05 04:33:05 --> Session: Class initialized using 'CodeIgniter\Session\Handlers\FileHandler' driver.
INFO - 2024-03-05 04:55:01 --> Session: Class initialized using 'CodeIgniter\Session\Handlers\FileHandler' driver.
CRITICAL - 2024-03-05 04:55:01 --> ErrorException: Undefined property: App\Controllers\User::$user
in APPPATH/Controllers/User.php on line 73.
 1 APPPATH/Controllers/User.php(73): CodeIgniter\Debug\Exceptions->errorHandler(2, 'Undefined property: App\\Controllers\\User::$user', '/Applications/MAMP/htdocs/icbt/app/Controllers/User.php', 73)
 2 SYSTEMPATH/CodeIgniter.php(941): App\Controllers\User->createUserData()
 3 SYSTEMPATH/CodeIgniter.php(502): CodeIgniter\CodeIgniter->runController(Object(App\Controllers\User))
 4 SYSTEMPATH/CodeIgniter.php(361): CodeIgniter\CodeIgniter->handleRequest(null, Object(Config\Cache), false)
 5 FCPATH/index.php(79): CodeIgniter\CodeIgniter->run()
INFO - 2024-03-05 04:55:42 --> Session: Class initialized using 'CodeIgniter\Session\Handlers\FileHandler' driver.
INFO - 2024-03-05 04:55:42 --> Session: Class initialized using 'CodeIgniter\Session\Handlers\FileHandler' driver.
CRITICAL - 2024-03-05 04:55:42 --> ErrorException: Undefined variable $title
in APPPATH/Views/layout/main_layout.php on line 13.
 1 APPPATH/Views/layout/main_layout.php(13): CodeIgniter\Debug\Exceptions->errorHandler(2, 'Undefined variable $title', '/Applications/MAMP/htdocs/icbt/app/Views/layout/main_layout.php', 13)
 2 SYSTEMPATH/View/View.php(228): include('/Applications/MAMP/htdocs/icbt/app/Views/layout/main_layout.php')
 3 SYSTEMPATH/View/View.php(231): CodeIgniter\View\View->CodeIgniter\View\{closure}()
 4 SYSTEMPATH/View/View.php(244): CodeIgniter\View\View->render('layout/main_layout', [], true)
 5 SYSTEMPATH/Common.php(1178): CodeIgniter\View\View->render('Admin/dashboard', [], true)
 6 APPPATH/Controllers/Home.php(19): view('Admin/dashboard')
 7 SYSTEMPATH/CodeIgniter.php(941): App\Controllers\Home->index()
 8 SYSTEMPATH/CodeIgniter.php(502): CodeIgniter\CodeIgniter->runController(Object(App\Controllers\Home))
 9 SYSTEMPATH/CodeIgniter.php(361): CodeIgniter\CodeIgniter->handleRequest(null, Object(Config\Cache), false)
10 FCPATH/index.php(79): CodeIgniter\CodeIgniter->run()
INFO - 2024-03-05 04:57:19 --> Session: Class initialized using 'CodeIgniter\Session\Handlers\FileHandler' driver.
INFO - 2024-03-05 04:58:18 --> Session: Class initialized using 'CodeIgniter\Session\Handlers\FileHandler' driver.
CRITICAL - 2024-03-05 04:58:19 --> ErrorException: Undefined array key "nic"
in APPPATH/Models/UserModel.php on line 97.
 1 APPPATH/Models/UserModel.php(97): CodeIgniter\Debug\Exceptions->errorHandler(2, 'Undefined array key "nic"', '/Applications/MAMP/htdocs/icbt/app/Models/UserModel.php', 97)
 2 APPPATH/Controllers/User.php(100): App\Models\UserModel->createAdminUser([...])
 3 SYSTEMPATH/CodeIgniter.php(941): App\Controllers\User->createUserData()
 4 SYSTEMPATH/CodeIgniter.php(502): CodeIgniter\CodeIgniter->runController(Object(App\Controllers\User))
 5 SYSTEMPATH/CodeIgniter.php(361): CodeIgniter\CodeIgniter->handleRequest(null, Object(Config\Cache), false)
 6 FCPATH/index.php(79): CodeIgniter\CodeIgniter->run()
INFO - 2024-03-05 04:58:47 --> Session: Class initialized using 'CodeIgniter\Session\Handlers\FileHandler' driver.
WARNING - 2024-03-05 04:58:48 --> [DEPRECATED] DateTime::__construct(): Passing null to parameter #1 ($datetime) of type string is deprecated in APPPATH/Models/Common_Model.php on line 9.
 1 APPPATH/Models/Common_Model.php(9): DateTime->__construct(null, Object(DateTimeZone))
 2 APPPATH/Models/UserModel.php(105): CodeIgniter\Model\Common_Model->currentColomboTime()
 3 APPPATH/Controllers/User.php(100): App\Models\UserModel->createAdminUser([...])
 4 SYSTEMPATH/CodeIgniter.php(941): App\Controllers\User->createUserData()
 5 SYSTEMPATH/CodeIgniter.php(502): CodeIgniter\CodeIgniter->runController(Object(App\Controllers\User))
 6 SYSTEMPATH/CodeIgniter.php(361): CodeIgniter\CodeIgniter->handleRequest(null, Object(Config\Cache), false)
 7 FCPATH/index.php(79): CodeIgniter\CodeIgniter->run()
INFO - 2024-03-05 05:04:09 --> Session: Class initialized using 'CodeIgniter\Session\Handlers\FileHandler' driver.
WARNING - 2024-03-05 05:04:10 --> [DEPRECATED] DateTime::__construct(): Passing null to parameter #1 ($datetime) of type string is deprecated in APPPATH/Models/Common_Model.php on line 9.
 1 APPPATH/Models/Common_Model.php(9): DateTime->__construct(null, Object(DateTimeZone))
 2 APPPATH/Models/UserModel.php(105): CodeIgniter\Model\Common_Model->currentColomboTime()
 3 APPPATH/Controllers/User.php(100): App\Models\UserModel->createAdminUser([...])
 4 SYSTEMPATH/CodeIgniter.php(941): App\Controllers\User->createUserData()
 5 SYSTEMPATH/CodeIgniter.php(502): CodeIgniter\CodeIgniter->runController(Object(App\Controllers\User))
 6 SYSTEMPATH/CodeIgniter.php(361): CodeIgniter\CodeIgniter->handleRequest(null, Object(Config\Cache), false)
 7 FCPATH/index.php(79): CodeIgniter\CodeIgniter->run()
INFO - 2024-03-05 05:04:58 --> Session: Class initialized using 'CodeIgniter\Session\Handlers\FileHandler' driver.
WARNING - 2024-03-05 05:04:59 --> [DEPRECATED] DateTime::__construct(): Passing null to parameter #1 ($datetime) of type string is deprecated in APPPATH/Models/Common_Model.php on line 9.
 1 APPPATH/Models/Common_Model.php(9): DateTime->__construct(null, Object(DateTimeZone))
 2 APPPATH/Models/UserModel.php(105): CodeIgniter\Model\Common_Model->currentColomboTime()
 3 APPPATH/Controllers/User.php(100): App\Models\UserModel->createAdminUser([...])
 4 SYSTEMPATH/CodeIgniter.php(941): App\Controllers\User->createUserData()
 5 SYSTEMPATH/CodeIgniter.php(502): CodeIgniter\CodeIgniter->runController(Object(App\Controllers\User))
 6 SYSTEMPATH/CodeIgniter.php(361): CodeIgniter\CodeIgniter->handleRequest(null, Object(Config\Cache), false)
 7 FCPATH/index.php(79): CodeIgniter\CodeIgniter->run()
INFO - 2024-03-05 05:07:55 --> Session: Class initialized using 'CodeIgniter\Session\Handlers\FileHandler' driver.
WARNING - 2024-03-05 05:07:56 --> [DEPRECATED] DateTime::__construct(): Passing null to parameter #1 ($datetime) of type string is deprecated in APPPATH/Models/Common_Model.php on line 9.
 1 APPPATH/Models/Common_Model.php(9): DateTime->__construct(null, Object(DateTimeZone))
 2 APPPATH/Models/UserModel.php(105): CodeIgniter\Model\Common_Model->currentColomboTime()
 3 APPPATH/Controllers/User.php(100): App\Models\UserModel->createAdminUser([...])
 4 SYSTEMPATH/CodeIgniter.php(941): App\Controllers\User->createUserData()
 5 SYSTEMPATH/CodeIgniter.php(502): CodeIgniter\CodeIgniter->runController(Object(App\Controllers\User))
 6 SYSTEMPATH/CodeIgniter.php(361): CodeIgniter\CodeIgniter->handleRequest(null, Object(Config\Cache), false)
 7 FCPATH/index.php(79): CodeIgniter\CodeIgniter->run()
INFO - 2024-03-05 05:07:56 --> Session: Class initialized using 'CodeIgniter\Session\Handlers\FileHandler' driver.
INFO - 2024-03-05 05:12:12 --> Session: Class initialized using 'CodeIgniter\Session\Handlers\FileHandler' driver.
INFO - 2024-03-05 05:12:13 --> Session: Class initialized using 'CodeIgniter\Session\Handlers\FileHandler' driver.
INFO - 2024-03-05 05:12:16 --> Session: Class initialized using 'CodeIgniter\Session\Handlers\FileHandler' driver.
INFO - 2024-03-05 05:12:16 --> Session: Class initialized using 'CodeIgniter\Session\Handlers\FileHandler' driver.
INFO - 2024-03-05 05:12:30 --> Session: Class initialized using 'CodeIgniter\Session\Handlers\FileHandler' driver.
INFO - 2024-03-05 05:12:30 --> Session: Class initialized using 'CodeIgniter\Session\Handlers\FileHandler' driver.
INFO - 2024-03-05 05:13:47 --> Session: Class initialized using 'CodeIgniter\Session\Handlers\FileHandler' driver.
INFO - 2024-03-05 05:13:48 --> Session: Class initialized using 'CodeIgniter\Session\Handlers\FileHandler' driver.
INFO - 2024-03-05 05:37:46 --> Session: Class initialized using 'CodeIgniter\Session\Handlers\FileHandler' driver.
INFO - 2024-03-05 05:37:46 --> Session: Class initialized using 'CodeIgniter\Session\Handlers\FileHandler' driver.
INFO - 2024-03-05 05:38:15 --> Session: Class initialized using 'CodeIgniter\Session\Handlers\FileHandler' driver.
INFO - 2024-03-05 05:38:27 --> Session: Class initialized using 'CodeIgniter\Session\Handlers\FileHandler' driver.
INFO - 2024-03-05 05:38:35 --> Session: Class initialized using 'CodeIgniter\Session\Handlers\FileHandler' driver.
INFO - 2024-03-05 05:38:46 --> Session: Class initialized using 'CodeIgniter\Session\Handlers\FileHandler' driver.
INFO - 2024-03-05 05:38:50 --> Session: Class initialized using 'CodeIgniter\Session\Handlers\FileHandler' driver.
INFO - 2024-03-05 05:38:50 --> Session: Class initialized using 'CodeIgniter\Session\Handlers\FileHandler' driver.
CRITICAL - 2024-03-05 05:38:50 --> ErrorException: Undefined variable $title
in APPPATH/Views/layout/main_layout.php on line 13.
 1 APPPATH/Views/layout/main_layout.php(13): CodeIgniter\Debug\Exceptions->errorHandler(2, 'Undefined variable $title', '/Applications/MAMP/htdocs/icbt/app/Views/layout/main_layout.php', 13)
 2 SYSTEMPATH/View/View.php(228): include('/Applications/MAMP/htdocs/icbt/app/Views/layout/main_layout.php')
 3 SYSTEMPATH/View/View.php(231): CodeIgniter\View\View->CodeIgniter\View\{closure}()
 4 SYSTEMPATH/View/View.php(244): CodeIgniter\View\View->render('layout/main_layout', [], true)
 5 SYSTEMPATH/Common.php(1178): CodeIgniter\View\View->render('Admin/dashboard', [], true)
 6 APPPATH/Controllers/Home.php(19): view('Admin/dashboard')
 7 SYSTEMPATH/CodeIgniter.php(941): App\Controllers\Home->index()
 8 SYSTEMPATH/CodeIgniter.php(502): CodeIgniter\CodeIgniter->runController(Object(App\Controllers\Home))
 9 SYSTEMPATH/CodeIgniter.php(361): CodeIgniter\CodeIgniter->handleRequest(null, Object(Config\Cache), false)
10 FCPATH/index.php(79): CodeIgniter\CodeIgniter->run()
INFO - 2024-03-05 05:39:22 --> Session: Class initialized using 'CodeIgniter\Session\Handlers\FileHandler' driver.
INFO - 2024-03-05 05:42:26 --> Session: Class initialized using 'CodeIgniter\Session\Handlers\FileHandler' driver.
INFO - 2024-03-05 05:42:27 --> Session: Class initialized using 'CodeIgniter\Session\Handlers\FileHandler' driver.
INFO - 2024-03-05 05:42:30 --> Session: Class initialized using 'CodeIgniter\Session\Handlers\FileHandler' driver.
INFO - 2024-03-05 05:42:36 --> Session: Class initialized using 'CodeIgniter\Session\Handlers\FileHandler' driver.
INFO - 2024-03-05 05:42:36 --> Session: Class initialized using 'CodeIgniter\Session\Handlers\FileHandler' driver.
INFO - 2024-03-05 05:43:23 --> Session: Class initialized using 'CodeIgniter\Session\Handlers\FileHandler' driver.
INFO - 2024-03-05 05:43:23 --> Session: Class initialized using 'CodeIgniter\Session\Handlers\FileHandler' driver.
INFO - 2024-03-05 05:43:25 --> Session: Class initialized using 'CodeIgniter\Session\Handlers\FileHandler' driver.
INFO - 2024-03-05 05:43:28 --> Session: Class initialized using 'CodeIgniter\Session\Handlers\FileHandler' driver.
INFO - 2024-03-05 05:43:32 --> Session: Class initialized using 'CodeIgniter\Session\Handlers\FileHandler' driver.
INFO - 2024-03-05 05:45:29 --> Session: Class initialized using 'CodeIgniter\Session\Handlers\FileHandler' driver.
CRITICAL - 2024-03-05 05:45:29 --> Error: Call to undefined method CodeIgniter\Database\MySQLi\Connection::where()
in APPPATH/Models/UserModel.php on line 167.
 1 APPPATH/Controllers/User.php(202): App\Models\UserModel->updateAdminUser([...])
 2 SYSTEMPATH/CodeIgniter.php(941): App\Controllers\User->updateUserData()
 3 SYSTEMPATH/CodeIgniter.php(502): CodeIgniter\CodeIgniter->runController(Object(App\Controllers\User))
 4 SYSTEMPATH/CodeIgniter.php(361): CodeIgniter\CodeIgniter->handleRequest(null, Object(Config\Cache), false)
 5 FCPATH/index.php(79): CodeIgniter\CodeIgniter->run()
INFO - 2024-03-05 05:46:17 --> Session: Class initialized using 'CodeIgniter\Session\Handlers\FileHandler' driver.
INFO - 2024-03-05 05:46:18 --> Session: Class initialized using 'CodeIgniter\Session\Handlers\FileHandler' driver.
INFO - 2024-03-05 05:46:19 --> Session: Class initialized using 'CodeIgniter\Session\Handlers\FileHandler' driver.
INFO - 2024-03-05 05:46:28 --> Session: Class initialized using 'CodeIgniter\Session\Handlers\FileHandler' driver.
CRITICAL - 2024-03-05 05:46:29 --> Error: Call to undefined method CodeIgniter\Database\MySQLi\Connection::where()
in APPPATH/Models/UserModel.php on line 167.
 1 APPPATH/Controllers/User.php(202): App\Models\UserModel->updateAdminUser([...])
 2 SYSTEMPATH/CodeIgniter.php(941): App\Controllers\User->updateUserData()
 3 SYSTEMPATH/CodeIgniter.php(502): CodeIgniter\CodeIgniter->runController(Object(App\Controllers\User))
 4 SYSTEMPATH/CodeIgniter.php(361): CodeIgniter\CodeIgniter->handleRequest(null, Object(Config\Cache), false)
 5 FCPATH/index.php(79): CodeIgniter\CodeIgniter->run()
INFO - 2024-03-05 05:47:21 --> Session: Class initialized using 'CodeIgniter\Session\Handlers\FileHandler' driver.
CRITICAL - 2024-03-05 05:47:21 --> Error: Call to undefined method CodeIgniter\Database\MySQLi\Connection::where()
in APPPATH/Models/UserModel.php on line 170.
 1 APPPATH/Controllers/User.php(202): App\Models\UserModel->updateAdminUser([...])
 2 SYSTEMPATH/CodeIgniter.php(941): App\Controllers\User->updateUserData()
 3 SYSTEMPATH/CodeIgniter.php(502): CodeIgniter\CodeIgniter->runController(Object(App\Controllers\User))
 4 SYSTEMPATH/CodeIgniter.php(361): CodeIgniter\CodeIgniter->handleRequest(null, Object(Config\Cache), false)
 5 FCPATH/index.php(79): CodeIgniter\CodeIgniter->run()
INFO - 2024-03-05 05:48:21 --> Session: Class initialized using 'CodeIgniter\Session\Handlers\FileHandler' driver.
CRITICAL - 2024-03-05 05:48:22 --> Error: Call to undefined method CodeIgniter\Database\MySQLi\Connection::where()
in APPPATH/Models/UserModel.php on line 168.
 1 APPPATH/Controllers/User.php(202): App\Models\UserModel->updateAdminUser([...])
 2 SYSTEMPATH/CodeIgniter.php(941): App\Controllers\User->updateUserData()
 3 SYSTEMPATH/CodeIgniter.php(502): CodeIgniter\CodeIgniter->runController(Object(App\Controllers\User))
 4 SYSTEMPATH/CodeIgniter.php(361): CodeIgniter\CodeIgniter->handleRequest(null, Object(Config\Cache), false)
 5 FCPATH/index.php(79): CodeIgniter\CodeIgniter->run()
INFO - 2024-03-05 05:53:10 --> Session: Class initialized using 'CodeIgniter\Session\Handlers\FileHandler' driver.
CRITICAL - 2024-03-05 05:53:10 --> Error: Call to undefined method CodeIgniter\Database\MySQLi\Builder::affectedRows()
in APPPATH/Models/UserModel.php on line 175.
 1 APPPATH/Controllers/User.php(202): App\Models\UserModel->updateAdminUser([...])
 2 SYSTEMPATH/CodeIgniter.php(941): App\Controllers\User->updateUserData()
 3 SYSTEMPATH/CodeIgniter.php(502): CodeIgniter\CodeIgniter->runController(Object(App\Controllers\User))
 4 SYSTEMPATH/CodeIgniter.php(361): CodeIgniter\CodeIgniter->handleRequest(null, Object(Config\Cache), false)
 5 FCPATH/index.php(79): CodeIgniter\CodeIgniter->run()
INFO - 2024-03-05 05:53:58 --> Session: Class initialized using 'CodeIgniter\Session\Handlers\FileHandler' driver.
INFO - 2024-03-05 05:53:58 --> Session: Class initialized using 'CodeIgniter\Session\Handlers\FileHandler' driver.
INFO - 2024-03-05 05:54:02 --> Session: Class initialized using 'CodeIgniter\Session\Handlers\FileHandler' driver.
INFO - 2024-03-05 05:54:05 --> Session: Class initialized using 'CodeIgniter\Session\Handlers\FileHandler' driver.
INFO - 2024-03-05 05:54:29 --> Session: Class initialized using 'CodeIgniter\Session\Handlers\FileHandler' driver.
INFO - 2024-03-05 05:54:29 --> Session: Class initialized using 'CodeIgniter\Session\Handlers\FileHandler' driver.
INFO - 2024-03-05 05:54:33 --> Session: Class initialized using 'CodeIgniter\Session\Handlers\FileHandler' driver.
INFO - 2024-03-05 05:54:36 --> Session: Class initialized using 'CodeIgniter\Session\Handlers\FileHandler' driver.
INFO - 2024-03-05 05:54:36 --> Session: Class initialized using 'CodeIgniter\Session\Handlers\FileHandler' driver.
INFO - 2024-03-05 05:54:41 --> Session: Class initialized using 'CodeIgniter\Session\Handlers\FileHandler' driver.
INFO - 2024-03-05 05:54:45 --> Session: Class initialized using 'CodeIgniter\Session\Handlers\FileHandler' driver.
INFO - 2024-03-05 05:54:45 --> Session: Class initialized using 'CodeIgniter\Session\Handlers\FileHandler' driver.
INFO - 2024-03-05 05:54:46 --> Session: Class initialized using 'CodeIgniter\Session\Handlers\FileHandler' driver.
INFO - 2024-03-05 05:54:49 --> Session: Class initialized using 'CodeIgniter\Session\Handlers\FileHandler' driver.
INFO - 2024-03-05 05:55:03 --> Session: Class initialized using 'CodeIgniter\Session\Handlers\FileHandler' driver.
INFO - 2024-03-05 06:12:52 --> Session: Class initialized using 'CodeIgniter\Session\Handlers\FileHandler' driver.
INFO - 2024-03-05 06:12:55 --> Session: Class initialized using 'CodeIgniter\Session\Handlers\FileHandler' driver.
INFO - 2024-03-05 06:13:41 --> Session: Class initialized using 'CodeIgniter\Session\Handlers\FileHandler' driver.
INFO - 2024-03-05 06:14:07 --> Session: Class initialized using 'CodeIgniter\Session\Handlers\FileHandler' driver.
INFO - 2024-03-05 06:14:21 --> Session: Class initialized using 'CodeIgniter\Session\Handlers\FileHandler' driver.
INFO - 2024-03-05 06:15:18 --> Session: Class initialized using 'CodeIgniter\Session\Handlers\FileHandler' driver.
INFO - 2024-03-05 06:15:21 --> Session: Class initialized using 'CodeIgniter\Session\Handlers\FileHandler' driver.
INFO - 2024-03-05 06:15:31 --> Session: Class initialized using 'CodeIgniter\Session\Handlers\FileHandler' driver.
INFO - 2024-03-05 06:15:32 --> Session: Class initialized using 'CodeIgniter\Session\Handlers\FileHandler' driver.
INFO - 2024-03-05 06:15:35 --> Session: Class initialized using 'CodeIgniter\Session\Handlers\FileHandler' driver.
INFO - 2024-03-05 06:15:38 --> Session: Class initialized using 'CodeIgniter\Session\Handlers\FileHandler' driver.
INFO - 2024-03-05 06:15:42 --> Session: Class initialized using 'CodeIgniter\Session\Handlers\FileHandler' driver.
INFO - 2024-03-05 06:15:42 --> Session: Class initialized using 'CodeIgniter\Session\Handlers\FileHandler' driver.
INFO - 2024-03-05 06:17:30 --> Session: Class initialized using 'CodeIgniter\Session\Handlers\FileHandler' driver.
INFO - 2024-03-05 06:17:33 --> Session: Class initialized using 'CodeIgniter\Session\Handlers\FileHandler' driver.
INFO - 2024-03-05 06:17:33 --> Session: Class initialized using 'CodeIgniter\Session\Handlers\FileHandler' driver.
INFO - 2024-03-05 06:20:22 --> Session: Class initialized using 'CodeIgniter\Session\Handlers\FileHandler' driver.
INFO - 2024-03-05 06:20:22 --> Session: Class initialized using 'CodeIgniter\Session\Handlers\FileHandler' driver.
INFO - 2024-03-05 06:21:22 --> Session: Class initialized using 'CodeIgniter\Session\Handlers\FileHandler' driver.
CRITICAL - 2024-03-05 06:21:22 --> ParseError: syntax error, unexpected token "if"
in APPPATH/Models/UserModel.php on line 262.
 1 SYSTEMPATH/Autoloader/Autoloader.php(290): CodeIgniter\Autoloader\Autoloader->includeFile('/Applications/MAMP/htdocs/icbt/app/Models/UserModel.php')
 2 SYSTEMPATH/Autoloader/Autoloader.php(266): CodeIgniter\Autoloader\Autoloader->loadInNamespace('App\\Models\\UserModel')
 3 APPPATH/Controllers/User.php(34): CodeIgniter\Autoloader\Autoloader->loadClass('App\\Models\\UserModel')
 4 SYSTEMPATH/CodeIgniter.php(913): App\Controllers\User->__construct()
 5 SYSTEMPATH/CodeIgniter.php(493): CodeIgniter\CodeIgniter->createController()
 6 SYSTEMPATH/CodeIgniter.php(361): CodeIgniter\CodeIgniter->handleRequest(null, Object(Config\Cache), false)
 7 FCPATH/index.php(79): CodeIgniter\CodeIgniter->run()
INFO - 2024-03-05 06:21:36 --> Session: Class initialized using 'CodeIgniter\Session\Handlers\FileHandler' driver.
INFO - 2024-03-05 06:21:37 --> Session: Class initialized using 'CodeIgniter\Session\Handlers\FileHandler' driver.
INFO - 2024-03-05 06:21:56 --> Session: Class initialized using 'CodeIgniter\Session\Handlers\FileHandler' driver.
INFO - 2024-03-05 06:22:02 --> Session: Class initialized using 'CodeIgniter\Session\Handlers\FileHandler' driver.
INFO - 2024-03-05 06:22:02 --> Session: Class initialized using 'CodeIgniter\Session\Handlers\FileHandler' driver.
INFO - 2024-03-05 10:07:26 --> Session: Class initialized using 'CodeIgniter\Session\Handlers\FileHandler' driver.
INFO - 2024-03-05 10:07:27 --> Session: Class initialized using 'CodeIgniter\Session\Handlers\FileHandler' driver.
INFO - 2024-03-05 10:07:30 --> Session: Class initialized using 'CodeIgniter\Session\Handlers\FileHandler' driver.
INFO - 2024-03-05 10:17:01 --> Session: Class initialized using 'CodeIgniter\Session\Handlers\FileHandler' driver.
INFO - 2024-03-05 10:18:23 --> Session: Class initialized using 'CodeIgniter\Session\Handlers\FileHandler' driver.
INFO - 2024-03-05 10:18:23 --> Session: Class initialized using 'CodeIgniter\Session\Handlers\FileHandler' driver.
INFO - 2024-03-05 10:18:30 --> Session: Class initialized using 'CodeIgniter\Session\Handlers\FileHandler' driver.
WARNING - 2024-03-05 10:18:31 --> [DEPRECATED] DateTime::__construct(): Passing null to parameter #1 ($datetime) of type string is deprecated in APPPATH/Models/Common_Model.php on line 9.
 1 APPPATH/Models/Common_Model.php(9): DateTime->__construct(null, Object(DateTimeZone))
 2 APPPATH/Models/UserModel.php(48): CodeIgniter\Model\Common_Model->currentColomboTime()
 3 APPPATH/Models/UserModel.php(41): App\Models\UserModel->updateLoginTime('1')
 4 APPPATH/Controllers/Auth.php(95): App\Models\UserModel->checkLogin([...])
 5 SYSTEMPATH/CodeIgniter.php(941): App\Controllers\Auth->loginRequest()
 6 SYSTEMPATH/CodeIgniter.php(502): CodeIgniter\CodeIgniter->runController(Object(App\Controllers\Auth))
 7 SYSTEMPATH/CodeIgniter.php(361): CodeIgniter\CodeIgniter->handleRequest(null, Object(Config\Cache), false)
 8 FCPATH/index.php(79): CodeIgniter\CodeIgniter->run()
WARNING - 2024-03-05 10:18:31 --> [DEPRECATED] DateTime::__construct(): Passing null to parameter #1 ($datetime) of type string is deprecated in APPPATH/Models/Common_Model.php on line 9.
 1 APPPATH/Models/Common_Model.php(9): DateTime->__construct(null, Object(DateTimeZone))
 2 APPPATH/Models/UserModel.php(80): CodeIgniter\Model\Common_Model->currentColomboTime()
 3 APPPATH/Controllers/Auth.php(98): App\Models\UserModel->resetLoginAttempts('1')
 4 SYSTEMPATH/CodeIgniter.php(941): App\Controllers\Auth->loginRequest()
 5 SYSTEMPATH/CodeIgniter.php(502): CodeIgniter\CodeIgniter->runController(Object(App\Controllers\Auth))
 6 SYSTEMPATH/CodeIgniter.php(361): CodeIgniter\CodeIgniter->handleRequest(null, Object(Config\Cache), false)
 7 FCPATH/index.php(79): CodeIgniter\CodeIgniter->run()
INFO - 2024-03-05 10:18:31 --> Session: Class initialized using 'CodeIgniter\Session\Handlers\FileHandler' driver.
INFO - 2024-03-05 10:19:45 --> Session: Class initialized using 'CodeIgniter\Session\Handlers\FileHandler' driver.
INFO - 2024-03-05 10:19:48 --> Session: Class initialized using 'CodeIgniter\Session\Handlers\FileHandler' driver.
INFO - 2024-03-05 10:19:49 --> Session: Class initialized using 'CodeIgniter\Session\Handlers\FileHandler' driver.
INFO - 2024-03-05 10:19:55 --> Session: Class initialized using 'CodeIgniter\Session\Handlers\FileHandler' driver.
INFO - 2024-03-05 10:19:55 --> Session: Class initialized using 'CodeIgniter\Session\Handlers\FileHandler' driver.
INFO - 2024-03-05 10:40:24 --> Session: Class initialized using 'CodeIgniter\Session\Handlers\FileHandler' driver.
INFO - 2024-03-05 10:40:34 --> Session: Class initialized using 'CodeIgniter\Session\Handlers\FileHandler' driver.
INFO - 2024-03-05 10:41:17 --> Session: Class initialized using 'CodeIgniter\Session\Handlers\FileHandler' driver.
INFO - 2024-03-05 10:41:18 --> Session: Class initialized using 'CodeIgniter\Session\Handlers\FileHandler' driver.
INFO - 2024-03-05 10:43:01 --> Session: Class initialized using 'CodeIgniter\Session\Handlers\FileHandler' driver.
INFO - 2024-03-05 10:43:01 --> Session: Class initialized using 'CodeIgniter\Session\Handlers\FileHandler' driver.
INFO - 2024-03-05 10:43:27 --> Session: Class initialized using 'CodeIgniter\Session\Handlers\FileHandler' driver.
INFO - 2024-03-05 10:43:59 --> Session: Class initialized using 'CodeIgniter\Session\Handlers\FileHandler' driver.
CRITICAL - 2024-03-05 10:44:04 --> CodeIgniter\Router\Exceptions\RouterException: The namespace delimiter is a backslash (\), not a slash (/). Route handler: "\App\Controllers\Roles/allRolesData"
in SYSTEMPATH/Router/Router.php on line 480.
 1 SYSTEMPATH/Router/Router.php(480): CodeIgniter\Router\Exceptions\RouterException::forInvalidControllerName('\\App\\Controllers\\Roles/allRolesData')
 2 SYSTEMPATH/Router/Router.php(187): CodeIgniter\Router\Router->checkRoutes('admin/api/roles/all')
 3 SYSTEMPATH/CodeIgniter.php(823): CodeIgniter\Router\Router->handle('admin/api/roles/all')
 4 SYSTEMPATH/CodeIgniter.php(450): CodeIgniter\CodeIgniter->tryToRouteIt(Object(CodeIgniter\Router\RouteCollection))
 5 SYSTEMPATH/CodeIgniter.php(361): CodeIgniter\CodeIgniter->handleRequest(null, Object(Config\Cache), false)
 6 FCPATH/index.php(79): CodeIgniter\CodeIgniter->run()
INFO - 2024-03-05 10:48:35 --> Session: Class initialized using 'CodeIgniter\Session\Handlers\FileHandler' driver.
INFO - 2024-03-05 10:48:36 --> Session: Class initialized using 'CodeIgniter\Session\Handlers\FileHandler' driver.
INFO - 2024-03-05 10:48:43 --> Session: Class initialized using 'CodeIgniter\Session\Handlers\FileHandler' driver.
WARNING - 2024-03-05 10:48:45 --> [DEPRECATED] DateTime::__construct(): Passing null to parameter #1 ($datetime) of type string is deprecated in APPPATH/Models/Common_Model.php on line 9.
 1 APPPATH/Models/Common_Model.php(9): DateTime->__construct(null, Object(DateTimeZone))
 2 APPPATH/Models/UserModel.php(48): CodeIgniter\Model\Common_Model->currentColomboTime()
 3 APPPATH/Models/UserModel.php(41): App\Models\UserModel->updateLoginTime('1')
 4 APPPATH/Controllers/Auth.php(95): App\Models\UserModel->checkLogin([...])
 5 SYSTEMPATH/CodeIgniter.php(941): App\Controllers\Auth->loginRequest()
 6 SYSTEMPATH/CodeIgniter.php(502): CodeIgniter\CodeIgniter->runController(Object(App\Controllers\Auth))
 7 SYSTEMPATH/CodeIgniter.php(361): CodeIgniter\CodeIgniter->handleRequest(null, Object(Config\Cache), false)
 8 FCPATH/index.php(79): CodeIgniter\CodeIgniter->run()
WARNING - 2024-03-05 10:48:45 --> [DEPRECATED] DateTime::__construct(): Passing null to parameter #1 ($datetime) of type string is deprecated in APPPATH/Models/Common_Model.php on line 9.
 1 APPPATH/Models/Common_Model.php(9): DateTime->__construct(null, Object(DateTimeZone))
 2 APPPATH/Models/UserModel.php(80): CodeIgniter\Model\Common_Model->currentColomboTime()
 3 APPPATH/Controllers/Auth.php(98): App\Models\UserModel->resetLoginAttempts('1')
 4 SYSTEMPATH/CodeIgniter.php(941): App\Controllers\Auth->loginRequest()
 5 SYSTEMPATH/CodeIgniter.php(502): CodeIgniter\CodeIgniter->runController(Object(App\Controllers\Auth))
 6 SYSTEMPATH/CodeIgniter.php(361): CodeIgniter\CodeIgniter->handleRequest(null, Object(Config\Cache), false)
 7 FCPATH/index.php(79): CodeIgniter\CodeIgniter->run()
INFO - 2024-03-05 10:48:45 --> Session: Class initialized using 'CodeIgniter\Session\Handlers\FileHandler' driver.
INFO - 2024-03-05 10:49:25 --> Session: Class initialized using 'CodeIgniter\Session\Handlers\FileHandler' driver.
CRITICAL - 2024-03-05 10:49:26 --> CodeIgniter\Router\Exceptions\RouterException: The namespace delimiter is a backslash (\), not a slash (/). Route handler: "\App\Controllers\Roles/allRolesData"
in SYSTEMPATH/Router/Router.php on line 480.
 1 SYSTEMPATH/Router/Router.php(480): CodeIgniter\Router\Exceptions\RouterException::forInvalidControllerName('\\App\\Controllers\\Roles/allRolesData')
 2 SYSTEMPATH/Router/Router.php(187): CodeIgniter\Router\Router->checkRoutes('admin/api/roles/all')
 3 SYSTEMPATH/CodeIgniter.php(823): CodeIgniter\Router\Router->handle('admin/api/roles/all')
 4 SYSTEMPATH/CodeIgniter.php(450): CodeIgniter\CodeIgniter->tryToRouteIt(Object(CodeIgniter\Router\RouteCollection))
 5 SYSTEMPATH/CodeIgniter.php(361): CodeIgniter\CodeIgniter->handleRequest(null, Object(Config\Cache), false)
 6 FCPATH/index.php(79): CodeIgniter\CodeIgniter->run()
INFO - 2024-03-05 10:50:36 --> Session: Class initialized using 'CodeIgniter\Session\Handlers\FileHandler' driver.
CRITICAL - 2024-03-05 10:50:36 --> CodeIgniter\Router\Exceptions\RouterException: The namespace delimiter is a backslash (\), not a slash (/). Route handler: "\App\Controllers\Roles/allRolesData"
in SYSTEMPATH/Router/Router.php on line 480.
 1 SYSTEMPATH/Router/Router.php(480): CodeIgniter\Router\Exceptions\RouterException::forInvalidControllerName('\\App\\Controllers\\Roles/allRolesData')
 2 SYSTEMPATH/Router/Router.php(187): CodeIgniter\Router\Router->checkRoutes('admin/api/roles/all')
 3 SYSTEMPATH/CodeIgniter.php(823): CodeIgniter\Router\Router->handle('admin/api/roles/all')
 4 SYSTEMPATH/CodeIgniter.php(450): CodeIgniter\CodeIgniter->tryToRouteIt(Object(CodeIgniter\Router\RouteCollection))
 5 SYSTEMPATH/CodeIgniter.php(361): CodeIgniter\CodeIgniter->handleRequest(null, Object(Config\Cache), false)
 6 FCPATH/index.php(79): CodeIgniter\CodeIgniter->run()
INFO - 2024-03-05 10:51:25 --> Session: Class initialized using 'CodeIgniter\Session\Handlers\FileHandler' driver.
INFO - 2024-03-05 10:51:30 --> Session: Class initialized using 'CodeIgniter\Session\Handlers\FileHandler' driver.
INFO - 2024-03-05 10:53:41 --> Session: Class initialized using 'CodeIgniter\Session\Handlers\FileHandler' driver.
INFO - 2024-03-05 10:53:46 --> Session: Class initialized using 'CodeIgniter\Session\Handlers\FileHandler' driver.
INFO - 2024-03-05 10:53:58 --> Session: Class initialized using 'CodeIgniter\Session\Handlers\FileHandler' driver.
INFO - 2024-03-05 11:09:07 --> Session: Class initialized using 'CodeIgniter\Session\Handlers\FileHandler' driver.
INFO - 2024-03-05 11:09:13 --> Session: Class initialized using 'CodeIgniter\Session\Handlers\FileHandler' driver.
INFO - 2024-03-05 11:09:31 --> Session: Class initialized using 'CodeIgniter\Session\Handlers\FileHandler' driver.
INFO - 2024-03-05 11:10:12 --> Session: Class initialized using 'CodeIgniter\Session\Handlers\FileHandler' driver.
INFO - 2024-03-05 11:10:17 --> Session: Class initialized using 'CodeIgniter\Session\Handlers\FileHandler' driver.
INFO - 2024-03-05 11:10:27 --> Session: Class initialized using 'CodeIgniter\Session\Handlers\FileHandler' driver.
CRITICAL - 2024-03-05 11:10:27 --> ErrorException: Undefined property: App\Controllers\Roles::$recaptcha
in APPPATH/Controllers/Roles.php on line 103.
 1 APPPATH/Controllers/Roles.php(103): CodeIgniter\Debug\Exceptions->errorHandler(2, 'Undefined property: App\\Controllers\\Roles::$recaptcha', '/Applications/MAMP/htdocs/icbt/app/Controllers/Roles.php', 103)
 2 SYSTEMPATH/CodeIgniter.php(941): App\Controllers\Roles->create()
 3 SYSTEMPATH/CodeIgniter.php(502): CodeIgniter\CodeIgniter->runController(Object(App\Controllers\Roles))
 4 SYSTEMPATH/CodeIgniter.php(361): CodeIgniter\CodeIgniter->handleRequest(null, Object(Config\Cache), false)
 5 FCPATH/index.php(79): CodeIgniter\CodeIgniter->run()
INFO - 2024-03-05 11:12:36 --> Session: Class initialized using 'CodeIgniter\Session\Handlers\FileHandler' driver.
INFO - 2024-03-05 11:12:38 --> Session: Class initialized using 'CodeIgniter\Session\Handlers\FileHandler' driver.
INFO - 2024-03-05 11:12:44 --> Session: Class initialized using 'CodeIgniter\Session\Handlers\FileHandler' driver.
INFO - 2024-03-05 11:12:49 --> Session: Class initialized using 'CodeIgniter\Session\Handlers\FileHandler' driver.
CRITICAL - 2024-03-05 11:12:49 --> Error: Call to undefined method CodeIgniter\Database\MySQLi\Connection::where()
in APPPATH/Models/Roles_Model.php on line 133.
 1 APPPATH/Controllers/Roles.php(145): App\Models\Roles_Model->updateRoles([...])
 2 SYSTEMPATH/CodeIgniter.php(941): App\Controllers\Roles->update()
 3 SYSTEMPATH/CodeIgniter.php(502): CodeIgniter\CodeIgniter->runController(Object(App\Controllers\Roles))
 4 SYSTEMPATH/CodeIgniter.php(361): CodeIgniter\CodeIgniter->handleRequest(null, Object(Config\Cache), false)
 5 FCPATH/index.php(79): CodeIgniter\CodeIgniter->run()
INFO - 2024-03-05 11:13:45 --> Session: Class initialized using 'CodeIgniter\Session\Handlers\FileHandler' driver.
CRITICAL - 2024-03-05 11:13:45 --> Error: Call to undefined method CodeIgniter\Database\MySQLi\Connection::where()
in APPPATH/Models/Roles_Model.php on line 133.
 1 APPPATH/Controllers/Roles.php(145): App\Models\Roles_Model->updateRoles([...])
 2 SYSTEMPATH/CodeIgniter.php(941): App\Controllers\Roles->update()
 3 SYSTEMPATH/CodeIgniter.php(502): CodeIgniter\CodeIgniter->runController(Object(App\Controllers\Roles))
 4 SYSTEMPATH/CodeIgniter.php(361): CodeIgniter\CodeIgniter->handleRequest(null, Object(Config\Cache), false)
 5 FCPATH/index.php(79): CodeIgniter\CodeIgniter->run()
INFO - 2024-03-05 13:24:41 --> Session: Class initialized using 'CodeIgniter\Session\Handlers\FileHandler' driver.
INFO - 2024-03-05 13:26:27 --> Session: Class initialized using 'CodeIgniter\Session\Handlers\FileHandler' driver.
INFO - 2024-03-05 13:26:29 --> Session: Class initialized using 'CodeIgniter\Session\Handlers\FileHandler' driver.
INFO - 2024-03-05 13:26:34 --> Session: Class initialized using 'CodeIgniter\Session\Handlers\FileHandler' driver.
INFO - 2024-03-05 13:27:05 --> Session: Class initialized using 'CodeIgniter\Session\Handlers\FileHandler' driver.
INFO - 2024-03-05 13:28:19 --> Session: Class initialized using 'CodeIgniter\Session\Handlers\FileHandler' driver.
INFO - 2024-03-05 13:28:21 --> Session: Class initialized using 'CodeIgniter\Session\Handlers\FileHandler' driver.
INFO - 2024-03-05 13:28:23 --> Session: Class initialized using 'CodeIgniter\Session\Handlers\FileHandler' driver.
INFO - 2024-03-05 13:28:25 --> Session: Class initialized using 'CodeIgniter\Session\Handlers\FileHandler' driver.
INFO - 2024-03-05 13:28:33 --> Session: Class initialized using 'CodeIgniter\Session\Handlers\FileHandler' driver.
WARNING - 2024-03-05 13:28:34 --> [DEPRECATED] DateTime::__construct(): Passing null to parameter #1 ($datetime) of type string is deprecated in APPPATH/Models/Common_Model.php on line 9.
 1 APPPATH/Models/Common_Model.php(9): DateTime->__construct(null, Object(DateTimeZone))
 2 APPPATH/Models/UserModel.php(48): CodeIgniter\Model\Common_Model->currentColomboTime()
 3 APPPATH/Models/UserModel.php(41): App\Models\UserModel->updateLoginTime('1')
 4 APPPATH/Controllers/Auth.php(95): App\Models\UserModel->checkLogin([...])
 5 SYSTEMPATH/CodeIgniter.php(941): App\Controllers\Auth->loginRequest()
 6 SYSTEMPATH/CodeIgniter.php(502): CodeIgniter\CodeIgniter->runController(Object(App\Controllers\Auth))
 7 SYSTEMPATH/CodeIgniter.php(361): CodeIgniter\CodeIgniter->handleRequest(null, Object(Config\Cache), false)
 8 FCPATH/index.php(79): CodeIgniter\CodeIgniter->run()
WARNING - 2024-03-05 13:28:34 --> [DEPRECATED] DateTime::__construct(): Passing null to parameter #1 ($datetime) of type string is deprecated in APPPATH/Models/Common_Model.php on line 9.
 1 APPPATH/Models/Common_Model.php(9): DateTime->__construct(null, Object(DateTimeZone))
 2 APPPATH/Models/UserModel.php(80): CodeIgniter\Model\Common_Model->currentColomboTime()
 3 APPPATH/Controllers/Auth.php(98): App\Models\UserModel->resetLoginAttempts('1')
 4 SYSTEMPATH/CodeIgniter.php(941): App\Controllers\Auth->loginRequest()
 5 SYSTEMPATH/CodeIgniter.php(502): CodeIgniter\CodeIgniter->runController(Object(App\Controllers\Auth))
 6 SYSTEMPATH/CodeIgniter.php(361): CodeIgniter\CodeIgniter->handleRequest(null, Object(Config\Cache), false)
 7 FCPATH/index.php(79): CodeIgniter\CodeIgniter->run()
INFO - 2024-03-05 13:28:34 --> Session: Class initialized using 'CodeIgniter\Session\Handlers\FileHandler' driver.
INFO - 2024-03-05 13:28:39 --> Session: Class initialized using 'CodeIgniter\Session\Handlers\FileHandler' driver.
INFO - 2024-03-05 13:28:39 --> Session: Class initialized using 'CodeIgniter\Session\Handlers\FileHandler' driver.
INFO - 2024-03-05 13:29:28 --> Session: Class initialized using 'CodeIgniter\Session\Handlers\FileHandler' driver.
INFO - 2024-03-05 13:29:28 --> Session: Class initialized using 'CodeIgniter\Session\Handlers\FileHandler' driver.
INFO - 2024-03-05 13:29:31 --> Session: Class initialized using 'CodeIgniter\Session\Handlers\FileHandler' driver.
INFO - 2024-03-05 13:29:42 --> Session: Class initialized using 'CodeIgniter\Session\Handlers\FileHandler' driver.
ERROR - 2024-03-05 13:29:42 --> mysqli_sql_exception: Unknown column 'description' in 'where clause' in /Applications/MAMP/htdocs/icbt/system/Database/MySQLi/Connection.php:306
Stack trace:
#0 /Applications/MAMP/htdocs/icbt/system/Database/MySQLi/Connection.php(306): mysqli->query('UPDATE `users` ...', 0)
#1 /Applications/MAMP/htdocs/icbt/system/Database/BaseConnection.php(693): CodeIgniter\Database\MySQLi\Connection->execute('UPDATE `users` ...')
#2 /Applications/MAMP/htdocs/icbt/system/Database/BaseConnection.php(607): CodeIgniter\Database\BaseConnection->simpleQuery('UPDATE `users` ...')
#3 /Applications/MAMP/htdocs/icbt/system/Database/BaseBuilder.php(2474): CodeIgniter\Database\BaseConnection->query('UPDATE `users` ...', Array, false)
#4 /Applications/MAMP/htdocs/icbt/app/Models/Roles_Model.php(137): CodeIgniter\Database\BaseBuilder->update('roles', Array)
#5 /Applications/MAMP/htdocs/icbt/app/Controllers/Roles.php(145): App\Models\Roles_Model->updateRoles(Array)
#6 /Applications/MAMP/htdocs/icbt/system/CodeIgniter.php(941): App\Controllers\Roles->update()
#7 /Applications/MAMP/htdocs/icbt/system/CodeIgniter.php(502): CodeIgniter\CodeIgniter->runController(Object(App\Controllers\Roles))
#8 /Applications/MAMP/htdocs/icbt/system/CodeIgniter.php(361): CodeIgniter\CodeIgniter->handleRequest(NULL, Object(Config\Cache), false)
#9 /Applications/MAMP/htdocs/icbt/public/index.php(79): CodeIgniter\CodeIgniter->run()
#10 {main}
INFO - 2024-03-05 13:30:16 --> Session: Class initialized using 'CodeIgniter\Session\Handlers\FileHandler' driver.
ERROR - 2024-03-05 13:30:16 --> mysqli_sql_exception: Unknown column 'description' in 'where clause' in /Applications/MAMP/htdocs/icbt/system/Database/MySQLi/Connection.php:306
Stack trace:
#0 /Applications/MAMP/htdocs/icbt/system/Database/MySQLi/Connection.php(306): mysqli->query('UPDATE `users` ...', 0)
#1 /Applications/MAMP/htdocs/icbt/system/Database/BaseConnection.php(693): CodeIgniter\Database\MySQLi\Connection->execute('UPDATE `users` ...')
#2 /Applications/MAMP/htdocs/icbt/system/Database/BaseConnection.php(607): CodeIgniter\Database\BaseConnection->simpleQuery('UPDATE `users` ...')
#3 /Applications/MAMP/htdocs/icbt/system/Database/BaseBuilder.php(2474): CodeIgniter\Database\BaseConnection->query('UPDATE `users` ...', Array, false)
#4 /Applications/MAMP/htdocs/icbt/app/Models/Roles_Model.php(137): CodeIgniter\Database\BaseBuilder->update('roles', Array)
#5 /Applications/MAMP/htdocs/icbt/app/Controllers/Roles.php(145): App\Models\Roles_Model->updateRoles(Array)
#6 /Applications/MAMP/htdocs/icbt/system/CodeIgniter.php(941): App\Controllers\Roles->update()
#7 /Applications/MAMP/htdocs/icbt/system/CodeIgniter.php(502): CodeIgniter\CodeIgniter->runController(Object(App\Controllers\Roles))
#8 /Applications/MAMP/htdocs/icbt/system/CodeIgniter.php(361): CodeIgniter\CodeIgniter->handleRequest(NULL, Object(Config\Cache), false)
#9 /Applications/MAMP/htdocs/icbt/public/index.php(79): CodeIgniter\CodeIgniter->run()
#10 {main}
INFO - 2024-03-05 13:33:34 --> Session: Class initialized using 'CodeIgniter\Session\Handlers\FileHandler' driver.
ERROR - 2024-03-05 13:33:34 --> mysqli_sql_exception: Unknown column 'description' in 'field list' in /Applications/MAMP/htdocs/icbt/system/Database/MySQLi/Connection.php:306
Stack trace:
#0 /Applications/MAMP/htdocs/icbt/system/Database/MySQLi/Connection.php(306): mysqli->query('UPDATE `users` ...', 0)
#1 /Applications/MAMP/htdocs/icbt/system/Database/BaseConnection.php(693): CodeIgniter\Database\MySQLi\Connection->execute('UPDATE `users` ...')
#2 /Applications/MAMP/htdocs/icbt/system/Database/BaseConnection.php(607): CodeIgniter\Database\BaseConnection->simpleQuery('UPDATE `users` ...')
#3 /Applications/MAMP/htdocs/icbt/system/Database/BaseBuilder.php(2474): CodeIgniter\Database\BaseConnection->query('UPDATE `users` ...', Array, false)
#4 /Applications/MAMP/htdocs/icbt/app/Models/Roles_Model.php(138): CodeIgniter\Database\BaseBuilder->update(Array)
#5 /Applications/MAMP/htdocs/icbt/app/Controllers/Roles.php(145): App\Models\Roles_Model->updateRoles(Array)
#6 /Applications/MAMP/htdocs/icbt/system/CodeIgniter.php(941): App\Controllers\Roles->update()
#7 /Applications/MAMP/htdocs/icbt/system/CodeIgniter.php(502): CodeIgniter\CodeIgniter->runController(Object(App\Controllers\Roles))
#8 /Applications/MAMP/htdocs/icbt/system/CodeIgniter.php(361): CodeIgniter\CodeIgniter->handleRequest(NULL, Object(Config\Cache), false)
#9 /Applications/MAMP/htdocs/icbt/public/index.php(79): CodeIgniter\CodeIgniter->run()
#10 {main}
INFO - 2024-03-05 13:33:37 --> Session: Class initialized using 'CodeIgniter\Session\Handlers\FileHandler' driver.
ERROR - 2024-03-05 13:33:37 --> mysqli_sql_exception: Unknown column 'description' in 'field list' in /Applications/MAMP/htdocs/icbt/system/Database/MySQLi/Connection.php:306
Stack trace:
#0 /Applications/MAMP/htdocs/icbt/system/Database/MySQLi/Connection.php(306): mysqli->query('UPDATE `users` ...', 0)
#1 /Applications/MAMP/htdocs/icbt/system/Database/BaseConnection.php(693): CodeIgniter\Database\MySQLi\Connection->execute('UPDATE `users` ...')
#2 /Applications/MAMP/htdocs/icbt/system/Database/BaseConnection.php(607): CodeIgniter\Database\BaseConnection->simpleQuery('UPDATE `users` ...')
#3 /Applications/MAMP/htdocs/icbt/system/Database/BaseBuilder.php(2474): CodeIgniter\Database\BaseConnection->query('UPDATE `users` ...', Array, false)
#4 /Applications/MAMP/htdocs/icbt/app/Models/Roles_Model.php(138): CodeIgniter\Database\BaseBuilder->update(Array)
#5 /Applications/MAMP/htdocs/icbt/app/Controllers/Roles.php(145): App\Models\Roles_Model->updateRoles(Array)
#6 /Applications/MAMP/htdocs/icbt/system/CodeIgniter.php(941): App\Controllers\Roles->update()
#7 /Applications/MAMP/htdocs/icbt/system/CodeIgniter.php(502): CodeIgniter\CodeIgniter->runController(Object(App\Controllers\Roles))
#8 /Applications/MAMP/htdocs/icbt/system/CodeIgniter.php(361): CodeIgniter\CodeIgniter->handleRequest(NULL, Object(Config\Cache), false)
#9 /Applications/MAMP/htdocs/icbt/public/index.php(79): CodeIgniter\CodeIgniter->run()
#10 {main}
INFO - 2024-03-05 13:34:05 --> Session: Class initialized using 'CodeIgniter\Session\Handlers\FileHandler' driver.
ERROR - 2024-03-05 13:34:05 --> mysqli_sql_exception: Unknown column 'description' in 'field list' in /Applications/MAMP/htdocs/icbt/system/Database/MySQLi/Connection.php:306
Stack trace:
#0 /Applications/MAMP/htdocs/icbt/system/Database/MySQLi/Connection.php(306): mysqli->query('UPDATE `users` ...', 0)
#1 /Applications/MAMP/htdocs/icbt/system/Database/BaseConnection.php(693): CodeIgniter\Database\MySQLi\Connection->execute('UPDATE `users` ...')
#2 /Applications/MAMP/htdocs/icbt/system/Database/BaseConnection.php(607): CodeIgniter\Database\BaseConnection->simpleQuery('UPDATE `users` ...')
#3 /Applications/MAMP/htdocs/icbt/system/Database/BaseBuilder.php(2474): CodeIgniter\Database\BaseConnection->query('UPDATE `users` ...', Array, false)
#4 /Applications/MAMP/htdocs/icbt/app/Models/Roles_Model.php(138): CodeIgniter\Database\BaseBuilder->update(Array)
#5 /Applications/MAMP/htdocs/icbt/app/Controllers/Roles.php(145): App\Models\Roles_Model->updateRoles(Array)
#6 /Applications/MAMP/htdocs/icbt/system/CodeIgniter.php(941): App\Controllers\Roles->update()
#7 /Applications/MAMP/htdocs/icbt/system/CodeIgniter.php(502): CodeIgniter\CodeIgniter->runController(Object(App\Controllers\Roles))
#8 /Applications/MAMP/htdocs/icbt/system/CodeIgniter.php(361): CodeIgniter\CodeIgniter->handleRequest(NULL, Object(Config\Cache), false)
#9 /Applications/MAMP/htdocs/icbt/public/index.php(79): CodeIgniter\CodeIgniter->run()
#10 {main}
INFO - 2024-03-05 13:34:12 --> Session: Class initialized using 'CodeIgniter\Session\Handlers\FileHandler' driver.
ERROR - 2024-03-05 13:34:12 --> mysqli_sql_exception: Unknown column 'description' in 'field list' in /Applications/MAMP/htdocs/icbt/system/Database/MySQLi/Connection.php:306
Stack trace:
#0 /Applications/MAMP/htdocs/icbt/system/Database/MySQLi/Connection.php(306): mysqli->query('UPDATE `users` ...', 0)
#1 /Applications/MAMP/htdocs/icbt/system/Database/BaseConnection.php(693): CodeIgniter\Database\MySQLi\Connection->execute('UPDATE `users` ...')
#2 /Applications/MAMP/htdocs/icbt/system/Database/BaseConnection.php(607): CodeIgniter\Database\BaseConnection->simpleQuery('UPDATE `users` ...')
#3 /Applications/MAMP/htdocs/icbt/system/Database/BaseBuilder.php(2474): CodeIgniter\Database\BaseConnection->query('UPDATE `users` ...', Array, false)
#4 /Applications/MAMP/htdocs/icbt/app/Models/Roles_Model.php(138): CodeIgniter\Database\BaseBuilder->update(Array)
#5 /Applications/MAMP/htdocs/icbt/app/Controllers/Roles.php(145): App\Models\Roles_Model->updateRoles(Array)
#6 /Applications/MAMP/htdocs/icbt/system/CodeIgniter.php(941): App\Controllers\Roles->update()
#7 /Applications/MAMP/htdocs/icbt/system/CodeIgniter.php(502): CodeIgniter\CodeIgniter->runController(Object(App\Controllers\Roles))
#8 /Applications/MAMP/htdocs/icbt/system/CodeIgniter.php(361): CodeIgniter\CodeIgniter->handleRequest(NULL, Object(Config\Cache), false)
#9 /Applications/MAMP/htdocs/icbt/public/index.php(79): CodeIgniter\CodeIgniter->run()
#10 {main}
INFO - 2024-03-05 13:34:37 --> Session: Class initialized using 'CodeIgniter\Session\Handlers\FileHandler' driver.
INFO - 2024-03-05 13:34:37 --> Session: Class initialized using 'CodeIgniter\Session\Handlers\FileHandler' driver.
INFO - 2024-03-05 13:34:40 --> Session: Class initialized using 'CodeIgniter\Session\Handlers\FileHandler' driver.
INFO - 2024-03-05 13:34:42 --> Session: Class initialized using 'CodeIgniter\Session\Handlers\FileHandler' driver.
INFO - 2024-03-05 13:34:43 --> Session: Class initialized using 'CodeIgniter\Session\Handlers\FileHandler' driver.
INFO - 2024-03-05 13:34:45 --> Session: Class initialized using 'CodeIgniter\Session\Handlers\FileHandler' driver.
INFO - 2024-03-05 13:34:48 --> Session: Class initialized using 'CodeIgniter\Session\Handlers\FileHandler' driver.
INFO - 2024-03-05 13:34:48 --> Session: Class initialized using 'CodeIgniter\Session\Handlers\FileHandler' driver.
INFO - 2024-03-05 13:34:52 --> Session: Class initialized using 'CodeIgniter\Session\Handlers\FileHandler' driver.
INFO - 2024-03-05 13:34:53 --> Session: Class initialized using 'CodeIgniter\Session\Handlers\FileHandler' driver.
INFO - 2024-03-05 13:38:12 --> Session: Class initialized using 'CodeIgniter\Session\Handlers\FileHandler' driver.
INFO - 2024-03-05 13:38:13 --> Session: Class initialized using 'CodeIgniter\Session\Handlers\FileHandler' driver.
INFO - 2024-03-05 13:38:16 --> Session: Class initialized using 'CodeIgniter\Session\Handlers\FileHandler' driver.
INFO - 2024-03-05 13:38:19 --> Session: Class initialized using 'CodeIgniter\Session\Handlers\FileHandler' driver.
INFO - 2024-03-05 13:38:19 --> Session: Class initialized using 'CodeIgniter\Session\Handlers\FileHandler' driver.
INFO - 2024-03-05 13:38:21 --> Session: Class initialized using 'CodeIgniter\Session\Handlers\FileHandler' driver.
INFO - 2024-03-05 13:38:24 --> Session: Class initialized using 'CodeIgniter\Session\Handlers\FileHandler' driver.
INFO - 2024-03-05 13:38:24 --> Session: Class initialized using 'CodeIgniter\Session\Handlers\FileHandler' driver.
INFO - 2024-03-05 13:39:15 --> Session: Class initialized using 'CodeIgniter\Session\Handlers\FileHandler' driver.
INFO - 2024-03-05 13:39:16 --> Session: Class initialized using 'CodeIgniter\Session\Handlers\FileHandler' driver.
INFO - 2024-03-05 13:39:17 --> Session: Class initialized using 'CodeIgniter\Session\Handlers\FileHandler' driver.
INFO - 2024-03-05 13:39:20 --> Session: Class initialized using 'CodeIgniter\Session\Handlers\FileHandler' driver.
INFO - 2024-03-05 13:39:20 --> Session: Class initialized using 'CodeIgniter\Session\Handlers\FileHandler' driver.
INFO - 2024-03-05 13:39:21 --> Session: Class initialized using 'CodeIgniter\Session\Handlers\FileHandler' driver.
INFO - 2024-03-05 13:39:24 --> Session: Class initialized using 'CodeIgniter\Session\Handlers\FileHandler' driver.
INFO - 2024-03-05 13:39:25 --> Session: Class initialized using 'CodeIgniter\Session\Handlers\FileHandler' driver.
INFO - 2024-03-05 13:52:48 --> Session: Class initialized using 'CodeIgniter\Session\Handlers\FileHandler' driver.
INFO - 2024-03-05 13:52:48 --> Session: Class initialized using 'CodeIgniter\Session\Handlers\FileHandler' driver.
INFO - 2024-03-05 13:53:47 --> Session: Class initialized using 'CodeIgniter\Session\Handlers\FileHandler' driver.
INFO - 2024-03-05 13:53:47 --> Session: Class initialized using 'CodeIgniter\Session\Handlers\FileHandler' driver.
CRITICAL - 2024-03-05 13:53:47 --> CodeIgniter\Database\Exceptions\DatabaseException: You must set the database table to be used with your query.
in SYSTEMPATH/Database/BaseConnection.php on line 884.
 1 SYSTEMPATH/Model.php(662): CodeIgniter\Database\BaseConnection->table(null)
 2 SYSTEMPATH/Model.php(864): CodeIgniter\Model->builder()
 3 APPPATH/Controllers/Permission.php(53): CodeIgniter\Model->__call('getAllPermission', [...])
 4 SYSTEMPATH/CodeIgniter.php(941): App\Controllers\Permission->allPermissionData()
 5 SYSTEMPATH/CodeIgniter.php(502): CodeIgniter\CodeIgniter->runController(Object(App\Controllers\Permission))
 6 SYSTEMPATH/CodeIgniter.php(361): CodeIgniter\CodeIgniter->handleRequest(null, Object(Config\Cache), false)
 7 FCPATH/index.php(79): CodeIgniter\CodeIgniter->run()
INFO - 2024-03-05 13:56:52 --> Session: Class initialized using 'CodeIgniter\Session\Handlers\FileHandler' driver.
INFO - 2024-03-05 13:56:52 --> Session: Class initialized using 'CodeIgniter\Session\Handlers\FileHandler' driver.
INFO - 2024-03-05 13:58:36 --> Session: Class initialized using 'CodeIgniter\Session\Handlers\FileHandler' driver.
INFO - 2024-03-05 13:58:37 --> Session: Class initialized using 'CodeIgniter\Session\Handlers\FileHandler' driver.
INFO - 2024-03-05 14:00:14 --> Session: Class initialized using 'CodeIgniter\Session\Handlers\FileHandler' driver.
INFO - 2024-03-05 14:00:15 --> Session: Class initialized using 'CodeIgniter\Session\Handlers\FileHandler' driver.
INFO - 2024-03-05 14:01:06 --> Session: Class initialized using 'CodeIgniter\Session\Handlers\FileHandler' driver.
INFO - 2024-03-05 14:01:06 --> Session: Class initialized using 'CodeIgniter\Session\Handlers\FileHandler' driver.
INFO - 2024-03-05 14:01:08 --> Session: Class initialized using 'CodeIgniter\Session\Handlers\FileHandler' driver.
INFO - 2024-03-05 14:01:13 --> Session: Class initialized using 'CodeIgniter\Session\Handlers\FileHandler' driver.
CRITICAL - 2024-03-05 14:01:13 --> Error: Call to undefined method CodeIgniter\Database\MySQLi\Connection::where()
in APPPATH/Models/Permissions_Model.php on line 138.
 1 APPPATH/Controllers/Permission.php(132): App\Models\Permissions_Model->updatePermission([...])
 2 SYSTEMPATH/CodeIgniter.php(941): App\Controllers\Permission->update()
 3 SYSTEMPATH/CodeIgniter.php(502): CodeIgniter\CodeIgniter->runController(Object(App\Controllers\Permission))
 4 SYSTEMPATH/CodeIgniter.php(361): CodeIgniter\CodeIgniter->handleRequest(null, Object(Config\Cache), false)
 5 FCPATH/index.php(79): CodeIgniter\CodeIgniter->run()
INFO - 2024-03-05 14:02:41 --> Session: Class initialized using 'CodeIgniter\Session\Handlers\FileHandler' driver.
INFO - 2024-03-05 14:02:41 --> Session: Class initialized using 'CodeIgniter\Session\Handlers\FileHandler' driver.
INFO - 2024-03-05 14:02:43 --> Session: Class initialized using 'CodeIgniter\Session\Handlers\FileHandler' driver.
INFO - 2024-03-05 14:02:54 --> Session: Class initialized using 'CodeIgniter\Session\Handlers\FileHandler' driver.
INFO - 2024-03-05 14:02:54 --> Session: Class initialized using 'CodeIgniter\Session\Handlers\FileHandler' driver.
INFO - 2024-03-05 14:04:30 --> Session: Class initialized using 'CodeIgniter\Session\Handlers\FileHandler' driver.
INFO - 2024-03-05 14:04:31 --> Session: Class initialized using 'CodeIgniter\Session\Handlers\FileHandler' driver.
INFO - 2024-03-05 14:04:45 --> Session: Class initialized using 'CodeIgniter\Session\Handlers\FileHandler' driver.
INFO - 2024-03-05 14:04:45 --> Session: Class initialized using 'CodeIgniter\Session\Handlers\FileHandler' driver.
INFO - 2024-03-05 14:04:49 --> Session: Class initialized using 'CodeIgniter\Session\Handlers\FileHandler' driver.
INFO - 2024-03-05 14:04:49 --> Session: Class initialized using 'CodeIgniter\Session\Handlers\FileHandler' driver.
INFO - 2024-03-05 14:12:53 --> Session: Class initialized using 'CodeIgniter\Session\Handlers\FileHandler' driver.
CRITICAL - 2024-03-05 14:12:53 --> ErrorException: Undefined property: App\Controllers\Permission::$role_permission
in APPPATH/Controllers/Permission.php on line 191.
 1 APPPATH/Controllers/Permission.php(191): CodeIgniter\Debug\Exceptions->errorHandler(2, 'Undefined property: App\\Controllers\\Permission::$role_permission', '/Applications/MAMP/htdocs/icbt/app/Controllers/Permission.php', 191)
 2 SYSTEMPATH/CodeIgniter.php(941): App\Controllers\Permission->assignPermissionToRole()
 3 SYSTEMPATH/CodeIgniter.php(502): CodeIgniter\CodeIgniter->runController(Object(App\Controllers\Permission))
 4 SYSTEMPATH/CodeIgniter.php(361): CodeIgniter\CodeIgniter->handleRequest(null, Object(Config\Cache), false)
 5 FCPATH/index.php(79): CodeIgniter\CodeIgniter->run()
INFO - 2024-03-05 14:13:13 --> Session: Class initialized using 'CodeIgniter\Session\Handlers\FileHandler' driver.
INFO - 2024-03-05 14:13:38 --> Session: Class initialized using 'CodeIgniter\Session\Handlers\FileHandler' driver.
INFO - 2024-03-05 14:13:39 --> Session: Class initialized using 'CodeIgniter\Session\Handlers\FileHandler' driver.
INFO - 2024-03-05 14:13:47 --> Session: Class initialized using 'CodeIgniter\Session\Handlers\FileHandler' driver.
CRITICAL - 2024-03-05 14:13:47 --> ErrorException: Undefined property: App\Controllers\Permission::$rolesModel
in APPPATH/Controllers/Permission.php on line 197.
 1 APPPATH/Controllers/Permission.php(197): CodeIgniter\Debug\Exceptions->errorHandler(2, 'Undefined property: App\\Controllers\\Permission::$rolesModel', '/Applications/MAMP/htdocs/icbt/app/Controllers/Permission.php', 197)
 2 SYSTEMPATH/CodeIgniter.php(941): App\Controllers\Permission->assignPermissionToRole()
 3 SYSTEMPATH/CodeIgniter.php(502): CodeIgniter\CodeIgniter->runController(Object(App\Controllers\Permission))
 4 SYSTEMPATH/CodeIgniter.php(361): CodeIgniter\CodeIgniter->handleRequest(null, Object(Config\Cache), false)
 5 FCPATH/index.php(79): CodeIgniter\CodeIgniter->run()
INFO - 2024-03-05 14:14:43 --> Session: Class initialized using 'CodeIgniter\Session\Handlers\FileHandler' driver.
CRITICAL - 2024-03-05 14:14:43 --> CodeIgniter\Database\Exceptions\DatabaseException: You must set the database table to be used with your query.
in SYSTEMPATH/Database/BaseConnection.php on line 884.
 1 SYSTEMPATH/Model.php(662): CodeIgniter\Database\BaseConnection->table(null)
 2 SYSTEMPATH/Model.php(235): CodeIgniter\Model->builder()
 3 SYSTEMPATH/BaseModel.php(638): CodeIgniter\Model->doFindAll(0, 0)
 4 APPPATH/Controllers/Permission.php(200): CodeIgniter\BaseModel->findAll()
 5 SYSTEMPATH/CodeIgniter.php(941): App\Controllers\Permission->assignPermissionToRole()
 6 SYSTEMPATH/CodeIgniter.php(502): CodeIgniter\CodeIgniter->runController(Object(App\Controllers\Permission))
 7 SYSTEMPATH/CodeIgniter.php(361): CodeIgniter\CodeIgniter->handleRequest(null, Object(Config\Cache), false)
 8 FCPATH/index.php(79): CodeIgniter\CodeIgniter->run()
INFO - 2024-03-05 14:17:21 --> Session: Class initialized using 'CodeIgniter\Session\Handlers\FileHandler' driver.
CRITICAL - 2024-03-05 14:17:21 --> ErrorException: Undefined property: App\Controllers\Permission::$permissionsModel
in APPPATH/Controllers/Permission.php on line 201.
 1 APPPATH/Controllers/Permission.php(201): CodeIgniter\Debug\Exceptions->errorHandler(2, 'Undefined property: App\\Controllers\\Permission::$permissionsModel', '/Applications/MAMP/htdocs/icbt/app/Controllers/Permission.php', 201)
 2 SYSTEMPATH/CodeIgniter.php(941): App\Controllers\Permission->assignPermissionToRole()
 3 SYSTEMPATH/CodeIgniter.php(502): CodeIgniter\CodeIgniter->runController(Object(App\Controllers\Permission))
 4 SYSTEMPATH/CodeIgniter.php(361): CodeIgniter\CodeIgniter->handleRequest(null, Object(Config\Cache), false)
 5 FCPATH/index.php(79): CodeIgniter\CodeIgniter->run()
INFO - 2024-03-05 14:17:36 --> Session: Class initialized using 'CodeIgniter\Session\Handlers\FileHandler' driver.
INFO - 2024-03-05 14:18:05 --> Session: Class initialized using 'CodeIgniter\Session\Handlers\FileHandler' driver.
INFO - 2024-03-05 14:19:20 --> Session: Class initialized using 'CodeIgniter\Session\Handlers\FileHandler' driver.
INFO - 2024-03-05 14:20:03 --> Session: Class initialized using 'CodeIgniter\Session\Handlers\FileHandler' driver.
INFO - 2024-03-05 14:20:06 --> Session: Class initialized using 'CodeIgniter\Session\Handlers\FileHandler' driver.
INFO - 2024-03-05 14:20:50 --> Session: Class initialized using 'CodeIgniter\Session\Handlers\FileHandler' driver.
INFO - 2024-03-05 14:20:52 --> Session: Class initialized using 'CodeIgniter\Session\Handlers\FileHandler' driver.
INFO - 2024-03-05 14:20:55 --> Session: Class initialized using 'CodeIgniter\Session\Handlers\FileHandler' driver.
INFO - 2024-03-05 14:21:00 --> Session: Class initialized using 'CodeIgniter\Session\Handlers\FileHandler' driver.
INFO - 2024-03-05 14:21:00 --> Session: Class initialized using 'CodeIgniter\Session\Handlers\FileHandler' driver.
INFO - 2024-03-05 14:21:06 --> Session: Class initialized using 'CodeIgniter\Session\Handlers\FileHandler' driver.
INFO - 2024-03-05 14:21:07 --> Session: Class initialized using 'CodeIgniter\Session\Handlers\FileHandler' driver.
INFO - 2024-03-05 14:21:10 --> Session: Class initialized using 'CodeIgniter\Session\Handlers\FileHandler' driver.
INFO - 2024-03-05 14:21:13 --> Session: Class initialized using 'CodeIgniter\Session\Handlers\FileHandler' driver.
INFO - 2024-03-05 14:21:13 --> Session: Class initialized using 'CodeIgniter\Session\Handlers\FileHandler' driver.
INFO - 2024-03-05 14:21:17 --> Session: Class initialized using 'CodeIgniter\Session\Handlers\FileHandler' driver.
INFO - 2024-03-05 14:21:19 --> Session: Class initialized using 'CodeIgniter\Session\Handlers\FileHandler' driver.
INFO - 2024-03-05 14:22:15 --> Session: Class initialized using 'CodeIgniter\Session\Handlers\FileHandler' driver.
INFO - 2024-03-05 14:22:20 --> Session: Class initialized using 'CodeIgniter\Session\Handlers\FileHandler' driver.
INFO - 2024-03-05 14:22:20 --> Session: Class initialized using 'CodeIgniter\Session\Handlers\FileHandler' driver.
INFO - 2024-03-05 14:22:21 --> Session: Class initialized using 'CodeIgniter\Session\Handlers\FileHandler' driver.
INFO - 2024-03-05 14:22:22 --> Session: Class initialized using 'CodeIgniter\Session\Handlers\FileHandler' driver.
INFO - 2024-03-05 14:24:15 --> Session: Class initialized using 'CodeIgniter\Session\Handlers\FileHandler' driver.
INFO - 2024-03-05 14:24:15 --> Session: Class initialized using 'CodeIgniter\Session\Handlers\FileHandler' driver.
INFO - 2024-03-05 14:24:43 --> Session: Class initialized using 'CodeIgniter\Session\Handlers\FileHandler' driver.
INFO - 2024-03-05 14:24:43 --> Session: Class initialized using 'CodeIgniter\Session\Handlers\FileHandler' driver.
